#
# There is insufficient memory for the Java Runtime Environment to continue.
# Native memory allocation (malloc) failed to allocate 1048576 bytes for AllocateHeap
# Possible reasons:
#   The system is out of physical RAM or swap space
#   The process is running with CompressedOops enabled, and the Java Heap may be blocking the growth of the native heap
# Possible solutions:
#   Reduce memory load on the system
#   Increase physical memory or swap space
#   Check if swap backing store is full
#   Decrease Java heap size (-Xmx/-Xms)
#   Decrease number of Java threads
#   Decrease Java thread stack sizes (-Xss)
#   Set larger code cache with -XX:ReservedCodeCacheSize=
#   JVM is running with Unscaled Compressed Oops mode in which the Java heap is
#     placed in the first 4GB address space. The Java Heap base address is the
#     maximum limit for the native heap growth. Please use -XX:HeapBaseMinAddress
#     to set the Java Heap base and to place the Java Heap above 4GB virtual address.
# This output file may be truncated or incomplete.
#
#  Out of Memory Error (allocation.cpp:44), pid=2940, tid=11964
#
# JRE version: OpenJDK Runtime Environment Temurin-17.0.7+7 (17.0.7+7) (build 17.0.7+7)
# Java VM: OpenJDK 64-Bit Server VM Temurin-17.0.7+7 (17.0.7+7, mixed mode, emulated-client, tiered, compressed oops, compressed class ptrs, g1 gc, windows-amd64)
# No core dump will be written. Minidumps are not enabled by default on client versions of Windows
#

---------------  S U M M A R Y ------------

Command Line: -XX:+HeapDumpOnOutOfMemoryError -Xmx1024m -Dsts.lsp.client=vscode -Dsts.log.file=/dev/null -XX:TieredStopAtLevel=1 -Xlog:jni+resolve=off -Dspring.config.location=file:c:\Users\enry_\.vscode\extensions\vmware.vscode-spring-boot-1.45.0\language-server\BOOT-INF\classes\application.properties org.springframework.ide.vscode.boot.app.BootLanguageServerBootApp

Host: Intel(R) Core(TM) i5-4210U CPU @ 1.70GHz, 4 cores, 3G,  Windows 10 , 64 bit Build 19041 (10.0.19041.2788)
Time: Tue May  2 16:37:39 2023 ora legale Europa occidentale elapsed time: 88.241335 seconds (0d 0h 1m 28s)

---------------  T H R E A D  ---------------

Current thread (0x000001aa8a60e8e0):  VMThread "VM Thread" [stack: 0x0000000100b00000,0x0000000100c00000] [id=11964]

Stack: [0x0000000100b00000,0x0000000100c00000]
Native frames: (J=compiled Java code, j=interpreted, Vv=VM code, C=native code)
V  [jvm.dll+0x67754a]
V  [jvm.dll+0x834304]
V  [jvm.dll+0x835aae]
V  [jvm.dll+0x836113]
V  [jvm.dll+0x24696f]
V  [jvm.dll+0xa681f]
V  [jvm.dll+0x2f73f3]
V  [jvm.dll+0x2f30f0]
V  [jvm.dll+0x2db6c7]
V  [jvm.dll+0x31e777]
V  [jvm.dll+0x83a5bb]
V  [jvm.dll+0x83b2f4]
V  [jvm.dll+0x83b80c]
V  [jvm.dll+0x83bbe4]
V  [jvm.dll+0x83bcb0]
V  [jvm.dll+0x7e4e7a]
V  [jvm.dll+0x676395]
C  [ucrtbase.dll+0x21bb2]
C  [KERNEL32.DLL+0x17604]
C  [ntdll.dll+0x526a1]

VM_Operation (0x0000000101dfef00): G1CollectFull, mode: safepoint, requested by thread 0x000001aad9f83870


---------------  P R O C E S S  ---------------

Threads class SMR info:
_java_thread_list=0x000001aada3b3370, length=18, elements={
0x000001aa94a6a4f0, 0x000001aa94a88240, 0x000001aa94ab5790, 0x000001aa94ab6600,
0x000001aa94ab9fd0, 0x000001aa94aba980, 0x000001aa94abb330, 0x000001aa94ae34a0,
0x000001aad91c1cc0, 0x000001aad91cd600, 0x000001aada3517c0, 0x000001aad9f8ffa0,
0x000001aad9f83870, 0x000001aada3661d0, 0x000001aa8a548d90, 0x000001aad9ee5570,
0x000001aada425740, 0x000001aada42b880
}

Java Threads: ( => current thread )
  0x000001aa94a6a4f0 JavaThread "Reference Handler" daemon [_thread_blocked, id=2160, stack(0x0000000100c00000,0x0000000100d00000)]
  0x000001aa94a88240 JavaThread "Finalizer" daemon [_thread_blocked, id=236, stack(0x0000000100d00000,0x0000000100e00000)]
  0x000001aa94ab5790 JavaThread "Signal Dispatcher" daemon [_thread_blocked, id=13944, stack(0x0000000100e00000,0x0000000100f00000)]
  0x000001aa94ab6600 JavaThread "Attach Listener" daemon [_thread_blocked, id=13324, stack(0x0000000100f00000,0x0000000101000000)]
  0x000001aa94ab9fd0 JavaThread "Service Thread" daemon [_thread_blocked, id=13840, stack(0x0000000101000000,0x0000000101100000)]
  0x000001aa94aba980 JavaThread "Monitor Deflation Thread" daemon [_thread_blocked, id=14228, stack(0x0000000101100000,0x0000000101200000)]
  0x000001aa94abb330 JavaThread "C1 CompilerThread0" daemon [_thread_blocked, id=488, stack(0x0000000101200000,0x0000000101300000)]
  0x000001aa94ae34a0 JavaThread "Sweeper thread" daemon [_thread_blocked, id=7484, stack(0x0000000101300000,0x0000000101400000)]
  0x000001aad91c1cc0 JavaThread "Notification Thread" daemon [_thread_blocked, id=10384, stack(0x0000000101500000,0x0000000101600000)]
  0x000001aad91cd600 JavaThread "Common-Cleaner" daemon [_thread_blocked, id=8876, stack(0x0000000101700000,0x0000000101800000)]
  0x000001aada3517c0 JavaThread "boundedElastic-evictor-1" daemon [_thread_blocked, id=12152, stack(0x0000000101b00000,0x0000000101c00000)]
  0x000001aad9f8ffa0 JavaThread "boundedElastic-evictor-2" daemon [_thread_blocked, id=3188, stack(0x0000000101c00000,0x0000000101d00000)]
  0x000001aad9f83870 JavaThread "pool-10-thread-1" [_thread_blocked, id=15884, stack(0x0000000101d00000,0x0000000101e00000)]
  0x000001aada3661d0 JavaThread "LanguageServerApp-lifecycle" [_thread_blocked, id=888, stack(0x0000000101e00000,0x0000000101f00000)]
  0x000001aa8a548d90 JavaThread "DestroyJavaVM" [_thread_blocked, id=11924, stack(0x0000000100500000,0x0000000100600000)]
  0x000001aad9ee5570 JavaThread "pool-11-thread-1" [_thread_in_native, id=8788, stack(0x0000000101f00000,0x0000000102000000)]
  0x000001aada425740 JavaThread "Simple-Language-Server main thread" daemon [_thread_blocked, id=15992, stack(0x0000000102000000,0x0000000102100000)]
  0x000001aada42b880 JavaThread "pool-6-thread-1" [_thread_blocked, id=14004, stack(0x0000000102100000,0x0000000102200000)]

Other Threads:
=>0x000001aa8a60e8e0 VMThread "VM Thread" [stack: 0x0000000100b00000,0x0000000100c00000] [id=11964]
  0x000001aad91c2190 WatcherThread [stack: 0x0000000101600000,0x0000000101700000] [id=11648]
  0x000001aa8a586a20 GCTaskThread "GC Thread#0" [stack: 0x0000000100600000,0x0000000100700000] [id=13948]
  0x000001aad97e7260 GCTaskThread "GC Thread#1" [stack: 0x0000000101800000,0x0000000101900000] [id=11220]
  0x000001aad98ef780 GCTaskThread "GC Thread#2" [stack: 0x0000000101900000,0x0000000101a00000] [id=10944]
  0x000001aad9abb2a0 GCTaskThread "GC Thread#3" [stack: 0x0000000101a00000,0x0000000101b00000] [id=10536]
  0x000001aa8a58f960 ConcurrentGCThread "G1 Main Marker" [stack: 0x0000000100700000,0x0000000100800000] [id=892]
  0x000001aa8a590370 ConcurrentGCThread "G1 Conc#0" [stack: 0x0000000100800000,0x0000000100900000] [id=13960]
  0x000001aa8a5cd5c0 ConcurrentGCThread "G1 Refine#0" [stack: 0x0000000100900000,0x0000000100a00000] [id=15460]
  0x000001aa8a5cdfe0 ConcurrentGCThread "G1 Service" [stack: 0x0000000100a00000,0x0000000100b00000] [id=16168]

Threads with active compile tasks:
C1 CompilerThread0    88304 3201  s!   1       java.io.FileDescriptor::closeAll (163 bytes)

VM state: at safepoint (normal execution)

VM Mutex/Monitor currently owned by a thread:  ([mutex/lock_event])
[0x000001aa88349c30] Threads_lock - owner thread: 0x000001aa8a60e8e0
[0x000001aa8a546450] Heap_lock - owner thread: 0x000001aad9f83870

Heap address: 0x00000000c0000000, size: 1024 MB, Compressed Oops mode: 32-bit

CDS archive(s) not mapped
Compressed class space mapped at: 0x000001aa95000000-0x000001aad5000000, reserved size: 1073741824
Narrow klass base: 0x000001aa95000000, Narrow klass shift: 0, Narrow klass range: 0x40000000

GC Precious Log:
 CPUs: 4 total, 4 available
 Memory: 3961M
 Large Page Support: Disabled
 NUMA Support: Disabled
 Compressed Oops: Enabled (32-bit)
 Heap Region Size: 1M
 Heap Min Capacity: 8M
 Heap Initial Capacity: 62M
 Heap Max Capacity: 1G
 Pre-touch: Disabled
 Parallel Workers: 4
 Concurrent Workers: 1
 Concurrent Refinement Workers: 4
 Periodic GC: Disabled

Heap:
 garbage-first heap   total 48128K, used 14086K [0x00000000c0000000, 0x0000000100000000)
  region size 1024K, 1 young (1024K), 0 survivors (0K)
 Metaspace       used 34427K, committed 34944K, reserved 1114112K
  class space    used 4459K, committed 4672K, reserved 1048576K

Heap Regions: E=young(eden), S=young(survivor), O=old, HS=humongous(starts), HC=humongous(continues), CS=collection set, F=free, OA=open archive, CA=closed archive, TAMS=top-at-mark-start (previous, next)
|   0|0x00000000c0000000, 0x00000000c0100000, 0x00000000c0100000|100%| O|  |TAMS 0x00000000c0100000, 0x00000000c0000000| Untracked 
|   1|0x00000000c0100000, 0x00000000c01f2040, 0x00000000c0200000| 94%| O|  |TAMS 0x00000000c0100000, 0x00000000c0100000| Untracked 
|   2|0x00000000c0200000, 0x00000000c02f88a0, 0x00000000c0300000| 97%| O|  |TAMS 0x00000000c02f88a0, 0x00000000c0200000| Untracked 
|   3|0x00000000c0300000, 0x00000000c0400000, 0x00000000c0400000|100%| O|  |TAMS 0x00000000c0400000, 0x00000000c0300000| Untracked 
|   4|0x00000000c0400000, 0x00000000c04fffb8, 0x00000000c0500000| 99%| O|  |TAMS 0x00000000c0400000, 0x00000000c0400000| Untracked 
|   5|0x00000000c0500000, 0x00000000c05f5e38, 0x00000000c0600000| 96%| O|  |TAMS 0x00000000c05f5e38, 0x00000000c0500000| Untracked 
|   6|0x00000000c0600000, 0x00000000c06ffff8, 0x00000000c0700000| 99%| O|  |TAMS 0x00000000c0600000, 0x00000000c0600000| Untracked 
|   7|0x00000000c0700000, 0x00000000c07ffff8, 0x00000000c0800000| 99%| O|  |TAMS 0x00000000c0700000, 0x00000000c0700000| Untracked 
|   8|0x00000000c0800000, 0x00000000c08fffe8, 0x00000000c0900000| 99%| O|  |TAMS 0x00000000c0800000, 0x00000000c0800000| Untracked 
|   9|0x00000000c0900000, 0x00000000c09ffff8, 0x00000000c0a00000| 99%| O|  |TAMS 0x00000000c0900000, 0x00000000c0900000| Untracked 
|  10|0x00000000c0a00000, 0x00000000c0afffd0, 0x00000000c0b00000| 99%| O|  |TAMS 0x00000000c0a00000, 0x00000000c0a00000| Untracked 
|  11|0x00000000c0b00000, 0x00000000c0c00000, 0x00000000c0c00000|100%| O|  |TAMS 0x00000000c0b00000, 0x00000000c0b00000| Untracked 
|  12|0x00000000c0c00000, 0x00000000c0c534f0, 0x00000000c0d00000| 32%| O|  |TAMS 0x00000000c0c00000, 0x00000000c0c00000| Untracked 
|  13|0x00000000c0d00000, 0x00000000c0e00000, 0x00000000c0e00000|100%| O|  |TAMS 0x00000000c0d00000, 0x00000000c0d00000| Untracked 
|  14|0x00000000c0e00000, 0x00000000c0e8e038, 0x00000000c0f00000| 55%| O|  |TAMS 0x00000000c0e00000, 0x00000000c0e00000| Untracked 
|  15|0x00000000c0f00000, 0x00000000c0f00000, 0x00000000c1000000|  0%| F|  |TAMS 0x00000000c0f00000, 0x00000000c0f00000| Untracked 
|  16|0x00000000c1000000, 0x00000000c1000000, 0x00000000c1100000|  0%| F|  |TAMS 0x00000000c1000000, 0x00000000c1000000| Untracked 
|  17|0x00000000c1100000, 0x00000000c1100000, 0x00000000c1200000|  0%| F|  |TAMS 0x00000000c1100000, 0x00000000c1100000| Untracked 
|  18|0x00000000c1200000, 0x00000000c1200000, 0x00000000c1300000|  0%| F|  |TAMS 0x00000000c1200000, 0x00000000c1200000| Untracked 
|  19|0x00000000c1300000, 0x00000000c1300000, 0x00000000c1400000|  0%| F|  |TAMS 0x00000000c1300000, 0x00000000c1300000| Untracked 
|  20|0x00000000c1400000, 0x00000000c1400000, 0x00000000c1500000|  0%| F|  |TAMS 0x00000000c1400000, 0x00000000c1400000| Untracked 
|  21|0x00000000c1500000, 0x00000000c1500000, 0x00000000c1600000|  0%| F|  |TAMS 0x00000000c1500000, 0x00000000c1500000| Untracked 
|  22|0x00000000c1600000, 0x00000000c1600000, 0x00000000c1700000|  0%| F|  |TAMS 0x00000000c1600000, 0x00000000c1600000| Untracked 
|  23|0x00000000c1700000, 0x00000000c1700000, 0x00000000c1800000|  0%| F|  |TAMS 0x00000000c1700000, 0x00000000c1700000| Untracked 
|  24|0x00000000c1800000, 0x00000000c1800000, 0x00000000c1900000|  0%| F|  |TAMS 0x00000000c1800000, 0x00000000c1800000| Untracked 
|  25|0x00000000c1900000, 0x00000000c1900000, 0x00000000c1a00000|  0%| F|  |TAMS 0x00000000c1900000, 0x00000000c1900000| Untracked 
|  26|0x00000000c1a00000, 0x00000000c1a00000, 0x00000000c1b00000|  0%| F|  |TAMS 0x00000000c1a00000, 0x00000000c1a00000| Untracked 
|  27|0x00000000c1b00000, 0x00000000c1b00000, 0x00000000c1c00000|  0%| F|  |TAMS 0x00000000c1b00000, 0x00000000c1b00000| Untracked 
|  28|0x00000000c1c00000, 0x00000000c1c00000, 0x00000000c1d00000|  0%| F|  |TAMS 0x00000000c1c00000, 0x00000000c1c00000| Untracked 
|  29|0x00000000c1d00000, 0x00000000c1d00000, 0x00000000c1e00000|  0%| F|  |TAMS 0x00000000c1d00000, 0x00000000c1d00000| Untracked 
|  30|0x00000000c1e00000, 0x00000000c1e00000, 0x00000000c1f00000|  0%| F|  |TAMS 0x00000000c1e00000, 0x00000000c1e00000| Untracked 
|  31|0x00000000c1f00000, 0x00000000c1f00000, 0x00000000c2000000|  0%| F|  |TAMS 0x00000000c1f00000, 0x00000000c1f00000| Untracked 
|  32|0x00000000c2000000, 0x00000000c2000000, 0x00000000c2100000|  0%| F|  |TAMS 0x00000000c2000000, 0x00000000c2000000| Untracked 
|  33|0x00000000c2100000, 0x00000000c2100000, 0x00000000c2200000|  0%| F|  |TAMS 0x00000000c2100000, 0x00000000c2100000| Untracked 
|  34|0x00000000c2200000, 0x00000000c2200000, 0x00000000c2300000|  0%| F|  |TAMS 0x00000000c2200000, 0x00000000c2200000| Untracked 
|  35|0x00000000c2300000, 0x00000000c2300000, 0x00000000c2400000|  0%| F|  |TAMS 0x00000000c2300000, 0x00000000c2300000| Untracked 
|  36|0x00000000c2400000, 0x00000000c2400000, 0x00000000c2500000|  0%| F|  |TAMS 0x00000000c2400000, 0x00000000c2400000| Untracked 
|  37|0x00000000c2500000, 0x00000000c2500000, 0x00000000c2600000|  0%| F|  |TAMS 0x00000000c2500000, 0x00000000c2500000| Untracked 
|  38|0x00000000c2600000, 0x00000000c2600000, 0x00000000c2700000|  0%| F|  |TAMS 0x00000000c2600000, 0x00000000c2600000| Untracked 
|  39|0x00000000c2700000, 0x00000000c2700000, 0x00000000c2800000|  0%| F|  |TAMS 0x00000000c2700000, 0x00000000c2700000| Untracked 
|  40|0x00000000c2800000, 0x00000000c2800000, 0x00000000c2900000|  0%| F|  |TAMS 0x00000000c2800000, 0x00000000c2800000| Untracked 
|  41|0x00000000c2900000, 0x00000000c2900000, 0x00000000c2a00000|  0%| F|  |TAMS 0x00000000c2900000, 0x00000000c2900000| Untracked 
|  42|0x00000000c2a00000, 0x00000000c2a00000, 0x00000000c2b00000|  0%| F|  |TAMS 0x00000000c2a00000, 0x00000000c2a00000| Untracked 
|  43|0x00000000c2b00000, 0x00000000c2b00000, 0x00000000c2c00000|  0%| F|  |TAMS 0x00000000c2b00000, 0x00000000c2b00000| Untracked 
|  44|0x00000000c2c00000, 0x00000000c2c00000, 0x00000000c2d00000|  0%| F|  |TAMS 0x00000000c2c00000, 0x00000000c2c00000| Untracked 
|  57|0x00000000c3900000, 0x00000000c3900000, 0x00000000c3a00000|  0%| F|  |TAMS 0x00000000c3900000, 0x00000000c3900000| Untracked 
|  61|0x00000000c3d00000, 0x00000000c3d30a70, 0x00000000c3e00000| 19%| E|  |TAMS 0x00000000c3d00000, 0x00000000c3d00000| Complete 

Card table byte_map: [0x000001aa901d0000,0x000001aa903d0000] _byte_map_base: 0x000001aa8fbd0000

Marking Bits (Prev, Next): (CMBitMap*) 0x000001aa8a587070, (CMBitMap*) 0x000001aa8a587030
 Prev Bits: [0x000001aa915d0000, 0x000001aa925d0000)
 Next Bits: [0x000001aa905d0000, 0x000001aa915d0000)

Polling page: 0x000001aa884a0000

Metaspace:

Usage:
  Non-class:     29.27 MB used.
      Class:      4.35 MB used.
       Both:     33.62 MB used.

Virtual space:
  Non-class space:       64.00 MB reserved,      29.56 MB ( 46%) committed,  1 nodes.
      Class space:        1.00 GB reserved,       4.56 MB ( <1%) committed,  1 nodes.
             Both:        1.06 GB reserved,      34.12 MB (  3%) committed. 

Chunk freelists:
   Non-Class:  2.58 MB
       Class:  11.37 MB
        Both:  13.95 MB

MaxMetaspaceSize: unlimited
CompressedClassSpaceSize: 1.00 GB
Initial GC threshold: 21.00 MB
Current GC threshold: 56.88 MB
CDS: off
MetaspaceReclaimPolicy: balanced
 - commit_granule_bytes: 65536.
 - commit_granule_words: 8192.
 - virtual_space_node_default_size: 8388608.
 - enlarge_chunks_in_place: 1.
 - new_chunks_are_fully_committed: 0.
 - uncommit_free_chunks: 1.
 - use_allocation_guard: 0.
 - handle_deallocations: 1.


Internal statistics:

num_allocs_failed_limit: 3.
num_arena_births: 436.
num_arena_deaths: 120.
num_vsnodes_births: 2.
num_vsnodes_deaths: 0.
num_space_committed: 546.
num_space_uncommitted: 0.
num_chunks_returned_to_freelist: 139.
num_chunks_taken_from_freelist: 1440.
num_chunk_merges: 44.
num_chunk_splits: 983.
num_chunks_enlarged: 731.
num_inconsistent_stats: 0.

CodeCache: size=49152Kb used=6143Kb max_used=6703Kb free=43009Kb
 bounds [0x000001aa8d1d0000, 0x000001aa8d860000, 0x000001aa901d0000]
 total_blobs=3728 nmethods=3197 adapters=458
 compilation: enabled
              stopped_count=0, restarted_count=0
 full_count=0

Compilation events (20 events):
Event: 21.505 Thread 0x000001aad91bb780 nmethod 3188 0x000001aa8d858010 code [0x000001aa8d858220, 0x000001aa8d858878]
Event: 21.507 Thread 0x000001aad91bb780 3190       1       javolution.text.Text::getChars (140 bytes)
Event: 21.507 Thread 0x000001aa94abb330 3191       1       org.springframework.ide.vscode.commons.util.text.linetracker.AbstractLineTracker$1::nextDelimiterInfo (10 bytes)
Event: 21.508 Thread 0x000001aa94abb330 nmethod 3191 0x000001aa8d858d10 code [0x000001aa8d858ea0, 0x000001aa8d858f88]
Event: 21.508 Thread 0x000001aad91bb780 nmethod 3190 0x000001aa8d859090 code [0x000001aa8d859280, 0x000001aa8d859678]
Event: 21.508 Thread 0x000001aa94abb330 3192       1       org.springframework.ide.vscode.commons.util.text.linetracker.Line::<init> (24 bytes)
Event: 21.508 Thread 0x000001aa94abb330 nmethod 3192 0x000001aa8d859810 code [0x000001aa8d8599a0, 0x000001aa8d859ab8]
Event: 21.511 Thread 0x000001aad91bb780 3193       1       java.lang.invoke.LambdaForm$MH/0x000001aa95131000::invoke (25 bytes)
Event: 21.511 Thread 0x000001aad91bb780 nmethod 3193 0x000001aa8d859b10 code [0x000001aa8d859cc0, 0x000001aa8d859e38]
Event: 21.515 Thread 0x000001aad91bb780 3194       1       java.lang.invoke.LambdaFormEditor$TransformKey::packedBytes (75 bytes)
Event: 21.516 Thread 0x000001aad91bb780 nmethod 3194 0x000001aa8d859f10 code [0x000001aa8d85a0c0, 0x000001aa8d85a2b8]
Event: 21.548 Thread 0x000001aad91bb780 3195       1       java.net.URI$Parser::scan (76 bytes)
Event: 21.549 Thread 0x000001aad91bb780 nmethod 3195 0x000001aa8d85a410 code [0x000001aa8d85a5e0, 0x000001aa8d85a938]
Event: 21.552 Thread 0x000001aa94abb330 3196       1       java.lang.reflect.Field::set (30 bytes)
Event: 21.553 Thread 0x000001aa94abb330 nmethod 3196 0x000001aa8d85ac10 code [0x000001aa8d85ade0, 0x000001aa8d85afd8]
Event: 21.555 Thread 0x000001aa94abb330 3197       1       com.google.gson.stream.JsonReader::nextName (116 bytes)
Event: 21.556 Thread 0x000001aa94abb330 nmethod 3197 0x000001aa8d85b110 code [0x000001aa8d85b360, 0x000001aa8d85b988]
Event: 59.909 Thread 0x000001aa94abb330 3198       1       java.lang.invoke.LambdaFormEditor$TransformKey::of (79 bytes)
Event: 60.107 Thread 0x000001aa94abb330 nmethod 3198 0x000001aa8d377f10 code [0x000001aa8d3780c0, 0x000001aa8d378408]
Event: 88.229 Thread 0x000001aa94abb330 3201  s!   1       java.io.FileDescriptor::closeAll (163 bytes)

GC Heap History (20 events):
Event: 2.928 GC heap before
{Heap before GC invocations=0 (full 0):
 garbage-first heap   total 63488K, used 12288K [0x00000000c0000000, 0x0000000100000000)
  region size 1024K, 13 young (13312K), 0 survivors (0K)
 Metaspace       used 6676K, committed 6720K, reserved 1114112K
  class space    used 679K, committed 704K, reserved 1048576K
}
Event: 3.097 GC heap after
{Heap after GC invocations=1 (full 0):
 garbage-first heap   total 63488K, used 6974K [0x00000000c0000000, 0x0000000100000000)
  region size 1024K, 2 young (2048K), 2 survivors (2048K)
 Metaspace       used 6676K, committed 6720K, reserved 1114112K
  class space    used 679K, committed 704K, reserved 1048576K
}
Event: 4.684 GC heap before
{Heap before GC invocations=1 (full 0):
 garbage-first heap   total 63488K, used 15166K [0x00000000c0000000, 0x0000000100000000)
  region size 1024K, 11 young (11264K), 2 survivors (2048K)
 Metaspace       used 9286K, committed 9408K, reserved 1114112K
  class space    used 1110K, committed 1152K, reserved 1048576K
}
Event: 4.693 GC heap after
{Heap after GC invocations=2 (full 0):
 garbage-first heap   total 63488K, used 7588K [0x00000000c0000000, 0x0000000100000000)
  region size 1024K, 1 young (1024K), 1 survivors (1024K)
 Metaspace       used 9286K, committed 9408K, reserved 1114112K
  class space    used 1110K, committed 1152K, reserved 1048576K
}
Event: 8.269 GC heap before
{Heap before GC invocations=2 (full 0):
 garbage-first heap   total 63488K, used 27044K [0x00000000c0000000, 0x0000000100000000)
  region size 1024K, 20 young (20480K), 1 survivors (1024K)
 Metaspace       used 15300K, committed 15488K, reserved 1114112K
  class space    used 1897K, committed 1984K, reserved 1048576K
}
Event: 8.279 GC heap after
{Heap after GC invocations=3 (full 0):
 garbage-first heap   total 63488K, used 9601K [0x00000000c0000000, 0x0000000100000000)
  region size 1024K, 3 young (3072K), 3 survivors (3072K)
 Metaspace       used 15300K, committed 15488K, reserved 1114112K
  class space    used 1897K, committed 1984K, reserved 1048576K
}
Event: 11.180 GC heap before
{Heap before GC invocations=3 (full 0):
 garbage-first heap   total 63488K, used 33153K [0x00000000c0000000, 0x0000000100000000)
  region size 1024K, 26 young (26624K), 3 survivors (3072K)
 Metaspace       used 20470K, committed 20736K, reserved 1114112K
  class space    used 2525K, committed 2624K, reserved 1048576K
}
Event: 11.194 GC heap after
{Heap after GC invocations=4 (full 0):
 garbage-first heap   total 63488K, used 11732K [0x00000000c0000000, 0x0000000100000000)
  region size 1024K, 4 young (4096K), 4 survivors (4096K)
 Metaspace       used 20470K, committed 20736K, reserved 1114112K
  class space    used 2525K, committed 2624K, reserved 1048576K
}
Event: 11.506 GC heap before
{Heap before GC invocations=4 (full 0):
 garbage-first heap   total 63488K, used 14804K [0x00000000c0000000, 0x0000000100000000)
  region size 1024K, 8 young (8192K), 4 survivors (4096K)
 Metaspace       used 21332K, committed 21504K, reserved 1114112K
  class space    used 2618K, committed 2688K, reserved 1048576K
}
Event: 11.517 GC heap after
{Heap after GC invocations=5 (full 0):
 garbage-first heap   total 63488K, used 12435K [0x00000000c0000000, 0x0000000100000000)
  region size 1024K, 1 young (1024K), 1 survivors (1024K)
 Metaspace       used 21332K, committed 21504K, reserved 1114112K
  class space    used 2618K, committed 2688K, reserved 1048576K
}
Event: 13.747 GC heap before
{Heap before GC invocations=6 (full 0):
 garbage-first heap   total 48128K, used 37011K [0x00000000c0000000, 0x0000000100000000)
  region size 1024K, 27 young (27648K), 1 survivors (1024K)
 Metaspace       used 25439K, committed 25664K, reserved 1114112K
  class space    used 3170K, committed 3264K, reserved 1048576K
}
Event: 13.752 GC heap after
{Heap after GC invocations=7 (full 0):
 garbage-first heap   total 48128K, used 13605K [0x00000000c0000000, 0x0000000100000000)
  region size 1024K, 2 young (2048K), 2 survivors (2048K)
 Metaspace       used 25439K, committed 25664K, reserved 1114112K
  class space    used 3170K, committed 3264K, reserved 1048576K
}
Event: 16.598 GC heap before
{Heap before GC invocations=7 (full 0):
 garbage-first heap   total 48128K, used 32037K [0x00000000c0000000, 0x0000000100000000)
  region size 1024K, 21 young (21504K), 2 survivors (2048K)
 Metaspace       used 28897K, committed 29248K, reserved 1114112K
  class space    used 3673K, committed 3840K, reserved 1048576K
}
Event: 16.611 GC heap after
{Heap after GC invocations=8 (full 0):
 garbage-first heap   total 48128K, used 16161K [0x00000000c0000000, 0x0000000100000000)
  region size 1024K, 3 young (3072K), 3 survivors (3072K)
 Metaspace       used 28897K, committed 29248K, reserved 1114112K
  class space    used 3673K, committed 3840K, reserved 1048576K
}
Event: 19.007 GC heap before
{Heap before GC invocations=8 (full 0):
 garbage-first heap   total 48128K, used 33569K [0x00000000c0000000, 0x0000000100000000)
  region size 1024K, 20 young (20480K), 3 survivors (3072K)
 Metaspace       used 31692K, committed 32000K, reserved 1114112K
  class space    used 4046K, committed 4160K, reserved 1048576K
}
Event: 19.021 GC heap after
{Heap after GC invocations=9 (full 0):
 garbage-first heap   total 48128K, used 17299K [0x00000000c0000000, 0x0000000100000000)
  region size 1024K, 2 young (2048K), 2 survivors (2048K)
 Metaspace       used 31692K, committed 32000K, reserved 1114112K
  class space    used 4046K, committed 4160K, reserved 1048576K
}
Event: 63.326 GC heap before
{Heap before GC invocations=9 (full 0):
 garbage-first heap   total 48128K, used 32659K [0x00000000c0000000, 0x0000000100000000)
  region size 1024K, 18 young (18432K), 2 survivors (2048K)
 Metaspace       used 34546K, committed 34944K, reserved 1114112K
  class space    used 4489K, committed 4672K, reserved 1048576K
}
Event: 63.621 GC heap after
{Heap after GC invocations=10 (full 1):
 garbage-first heap   total 48128K, used 17151K [0x00000000c0000000, 0x0000000100000000)
  region size 1024K, 0 young (0K), 0 survivors (0K)
 Metaspace       used 34546K, committed 34944K, reserved 1114112K
  class space    used 4489K, committed 4672K, reserved 1048576K
}
Event: 74.668 GC heap before
{Heap before GC invocations=10 (full 1):
 garbage-first heap   total 48128K, used 17151K [0x00000000c0000000, 0x0000000100000000)
  region size 1024K, 1 young (1024K), 0 survivors (0K)
 Metaspace       used 34546K, committed 34944K, reserved 1114112K
  class space    used 4489K, committed 4672K, reserved 1048576K
}
Event: 75.078 GC heap after
{Heap after GC invocations=11 (full 2):
 garbage-first heap   total 48128K, used 14086K [0x00000000c0000000, 0x0000000100000000)
  region size 1024K, 0 young (0K), 0 survivors (0K)
 Metaspace       used 34427K, committed 34944K, reserved 1114112K
  class space    used 4459K, committed 4672K, reserved 1048576K
}

Dll operation events (7 events):
Event: 0.076 Loaded shared library c:\Users\enry_\.vscode\extensions\redhat.java-1.18.0-win32-x64\jre\17.0.7-win32-x86_64\bin\java.dll
Event: 1.459 Loaded shared library C:\Users\enry_\.vscode\extensions\redhat.java-1.18.0-win32-x64\jre\17.0.7-win32-x86_64\bin\net.dll
Event: 1.469 Loaded shared library C:\Users\enry_\.vscode\extensions\redhat.java-1.18.0-win32-x64\jre\17.0.7-win32-x86_64\bin\nio.dll
Event: 1.511 Loaded shared library C:\Users\enry_\.vscode\extensions\redhat.java-1.18.0-win32-x64\jre\17.0.7-win32-x86_64\bin\zip.dll
Event: 2.639 Loaded shared library C:\Users\enry_\.vscode\extensions\redhat.java-1.18.0-win32-x64\jre\17.0.7-win32-x86_64\bin\jimage.dll
Event: 19.789 Loaded shared library C:\Users\enry_\.vscode\extensions\redhat.java-1.18.0-win32-x64\jre\17.0.7-win32-x86_64\bin\management.dll
Event: 19.805 Loaded shared library C:\Users\enry_\.vscode\extensions\redhat.java-1.18.0-win32-x64\jre\17.0.7-win32-x86_64\bin\management_ext.dll

Deoptimization events (4 events):
Event: 11.559 Thread 0x000001aa8a548d90 DEOPT PACKING pc=0x000001aa8d657299 sp=0x00000001005fd600
Event: 11.559 Thread 0x000001aa8a548d90 DEOPT UNPACKING pc=0x000001aa8d227143 sp=0x00000001005fcae0 mode 3
Event: 21.467 Thread 0x000001aada425740 DEOPT PACKING pc=0x000001aa8d8538b5 sp=0x00000001020fe0f0
Event: 21.467 Thread 0x000001aada425740 DEOPT UNPACKING pc=0x000001aa8d227143 sp=0x00000001020fd618 mode 3

Classes unloaded (20 events):
Event: 74.694 Thread 0x000001aa8a60e8e0 Unloading class 0x000001aa9521a800 'java/lang/invoke/LambdaForm$MH+0x000001aa9521a800'
Event: 74.695 Thread 0x000001aa8a60e8e0 Unloading class 0x000001aa95215000 'java/lang/invoke/LambdaForm$DMH+0x000001aa95215000'
Event: 74.695 Thread 0x000001aa8a60e8e0 Unloading class 0x000001aa95091c00 'java/lang/invoke/LambdaForm$MH+0x000001aa95091c00'
Event: 74.695 Thread 0x000001aa8a60e8e0 Unloading class 0x000001aa95091800 'java/lang/invoke/LambdaForm$MH+0x000001aa95091800'
Event: 74.695 Thread 0x000001aa8a60e8e0 Unloading class 0x000001aa95091400 'java/lang/invoke/LambdaForm$MH+0x000001aa95091400'
Event: 74.696 Thread 0x000001aa8a60e8e0 Unloading class 0x000001aa95091000 'java/lang/invoke/LambdaForm$MH+0x000001aa95091000'
Event: 74.696 Thread 0x000001aa8a60e8e0 Unloading class 0x000001aa95090c00 'java/lang/invoke/LambdaForm$MH+0x000001aa95090c00'
Event: 74.696 Thread 0x000001aa8a60e8e0 Unloading class 0x000001aa95090800 'java/lang/invoke/LambdaForm$MH+0x000001aa95090800'
Event: 74.696 Thread 0x000001aa8a60e8e0 Unloading class 0x000001aa95090400 'java/lang/invoke/LambdaForm$MH+0x000001aa95090400'
Event: 74.696 Thread 0x000001aa8a60e8e0 Unloading class 0x000001aa95090000 'java/lang/invoke/LambdaForm$MH+0x000001aa95090000'
Event: 74.696 Thread 0x000001aa8a60e8e0 Unloading class 0x000001aa9508b800 'java/lang/invoke/LambdaForm$MH+0x000001aa9508b800'
Event: 74.696 Thread 0x000001aa8a60e8e0 Unloading class 0x000001aa9508b400 'java/lang/invoke/LambdaForm$MH+0x000001aa9508b400'
Event: 74.696 Thread 0x000001aa8a60e8e0 Unloading class 0x000001aa9508b000 'java/lang/invoke/LambdaForm$MH+0x000001aa9508b000'
Event: 74.696 Thread 0x000001aa8a60e8e0 Unloading class 0x000001aa9508ac00 'java/lang/invoke/LambdaForm$MH+0x000001aa9508ac00'
Event: 74.696 Thread 0x000001aa8a60e8e0 Unloading class 0x000001aa9508a800 'java/lang/invoke/LambdaForm$MH+0x000001aa9508a800'
Event: 74.696 Thread 0x000001aa8a60e8e0 Unloading class 0x000001aa9508a400 'java/lang/invoke/LambdaForm$MH+0x000001aa9508a400'
Event: 74.696 Thread 0x000001aa8a60e8e0 Unloading class 0x000001aa95089c00 'java/lang/invoke/LambdaForm$MH+0x000001aa95089c00'
Event: 74.696 Thread 0x000001aa8a60e8e0 Unloading class 0x000001aa95089400 'java/lang/invoke/LambdaForm$MH+0x000001aa95089400'
Event: 74.696 Thread 0x000001aa8a60e8e0 Unloading class 0x000001aa95088c00 'java/lang/invoke/LambdaForm$MH+0x000001aa95088c00'
Event: 74.696 Thread 0x000001aa8a60e8e0 Unloading class 0x000001aa95088400 'java/lang/invoke/LambdaForm$MH+0x000001aa95088400'

Classes redefined (0 events):
No events

Internal exceptions (20 events):
Event: 14.007 Thread 0x000001aa8a548d90 Exception <a 'java/lang/NoSuchMethodError'{0x00000000c2b04b78}: 'int java.lang.invoke.DirectMethodHandle$Holder.invokeSpecial(java.lang.Object, java.lang.Object, int)'> (0x00000000c2b04b78) 
thrown [s\src\hotspot\share\interpreter\linkResolver.cpp, line 759]
Event: 14.008 Thread 0x000001aa8a548d90 Exception <a 'java/lang/NoSuchMethodError'{0x00000000c2b0c470}: 'int java.lang.invoke.Invokers$Holder.linkToTargetMethod(java.lang.Object, java.lang.Object)'> (0x00000000c2b0c470) 
thrown [s\src\hotspot\share\interpreter\linkResolver.cpp, line 759]
Event: 14.120 Thread 0x000001aa8a548d90 Exception <a 'java/lang/NoSuchMethodError'{0x00000000c2bdf0f0}: 'java.lang.Object java.lang.invoke.DirectMethodHandle$Holder.invokeSpecial(java.lang.Object, java.lang.Object, java.lang.Object, java.lang.Object, java.lang.Object, java.lang.Object, java.lang.Object, java.lang.Object, java.lang.Object, java.lang.Object)'> (0x00000000c2bdf0f0) 
thrown [s\src\hotspot\share\interpreter\linkResolver.cpp, line 759]
Event: 14.121 Thread 0x000001aa8a548d90 Exception <a 'java/lang/NoSuchMethodError'{0x00000000c2be36d8}: 'java.lang.Object java.lang.invoke.Invokers$Holder.invoke_MT(java.lang.Object, java.lang.Object, java.lang.Object, java.lang.Object, java.lang.Object, java.lang.Object, java.lang.Object, java.lang.Object, java.lang.Object, java.lang.Object)'> (0x00000000c2be36d8) 
thrown [s\src\hotspot\share\interpreter\linkResolver.cpp, line 759]
Event: 14.162 Thread 0x000001aa8a548d90 Exception <a 'java/lang/NoSuchMethodError'{0x00000000c2a29378}: 'java.lang.Object java.lang.invoke.DirectMethodHandle$Holder.invokeSpecial(java.lang.Object, java.lang.Object, int, java.lang.Object, java.lang.Object)'> (0x00000000c2a29378) 
thrown [s\src\hotspot\share\interpreter\linkResolver.cpp, line 759]
Event: 14.169 Thread 0x000001aa8a548d90 Exception <a 'java/lang/NoSuchMethodError'{0x00000000c2a2d020}: 'java.lang.Object java.lang.invoke.DelegatingMethodHandle$Holder.delegate(java.lang.Object, int, java.lang.Object, java.lang.Object)'> (0x00000000c2a2d020) 
thrown [s\src\hotspot\share\interpreter\linkResolver.cpp, line 759]
Event: 14.177 Thread 0x000001aa8a548d90 Exception <a 'java/lang/NoSuchMethodError'{0x00000000c2a3dea8}: 'int java.lang.invoke.Invokers$Holder.linkToTargetMethod(java.lang.Object, java.lang.Object, java.lang.Object)'> (0x00000000c2a3dea8) 
thrown [s\src\hotspot\share\interpreter\linkResolver.cpp, line 759]
Event: 14.493 Thread 0x000001aa8a548d90 Exception <a 'java/lang/NoSuchMethodError'{0x00000000c28b5f98}: 'void java.lang.invoke.DirectMethodHandle$Holder.invokeSpecial(java.lang.Object, java.lang.Object, java.lang.Object, java.lang.Object, java.lang.Object, java.lang.Object)'> (0x00000000c28b5f98) 
thrown [s\src\hotspot\share\interpreter\linkResolver.cpp, line 759]
Event: 14.809 Thread 0x000001aa8a548d90 Exception <a 'java/lang/NoSuchMethodError'{0x00000000c2653818}: 'java.lang.Object java.lang.invoke.DirectMethodHandle$Holder.invokeStaticInit(java.lang.Object, int, int, int, int)'> (0x00000000c2653818) 
thrown [s\src\hotspot\share\interpreter\linkResolver.cpp, line 759]
Event: 15.160 Thread 0x000001aa8a548d90 Exception <a 'java/lang/NoSuchMethodError'{0x00000000c26b1d78}: 'java.lang.Object java.lang.invoke.DirectMethodHandle$Holder.invokeStaticInit(java.lang.Object, java.lang.Object, int, int, int, int)'> (0x00000000c26b1d78) 
thrown [s\src\hotspot\share\interpreter\linkResolver.cpp, line 759]
Event: 16.493 Thread 0x000001aa8a548d90 Exception <a 'java/lang/NoSuchMethodError'{0x00000000c1e2fff8}: 'void java.lang.invoke.DirectMethodHandle$Holder.invokeSpecialIFC(java.lang.Object, java.lang.Object, java.lang.Object)'> (0x00000000c1e2fff8) 
thrown [s\src\hotspot\share\interpreter\linkResolver.cpp, line 759]
Event: 19.033 Thread 0x000001aa8a548d90 Exception <a 'java/lang/NoSuchMethodError'{0x00000000c3d3c0c8}: 'java.lang.Object java.lang.invoke.DirectMethodHandle$Holder.invokeInterface(java.lang.Object, java.lang.Object, int)'> (0x00000000c3d3c0c8) 
thrown [s\src\hotspot\share\interpreter\linkResolver.cpp, line 759]
Event: 19.038 Thread 0x000001aa8a548d90 Exception <a 'java/lang/IncompatibleClassChangeError'{0x00000000c3d4f260}: Found class java.lang.Object, but interface was expected> (0x00000000c3d4f260) 
thrown [s\src\hotspot\share\interpreter\linkResolver.cpp, line 826]
Event: 19.701 Thread 0x000001aa8a548d90 Exception <a 'java/lang/NoSuchMethodError'{0x00000000c2a5ac28}: 'java.lang.Object java.lang.invoke.DirectMethodHandle$Holder.newInvokeSpecial(java.lang.Object, java.lang.Object, int, java.lang.Object, java.lang.Object)'> (0x00000000c2a5ac28) 
thrown [s\src\hotspot\share\interpreter\linkResolver.cpp, line 759]
Event: 19.704 Thread 0x000001aa8a548d90 Exception <a 'java/lang/NoSuchMethodError'{0x00000000c2a6ce78}: 'java.lang.Object java.lang.invoke.DirectMethodHandle$Holder.invokeSpecial(java.lang.Object, java.lang.Object, int, java.lang.Object, int, java.lang.Object)'> (0x00000000c2a6ce78) 
thrown [s\src\hotspot\share\interpreter\linkResolver.cpp, line 759]
Event: 19.705 Thread 0x000001aa8a548d90 Exception <a 'java/lang/NoSuchMethodError'{0x00000000c2a74c80}: 'java.lang.Object java.lang.invoke.DirectMethodHandle$Holder.newInvokeSpecial(java.lang.Object, java.lang.Object, int, java.lang.Object, int)'> (0x00000000c2a74c80) 
thrown [s\src\hotspot\share\interpreter\linkResolver.cpp, line 759]
Event: 19.705 Thread 0x000001aa8a548d90 Exception <a 'java/lang/NoSuchMethodError'{0x00000000c2a78d80}: 'java.lang.Object java.lang.invoke.DirectMethodHandle$Holder.invokeSpecial(java.lang.Object, java.lang.Object, java.lang.Object, int, java.lang.Object, int)'> (0x00000000c2a78d80) 
thrown [s\src\hotspot\share\interpreter\linkResolver.cpp, line 759]
Event: 21.466 Thread 0x000001aad9ee5570 Exception <a 'java/lang/NoSuchMethodError'{0x00000000c2016fa0}: 'java.lang.Object java.lang.invoke.DirectMethodHandle$Holder.invokeStatic(java.lang.Object, java.lang.Object, java.lang.Object, int, java.lang.Object, java.lang.Object)'> (0x00000000c2016fa0) 
thrown [s\src\hotspot\share\interpreter\linkResolver.cpp, line 759]
Event: 60.363 Thread 0x000001aad9f83870 Exception <a 'java/lang/NoSuchMethodError'{0x00000000c2aa47a0}: 'void java.lang.invoke.DirectMethodHandle$Holder.invokeStatic(java.lang.Object, long)'> (0x00000000c2aa47a0) 
thrown [s\src\hotspot\share\interpreter\linkResolver.cpp, line 759]
Event: 60.384 Thread 0x000001aad9f83870 Exception <a 'java/lang/NoSuchMethodError'{0x00000000c2aa9b48}: 'java.lang.Object java.lang.invoke.DirectMethodHandle$Holder.newInvokeSpecial(java.lang.Object, long)'> (0x00000000c2aa9b48) 
thrown [s\src\hotspot\share\interpreter\linkResolver.cpp, line 759]

VM Operations (20 events):
Event: 19.021 Executing VM operation: G1CollectForAllocation done
Event: 19.228 Executing VM operation: HandshakeAllThreads
Event: 19.228 Executing VM operation: HandshakeAllThreads done
Event: 19.418 Executing VM operation: HandshakeAllThreads
Event: 19.464 Executing VM operation: HandshakeAllThreads done
Event: 19.466 Executing VM operation: HandshakeAllThreads
Event: 19.494 Executing VM operation: HandshakeAllThreads done
Event: 20.498 Executing VM operation: Cleanup
Event: 20.514 Executing VM operation: Cleanup done
Event: 21.517 Executing VM operation: Cleanup
Event: 21.549 Executing VM operation: Cleanup done
Event: 22.564 Executing VM operation: Cleanup
Event: 22.564 Executing VM operation: Cleanup done
Event: 60.424 Executing VM operation: HandshakeAllThreads
Event: 60.425 Executing VM operation: HandshakeAllThreads done
Event: 63.321 Executing VM operation: G1CollectFull
Event: 63.622 Executing VM operation: G1CollectFull done
Event: 74.668 Executing VM operation: G1CollectFull
Event: 75.079 Executing VM operation: G1CollectFull done
Event: 88.229 Executing VM operation: G1CollectFull

Events (20 events):
Event: 21.515 loading class java/util/concurrent/CompletableFuture$AsyncRun
Event: 21.515 loading class java/util/concurrent/CompletableFuture$AsyncRun done
Event: 21.518 Thread 0x000001aada42b880 Thread added: 0x000001aada42b880
Event: 21.553 loading class java/util/concurrent/ForkJoinWorkerThread
Event: 21.554 loading class java/util/concurrent/ForkJoinWorkerThread done
Event: 26.568 Thread 0x000001aad91bb780 Thread exited: 0x000001aad91bb780
Event: 59.962 loading class java/lang/ProcessBuilder
Event: 60.189 loading class java/lang/ProcessBuilder done
Event: 60.190 loading class java/lang/ProcessImpl
Event: 60.204 loading class java/lang/Process
Event: 60.207 loading class java/lang/Process done
Event: 60.207 loading class java/lang/ProcessImpl done
Event: 60.389 loading class java/lang/ProcessImpl$2
Event: 60.389 loading class java/lang/ProcessImpl$2 done
Event: 60.391 loading class java/lang/Process$PipeInputStream
Event: 60.391 loading class java/lang/Process$PipeInputStream done
Event: 60.426 loading class jdk/internal/event/ProcessStartEvent
Event: 60.429 loading class jdk/internal/event/ProcessStartEvent done
Event: 63.320 loading class java/io/FileOutputStream$1
Event: 63.321 loading class java/io/FileOutputStream$1 done


Dynamic libraries:
0x00007ff7e95e0000 - 0x00007ff7e95ee000 	c:\Users\enry_\.vscode\extensions\redhat.java-1.18.0-win32-x64\jre\17.0.7-win32-x86_64\bin\java.exe
0x00007ffd8b890000 - 0x00007ffd8ba88000 	C:\WINDOWS\SYSTEM32\ntdll.dll
0x00007ffd76bf0000 - 0x00007ffd76c09000 	C:\Program Files\AVAST Software\Avast\aswhook.dll
0x00007ffd89aa0000 - 0x00007ffd89b5f000 	C:\WINDOWS\System32\KERNEL32.DLL
0x00007ffd89610000 - 0x00007ffd898ea000 	C:\WINDOWS\System32\KERNELBASE.dll
0x00007ffd891d0000 - 0x00007ffd892d0000 	C:\WINDOWS\System32\ucrtbase.dll
0x00007ffd5e710000 - 0x00007ffd5e727000 	c:\Users\enry_\.vscode\extensions\redhat.java-1.18.0-win32-x64\jre\17.0.7-win32-x86_64\bin\jli.dll
0x00007ffd89fe0000 - 0x00007ffd8a17d000 	C:\WINDOWS\System32\USER32.dll
0x00007ffd88fa0000 - 0x00007ffd88fc2000 	C:\WINDOWS\System32\win32u.dll
0x00007ffd8a510000 - 0x00007ffd8a53b000 	C:\WINDOWS\System32\GDI32.dll
0x00007ffd890c0000 - 0x00007ffd891d0000 	C:\WINDOWS\System32\gdi32full.dll
0x00007ffd89570000 - 0x00007ffd8960d000 	C:\WINDOWS\System32\msvcp_win.dll
0x00007ffd5db30000 - 0x00007ffd5db49000 	c:\Users\enry_\.vscode\extensions\redhat.java-1.18.0-win32-x64\jre\17.0.7-win32-x86_64\bin\VCRUNTIME140.dll
0x00007ffd77b50000 - 0x00007ffd77dea000 	C:\WINDOWS\WinSxS\amd64_microsoft.windows.common-controls_6595b64144ccf1df_6.0.19041.1110_none_60b5254171f9507e\COMCTL32.dll
0x00007ffd8a470000 - 0x00007ffd8a50e000 	C:\WINDOWS\System32\msvcrt.dll
0x00007ffd8b7a0000 - 0x00007ffd8b7d0000 	C:\WINDOWS\System32\IMM32.DLL
0x00007ffd6e1f0000 - 0x00007ffd6e1fc000 	c:\Users\enry_\.vscode\extensions\redhat.java-1.18.0-win32-x64\jre\17.0.7-win32-x86_64\bin\vcruntime140_1.dll
0x00007ffd4c020000 - 0x00007ffd4c0b1000 	c:\Users\enry_\.vscode\extensions\redhat.java-1.18.0-win32-x64\jre\17.0.7-win32-x86_64\bin\msvcp140.dll
0x00007ffd37be0000 - 0x00007ffd38828000 	c:\Users\enry_\.vscode\extensions\redhat.java-1.18.0-win32-x64\jre\17.0.7-win32-x86_64\bin\server\jvm.dll
0x00007ffd8a360000 - 0x00007ffd8a40e000 	C:\WINDOWS\System32\ADVAPI32.dll
0x00007ffd899d0000 - 0x00007ffd89a6c000 	C:\WINDOWS\System32\sechost.dll
0x00007ffd8b670000 - 0x00007ffd8b796000 	C:\WINDOWS\System32\RPCRT4.dll
0x00007ffd876c0000 - 0x00007ffd876c9000 	C:\WINDOWS\SYSTEM32\WSOCK32.dll
0x00007ffd8aaa0000 - 0x00007ffd8ab0b000 	C:\WINDOWS\System32\WS2_32.dll
0x00007ffd85610000 - 0x00007ffd85637000 	C:\WINDOWS\SYSTEM32\WINMM.dll
0x00007ffd7ec60000 - 0x00007ffd7ec6a000 	C:\WINDOWS\SYSTEM32\VERSION.dll
0x00007ffd877d0000 - 0x00007ffd877e2000 	C:\WINDOWS\SYSTEM32\kernel.appcore.dll
0x00007ffd6dfc0000 - 0x00007ffd6dfca000 	c:\Users\enry_\.vscode\extensions\redhat.java-1.18.0-win32-x64\jre\17.0.7-win32-x86_64\bin\jimage.dll
0x00007ffd86d00000 - 0x00007ffd86ee4000 	C:\WINDOWS\SYSTEM32\DBGHELP.DLL
0x00007ffd7e350000 - 0x00007ffd7e384000 	C:\WINDOWS\SYSTEM32\dbgcore.DLL
0x00007ffd892d0000 - 0x00007ffd89352000 	C:\WINDOWS\System32\bcryptPrimitives.dll
0x00007ffd5d300000 - 0x00007ffd5d325000 	c:\Users\enry_\.vscode\extensions\redhat.java-1.18.0-win32-x64\jre\17.0.7-win32-x86_64\bin\java.dll
0x00007ffd5d560000 - 0x00007ffd5d578000 	c:\Users\enry_\.vscode\extensions\redhat.java-1.18.0-win32-x64\jre\17.0.7-win32-x86_64\bin\zip.dll
0x00007ffd8af20000 - 0x00007ffd8b664000 	C:\WINDOWS\System32\SHELL32.dll
0x00007ffd86ef0000 - 0x00007ffd87683000 	C:\WINDOWS\SYSTEM32\windows.storage.dll
0x00007ffd8ab10000 - 0x00007ffd8ae64000 	C:\WINDOWS\System32\combase.dll
0x00007ffd88a00000 - 0x00007ffd88a2e000 	C:\WINDOWS\SYSTEM32\Wldp.dll
0x00007ffd89b60000 - 0x00007ffd89c0d000 	C:\WINDOWS\System32\SHCORE.dll
0x00007ffd8a410000 - 0x00007ffd8a465000 	C:\WINDOWS\System32\shlwapi.dll
0x00007ffd88ee0000 - 0x00007ffd88eff000 	C:\WINDOWS\SYSTEM32\profapi.dll
0x00007ffd5ae50000 - 0x00007ffd5ae69000 	C:\Users\enry_\.vscode\extensions\redhat.java-1.18.0-win32-x64\jre\17.0.7-win32-x86_64\bin\net.dll
0x00007ffd79540000 - 0x00007ffd7964a000 	C:\WINDOWS\SYSTEM32\WINHTTP.dll
0x00007ffd88760000 - 0x00007ffd887ca000 	C:\WINDOWS\system32\mswsock.dll
0x00007ffd5ae30000 - 0x00007ffd5ae45000 	C:\Users\enry_\.vscode\extensions\redhat.java-1.18.0-win32-x64\jre\17.0.7-win32-x86_64\bin\nio.dll
0x00007ffd88960000 - 0x00007ffd88978000 	C:\WINDOWS\SYSTEM32\CRYPTSP.dll
0x00007ffd87fa0000 - 0x00007ffd87fd4000 	C:\WINDOWS\system32\rsaenh.dll
0x00007ffd89040000 - 0x00007ffd89067000 	C:\WINDOWS\System32\bcrypt.dll
0x00007ffd88e60000 - 0x00007ffd88e8e000 	C:\WINDOWS\SYSTEM32\USERENV.dll
0x00007ffd88950000 - 0x00007ffd8895c000 	C:\WINDOWS\SYSTEM32\CRYPTBASE.dll
0x00007ffd88400000 - 0x00007ffd8843c000 	C:\WINDOWS\SYSTEM32\IPHLPAPI.DLL
0x00007ffd89a70000 - 0x00007ffd89a78000 	C:\WINDOWS\System32\NSI.dll
0x00007ffd79830000 - 0x00007ffd79847000 	C:\WINDOWS\SYSTEM32\dhcpcsvc6.DLL
0x00007ffd79bb0000 - 0x00007ffd79bcd000 	C:\WINDOWS\SYSTEM32\dhcpcsvc.DLL
0x00007ffd88440000 - 0x00007ffd8850b000 	C:\WINDOWS\SYSTEM32\DNSAPI.dll
0x00007ffd86430000 - 0x00007ffd86439000 	C:\Users\enry_\.vscode\extensions\redhat.java-1.18.0-win32-x64\jre\17.0.7-win32-x86_64\bin\management.dll
0x00007ffd81230000 - 0x00007ffd8123b000 	C:\Users\enry_\.vscode\extensions\redhat.java-1.18.0-win32-x64\jre\17.0.7-win32-x86_64\bin\management_ext.dll
0x00007ffd89c20000 - 0x00007ffd89c28000 	C:\WINDOWS\System32\PSAPI.DLL

dbghelp: loaded successfully - version: 4.0.5 - missing functions: none
symbol engine: initialized successfully - sym options: 0x614 - pdb path: .;c:\Users\enry_\.vscode\extensions\redhat.java-1.18.0-win32-x64\jre\17.0.7-win32-x86_64\bin;C:\WINDOWS\SYSTEM32;C:\Program Files\AVAST Software\Avast;C:\WINDOWS\WinSxS\amd64_microsoft.windows.common-controls_6595b64144ccf1df_6.0.19041.1110_none_60b5254171f9507e;c:\Users\enry_\.vscode\extensions\redhat.java-1.18.0-win32-x64\jre\17.0.7-win32-x86_64\bin\server

VM Arguments:
jvm_args: -XX:+HeapDumpOnOutOfMemoryError -Xmx1024m -Dsts.lsp.client=vscode -Dsts.log.file=/dev/null -XX:TieredStopAtLevel=1 -Xlog:jni+resolve=off -Dspring.config.location=file:c:\Users\enry_\.vscode\extensions\vmware.vscode-spring-boot-1.45.0\language-server\BOOT-INF\classes\application.properties 
java_command: org.springframework.ide.vscode.boot.app.BootLanguageServerBootApp
java_class_path (initial): c:\Users\enry_\.vscode\extensions\vmware.vscode-spring-boot-1.45.0\language-server\BOOT-INF\classes;c:\Users\enry_\.vscode\extensions\vmware.vscode-spring-boot-1.45.0\language-server\BOOT-INF\lib\annotations-24.0.1.jar;c:\Users\enry_\.vscode\extensions\vmware.vscode-spring-boot-1.45.0\language-server\BOOT-INF\lib\ant-1.10.13.jar;c:\Users\enry_\.vscode\extensions\vmware.vscode-spring-boot-1.45.0\language-server\BOOT-INF\lib\ant-launcher-1.10.13.jar;c:\Users\enry_\.vscode\extensions\vmware.vscode-spring-boot-1.45.0\language-server\BOOT-INF\lib\antlr-runtime-3.5.3.jar;c:\Users\enry_\.vscode\extensions\vmware.vscode-spring-boot-1.45.0\language-server\BOOT-INF\lib\antlr4-4.11.1.jar;c:\Users\enry_\.vscode\extensions\vmware.vscode-spring-boot-1.45.0\language-server\BOOT-INF\lib\antlr4-runtime-4.11.1.jar;c:\Users\enry_\.vscode\extensions\vmware.vscode-spring-boot-1.45.0\language-server\BOOT-INF\lib\asm-9.4.jar;c:\Users\enry_\.vscode\extensions\vmware.vscode-spring-boot-1.45.0\language-server\BOOT-INF\lib\asm-analysis-9.4.jar;c:\Users\enry_\.vscode\extensions\vmware.vscode-spring-boot-1.45.0\language-server\BOOT-INF\lib\asm-tree-9.4.jar;c:\Users\enry_\.vscode\extensions\vmware.vscode-spring-boot-1.45.0\language-server\BOOT-INF\lib\asm-util-9.4.jar;c:\Users\enry_\.vscode\extensions\vmware.vscode-spring-boot-1.45.0\language-server\BOOT-INF\lib\caffeine-3.1.2.jar;c:\Users\enry_\.vscode\extensions\vmware.vscode-spring-boot-1.45.0\language-server\BOOT-INF\lib\checker-qual-3.12.0.jar;c:\Users\enry_\.vscode\extensions\vmware.vscode-spring-boot-1.45.0\language-server\BOOT-INF\lib\classgraph-4.8.149.jar;c:\Users\enry_\.vscode\extensions\vmware.vscode-spring-boot-1.45.0\language-server\BOOT-INF\lib\commons-codec-1.15.jar;c:\Users\enry_\.vscode\extensions\vmware.vscode-spring-boot-1.45.0\language-server\BOOT-INF\lib\commons-compress-1.22.jar;c:\Users\enry_\.vscode\extensions\vmware.vscode-spring-boot-1.45.0\language-server\BOOT-INF\lib\commons-io-2.4.jar;c:
Launcher Type: SUN_STANDARD

[Global flags]
     intx CICompilerCount                          = 3                                         {product} {ergonomic}
     uint ConcGCThreads                            = 1                                         {product} {ergonomic}
     uint G1ConcRefinementThreads                  = 4                                         {product} {ergonomic}
   size_t G1HeapRegionSize                         = 1048576                                   {product} {ergonomic}
    uintx GCDrainStackTargetSize                   = 64                                        {product} {ergonomic}
     bool HeapDumpOnOutOfMemoryError               = true                                   {manageable} {command line}
   size_t InitialHeapSize                          = 65011712                                  {product} {ergonomic}
   size_t MarkStackSize                            = 4194304                                   {product} {ergonomic}
   size_t MaxHeapSize                              = 1073741824                                {product} {command line}
   size_t MaxNewSize                               = 643825664                                 {product} {ergonomic}
   size_t MinHeapDeltaBytes                        = 1048576                                   {product} {ergonomic}
   size_t MinHeapSize                              = 8388608                                   {product} {ergonomic}
    uintx NonProfiledCodeHeapSize                  = 0                                      {pd product} {ergonomic}
     bool ProfileInterpreter                       = false                                  {pd product} {command line}
    uintx ProfiledCodeHeapSize                     = 0                                      {pd product} {ergonomic}
   size_t SoftMaxHeapSize                          = 1073741824                             {manageable} {ergonomic}
     intx TieredStopAtLevel                        = 1                                         {product} {command line}
     bool UseCompressedClassPointers               = true                           {product lp64_product} {ergonomic}
     bool UseCompressedOops                        = true                           {product lp64_product} {ergonomic}
     bool UseG1GC                                  = true                                      {product} {ergonomic}
     bool UseLargePagesIndividualAllocation        = false                                  {pd product} {ergonomic}

Logging:
Log output configuration:
 #0: stdout all=warning,jni+resolve=off uptime,level,tags
 #1: stderr all=off uptime,level,tags

Environment Variables:
JAVA_HOME=C:\Program Files\Java\jdk-20
PATH=C:\Program Files\Common Files\Oracle\Java\javapath;C:\Program Files (x86)\Common Files\Oracle\Java\javapath;C:\WINDOWS\system32;C:\WINDOWS;C:\WINDOWS\System32\Wbem;C:\WINDOWS\System32\WindowsPowerShell\v1.0\;C:\WINDOWS\System32\OpenSSH\;C:\Program Files\Microsoft SQL Server\150\Tools\Binn\;C:\Program Files\apache-maven-3.8.8\bin;C:\Program Files\Git\cmd;C:\Program Files\nodejs\;C:\Users\enry_\AppData\Roaming\npm
USERNAME=enry_
OS=Windows_NT
PROCESSOR_IDENTIFIER=Intel64 Family 6 Model 69 Stepping 1, GenuineIntel
TMP=C:\Users\enry_\AppData\Local\Temp
TEMP=C:\Users\enry_\AppData\Local\Temp



---------------  S Y S T E M  ---------------

OS:
 Windows 10 , 64 bit Build 19041 (10.0.19041.2788)
OS uptime: 8 days 4:15 hours

CPU: total 4 (initial active 4) (2 cores per cpu, 2 threads per core) family 6 model 69 stepping 1 microcode 0x25, cx8, cmov, fxsr, ht, mmx, sse, sse2, sse3, ssse3, sse4.1, sse4.2, popcnt, lzcnt, tsc, tscinvbit, avx, avx2, aes, erms, clmul, bmi1, bmi2, fma, vzeroupper, clflush

Memory: 4k page, system-wide physical 3961M (197M free)
TotalPageFile size 13364M (AvailPageFile size 84M)
current process WorkingSet (physical memory assigned to process): 74M, peak: 111M
current process commit charge ("private bytes"): 158M, peak: 164M

vm_info: OpenJDK 64-Bit Server VM (17.0.7+7) for windows-amd64 JRE (17.0.7+7), built on Apr 18 2023 22:10:42 by "temurin" with MS VC++ 16.7 (VS2019)

END.
