#
# A fatal error has been detected by the Java Runtime Environment:
#
#  EXCEPTION_ACCESS_VIOLATION (0xc0000005) at pc=0x0000000000000000, pid=11404, tid=15892
#
# JRE version: Java(TM) SE Runtime Environment (20.0.1+9) (build 20.0.1+9-29)
# Java VM: Java HotSpot(TM) 64-Bit Server VM (20.0.1+9-29, mixed mode, emulated-client, sharing, tiered, compressed oops, compressed class ptrs, g1 gc, windows-amd64)
# Problematic frame:
# C  [sqlite-3.15.1-128398c2-8f45-4a61-9743-376ccd677ed2-sqlitejdbc.dll+0x3c85f]
#
# No core dump will be written. Minidumps are not enabled by default on client versions of Windows
#
# If you would like to submit a bug report, please visit:
#   https://bugreport.java.com/bugreport/crash.jsp
# The crash happened outside the Java Virtual Machine in native code.
# See problematic frame for where to report the bug.
#

---------------  S U M M A R Y ------------

Command Line: -XX:TieredStopAtLevel=1 employee.springboot.project.Employee.Spring.Boot.Project.EmployeeSpringBootProjectApplication

Host: Intel(R) Core(TM) i5-4210U CPU @ 1.70GHz, 4 cores, 3G,  Windows 10 , 64 bit Build 19041 (10.0.19041.2788)
Time: Sun Apr 30 13:01:38 2023 ora legale Europa occidentale elapsed time: 79.932190 seconds (0d 0h 1m 19s)

---------------  T H R E A D  ---------------

Current thread (0x000002548d71b040):  JavaThread "http-nio-8080-exec-3" daemon [_thread_in_native, id=15892, stack(0x00000062a5300000,0x00000062a5400000)]

Stack: [0x00000062a5300000,0x00000062a5400000],  sp=0x00000062a53fd3d0,  free space=1012k
Native frames: (J=compiled Java code, j=interpreted, Vv=VM code, C=native code)

Java frames: (J=compiled Java code, j=interpreted, Vv=VM code)
j  org.sqlite.core.NativeDB.bind_text_utf8(JI[B)I+0
j  org.sqlite.core.NativeDB.bind_text(JILjava/lang/String;)I+8
j  org.sqlite.core.DB.sqlbind(JILjava/lang/Object;)I+146
j  org.sqlite.core.DB.execute(Lorg/sqlite/core/CoreStatement;[Ljava/lang/Object;)Z+81
j  org.sqlite.jdbc3.JDBC3PreparedStatement.executeQuery()Ljava/sql/ResultSet;+56
j  employee.springboot.project.Employee.Spring.Boot.Project.impl.BookDAOImpl.getSearch(Ljava/lang/String;)Ljava/util/List;+127
j  employee.springboot.project.Employee.Spring.Boot.Project.EmployeeSpringBootProjectApplication.getSearch(Ljava/lang/String;)Ljava/util/List;+18
j  java.lang.invoke.LambdaForm$DMH+0x00000008011e4000.invokeVirtual(Ljava/lang/Object;Ljava/lang/Object;Ljava/lang/Object;)Ljava/lang/Object;+11 java.base@20.0.1
j  java.lang.invoke.LambdaForm$MH+0x000000080103c400.invoke(Ljava/lang/Object;Ljava/lang/Object;Ljava/lang/Object;)Ljava/lang/Object;+52 java.base@20.0.1
j  java.lang.invoke.Invokers$Holder.invokeExact_MT(Ljava/lang/Object;Ljava/lang/Object;Ljava/lang/Object;Ljava/lang/Object;)Ljava/lang/Object;+20 java.base@20.0.1
j  jdk.internal.reflect.DirectMethodHandleAccessor.invokeImpl(Ljava/lang/Object;[Ljava/lang/Object;)Ljava/lang/Object;+55 java.base@20.0.1
j  jdk.internal.reflect.DirectMethodHandleAccessor.invoke(Ljava/lang/Object;[Ljava/lang/Object;)Ljava/lang/Object;+23 java.base@20.0.1
j  java.lang.reflect.Method.invoke(Ljava/lang/Object;[Ljava/lang/Object;)Ljava/lang/Object;+102 java.base@20.0.1
j  org.springframework.web.method.support.InvocableHandlerMethod.doInvoke([Ljava/lang/Object;)Ljava/lang/Object;+28
j  org.springframework.web.method.support.InvocableHandlerMethod.invokeForRequest(Lorg/springframework/web/context/request/NativeWebRequest;Lorg/springframework/web/method/support/ModelAndViewContainer;[Ljava/lang/Object;)Ljava/lang/Object;+54
j  org.springframework.web.servlet.mvc.method.annotation.ServletInvocableHandlerMethod.invokeAndHandle(Lorg/springframework/web/context/request/ServletWebRequest;Lorg/springframework/web/method/support/ModelAndViewContainer;[Ljava/lang/Object;)V+4
j  org.springframework.web.servlet.mvc.method.annotation.RequestMappingHandlerAdapter.invokeHandlerMethod(Ljavax/servlet/http/HttpServletRequest;Ljavax/servlet/http/HttpServletResponse;Lorg/springframework/web/method/HandlerMethod;)Lorg/springframework/web/servlet/ModelAndView;+244
j  org.springframework.web.servlet.mvc.method.annotation.RequestMappingHandlerAdapter.handleInternal(Ljavax/servlet/http/HttpServletRequest;Ljavax/servlet/http/HttpServletResponse;Lorg/springframework/web/method/HandlerMethod;)Lorg/springframework/web/servlet/ModelAndView;+81
j  org.springframework.web.servlet.mvc.method.AbstractHandlerMethodAdapter.handle(Ljavax/servlet/http/HttpServletRequest;Ljavax/servlet/http/HttpServletResponse;Ljava/lang/Object;)Lorg/springframework/web/servlet/ModelAndView;+7
j  org.springframework.web.servlet.DispatcherServlet.doDispatch(Ljavax/servlet/http/HttpServletRequest;Ljavax/servlet/http/HttpServletResponse;)V+259
j  org.springframework.web.servlet.DispatcherServlet.doService(Ljavax/servlet/http/HttpServletRequest;Ljavax/servlet/http/HttpServletResponse;)V+241
j  org.springframework.web.servlet.FrameworkServlet.processRequest(Ljavax/servlet/http/HttpServletRequest;Ljavax/servlet/http/HttpServletResponse;)V+71
j  org.springframework.web.servlet.FrameworkServlet.doGet(Ljavax/servlet/http/HttpServletRequest;Ljavax/servlet/http/HttpServletResponse;)V+3
j  javax.servlet.http.HttpServlet.service(Ljavax/servlet/http/HttpServletRequest;Ljavax/servlet/http/HttpServletResponse;)V+35
j  org.springframework.web.servlet.FrameworkServlet.service(Ljavax/servlet/http/HttpServletRequest;Ljavax/servlet/http/HttpServletResponse;)V+33
j  javax.servlet.http.HttpServlet.service(Ljavax/servlet/ServletRequest;Ljavax/servlet/ServletResponse;)V+36
j  org.apache.catalina.core.ApplicationFilterChain.internalDoFilter(Ljavax/servlet/ServletRequest;Ljavax/servlet/ServletResponse;)V+304
j  org.apache.catalina.core.ApplicationFilterChain.doFilter(Ljavax/servlet/ServletRequest;Ljavax/servlet/ServletResponse;)V+99
j  org.apache.tomcat.websocket.server.WsFilter.doFilter(Ljavax/servlet/ServletRequest;Ljavax/servlet/ServletResponse;Ljavax/servlet/FilterChain;)V+21
j  org.apache.catalina.core.ApplicationFilterChain.internalDoFilter(Ljavax/servlet/ServletRequest;Ljavax/servlet/ServletResponse;)V+135
j  org.apache.catalina.core.ApplicationFilterChain.doFilter(Ljavax/servlet/ServletRequest;Ljavax/servlet/ServletResponse;)V+99
j  org.springframework.web.filter.RequestContextFilter.doFilterInternal(Ljavax/servlet/http/HttpServletRequest;Ljavax/servlet/http/HttpServletResponse;Ljavax/servlet/FilterChain;)V+21
j  org.springframework.web.filter.OncePerRequestFilter.doFilter(Ljavax/servlet/ServletRequest;Ljavax/servlet/ServletResponse;Ljavax/servlet/FilterChain;)V+147
j  org.apache.catalina.core.ApplicationFilterChain.internalDoFilter(Ljavax/servlet/ServletRequest;Ljavax/servlet/ServletResponse;)V+135
j  org.apache.catalina.core.ApplicationFilterChain.doFilter(Ljavax/servlet/ServletRequest;Ljavax/servlet/ServletResponse;)V+99
j  org.springframework.web.filter.FormContentFilter.doFilterInternal(Ljavax/servlet/http/HttpServletRequest;Ljavax/servlet/http/HttpServletResponse;Ljavax/servlet/FilterChain;)V+38
j  org.springframework.web.filter.OncePerRequestFilter.doFilter(Ljavax/servlet/ServletRequest;Ljavax/servlet/ServletResponse;Ljavax/servlet/FilterChain;)V+147
j  org.apache.catalina.core.ApplicationFilterChain.internalDoFilter(Ljavax/servlet/ServletRequest;Ljavax/servlet/ServletResponse;)V+135
j  org.apache.catalina.core.ApplicationFilterChain.doFilter(Ljavax/servlet/ServletRequest;Ljavax/servlet/ServletResponse;)V+99
j  org.springframework.web.filter.CharacterEncodingFilter.doFilterInternal(Ljavax/servlet/http/HttpServletRequest;Ljavax/servlet/http/HttpServletResponse;Ljavax/servlet/FilterChain;)V+53
j  org.springframework.web.filter.OncePerRequestFilter.doFilter(Ljavax/servlet/ServletRequest;Ljavax/servlet/ServletResponse;Ljavax/servlet/FilterChain;)V+147
j  org.apache.catalina.core.ApplicationFilterChain.internalDoFilter(Ljavax/servlet/ServletRequest;Ljavax/servlet/ServletResponse;)V+135
j  org.apache.catalina.core.ApplicationFilterChain.doFilter(Ljavax/servlet/ServletRequest;Ljavax/servlet/ServletResponse;)V+99
j  org.apache.catalina.core.StandardWrapperValve.invoke(Lorg/apache/catalina/connector/Request;Lorg/apache/catalina/connector/Response;)V+514
j  org.apache.catalina.core.StandardContextValve.invoke(Lorg/apache/catalina/connector/Request;Lorg/apache/catalina/connector/Response;)V+169
j  org.apache.catalina.authenticator.AuthenticatorBase.invoke(Lorg/apache/catalina/connector/Request;Lorg/apache/catalina/connector/Response;)V+260
j  org.apache.catalina.core.StandardHostValve.invoke(Lorg/apache/catalina/connector/Request;Lorg/apache/catalina/connector/Response;)V+128
j  org.apache.catalina.valves.ErrorReportValve.invoke(Lorg/apache/catalina/connector/Request;Lorg/apache/catalina/connector/Response;)V+6
j  org.apache.catalina.core.StandardEngineValve.invoke(Lorg/apache/catalina/connector/Request;Lorg/apache/catalina/connector/Response;)V+59
j  org.apache.catalina.connector.CoyoteAdapter.service(Lorg/apache/coyote/Request;Lorg/apache/coyote/Response;)V+187
j  org.apache.coyote.http11.Http11Processor.service(Lorg/apache/tomcat/util/net/SocketWrapperBase;)Lorg/apache/tomcat/util/net/AbstractEndpoint$Handler$SocketState;+796
j  org.apache.coyote.AbstractProcessorLight.process(Lorg/apache/tomcat/util/net/SocketWrapperBase;Lorg/apache/tomcat/util/net/SocketEvent;)Lorg/apache/tomcat/util/net/AbstractEndpoint$Handler$SocketState;+170
j  org.apache.coyote.AbstractProtocol$ConnectionHandler.process(Lorg/apache/tomcat/util/net/SocketWrapperBase;Lorg/apache/tomcat/util/net/SocketEvent;)Lorg/apache/tomcat/util/net/AbstractEndpoint$Handler$SocketState;+489
j  org.apache.tomcat.util.net.NioEndpoint$SocketProcessor.doRun()V+249
j  org.apache.tomcat.util.net.SocketProcessorBase.run()V+21
j  org.apache.tomcat.util.threads.ThreadPoolExecutor.runWorker(Lorg/apache/tomcat/util/threads/ThreadPoolExecutor$Worker;)V+92
j  org.apache.tomcat.util.threads.ThreadPoolExecutor$Worker.run()V+5
j  org.apache.tomcat.util.threads.TaskThread$WrappingRunnable.run()V+4
j  java.lang.Thread.runWith(Ljava/lang/Object;Ljava/lang/Runnable;)V+5 java.base@20.0.1
j  java.lang.Thread.run()V+19 java.base@20.0.1
v  ~StubRoutines::call_stub 0x00000254f95d100d

siginfo: EXCEPTION_ACCESS_VIOLATION (0xc0000005), data execution prevention violation at address 0x0000000000000000


Registers:
RAX=0x0000000000000000, RBX=0x000002548e224258, RCX=0x00000254f752d0b8, RDX=0x0000000000000001
RSP=0x00000062a53fd3c8, RBP=0x00000254f752dc00, RSI=0x0000000000000001, RDI=0xffffffffffffffff
R8 =0x00000254f752dc00, R9 =0x0000000000000005, R10=0x00007ffd78fd0000, R11=0x00000254f7520150
R12=0x0000000000000001, R13=0x0000000000000005, R14=0x00000062a53fd648, R15=0x000002548d71b040
RIP=0x0000000000000000, EFLAGS=0x0000000000010206


Register to memory mapping:

RIP=0x0 is NULL
RAX=0x0 is NULL
RBX=0x000002548e224258 points into unknown readable memory: 0x00000254f752ce08 | 08 ce 52 f7 54 02 00 00
RCX=0x00000254f752d0b8 points into unknown readable memory: 0xffffffffffffffff | ff ff ff ff ff ff ff ff
RDX=0x0000000000000001 is an unknown value
RSP=0x00000062a53fd3c8 is pointing into the stack for thread: 0x000002548d71b040
RBP=0x00000254f752dc00 points into unknown readable memory: 0x0000002577616825 | 25 68 61 77 25 00 00 00
RSI=0x0000000000000001 is an unknown value
RDI=0xffffffffffffffff is an unknown value
R8 =0x00000254f752dc00 points into unknown readable memory: 0x0000002577616825 | 25 68 61 77 25 00 00 00
R9 =0x0000000000000005 is an unknown value
R10=0x00007ffd78fd0000 VCRUNTIME140.dll
R11=0x00000254f7520150 points into unknown readable memory: 0x00000254f752ec40 | 40 ec 52 f7 54 02 00 00
R12=0x0000000000000001 is an unknown value
R13=0x0000000000000005 is an unknown value
R14=0x00000062a53fd648 is pointing into the stack for thread: 0x000002548d71b040
R15=0x000002548d71b040 is a thread


Top of Stack: (sp=0x00000062a53fd3c8)
0x00000062a53fd3c8:   000000000024c85f 00007ffd38565118
0x00000062a53fd3d8:   0000000000000010 0000000000000000
0x00000062a53fd3e8:   00000062a53fd628 0000000000000005
0x00000062a53fd3f8:   00000000c3e3dd30 0000000000000005
0x00000062a53fd408:   0000000000000000 0000000000000001
0x00000062a53fd418:   000002548e224258 ffffffffffffffff
0x00000062a53fd428:   000000000024ca11 0000000000000006
0x00000062a53fd438:   00000062a53fd538 000002548d71b040
0x00000062a53fd448:   0000000000000000 0000000000000000
0x00000062a53fd458:   0000000000000006 000002548d71b040
0x00000062a53fd468:   00000062a53fd648 000002548e224258
0x00000062a53fd478:   0000000000000001 0000000000000000
0x00000062a53fd488:   00000062a53fd608 0000000000000000
0x00000062a53fd498:   0000025489719078 00000062a53fd648
0x00000062a53fd4a8:   000000000024cbbb 000002548d71b040
0x00000062a53fd4b8:   000002548e224258 0000000000000001
0x00000062a53fd4c8:   0000000000000000 ffffffffffffffff
0x00000062a53fd4d8:   0000000000000001 0000025489719078
0x00000062a53fd4e8:   0000000000212cce 00000254f963cbff
0x00000062a53fd4f8:   000000000001b574 000002548d71b040
0x00000062a53fd508:   00000062a53fd558 ffffffffffffffff
0x00000062a53fd518:   000002548d71b040 0000000000000000
0x00000062a53fd528:   00000254f95f24d9 0000000589719078
0x00000062a53fd538:   00000254f752dc00 0000025489719078
0x00000062a53fd548:   0000025489719078 0000000000000005
0x00000062a53fd558:   00000254f95f265e 00000062a53fd560
0x00000062a53fd568:   0000000800bc48ac 0000025489719078
0x00000062a53fd578:   00000062a53fd648 00000062a53fd628
0x00000062a53fd588:   00000254f95f2240 0000025489719078
0x00000062a53fd598:   0000000000000005 00000062a53fd5b8
0x00000062a53fd5a8:   00000062a53fd610 0000000000000000
0x00000062a53fd5b8:   00000000c3e3c210 00000062a53fd5b0 

Instructions: (pc=0x000000000024c85f)
0x000000000024c75f:   00 48 8d 05 7d cd 08 00 4c 8d 05 35 df 08 00 48
0x000000000024c76f:   8d 15 fa d4 08 00 41 b9 f6 23 01 00 b9 0b 00 00
0x000000000024c77f:   00 48 89 44 24 20 e8 f6 c6 ff ff c6 47 13 0b 31
0x000000000024c78f:   c0 e9 36 ff ff ff 0f 8e 2c ff ff ff 0f be 47 15
0x000000000024c79f:   e9 44 ff ff ff 48 8d 54 24 3c 48 8d 4e 01 e8 3e
0x000000000024c7af:   56 fd ff 8b 44 24 3c e9 07 ff ff ff 0f 1f 44 00
0x000000000024c7bf:   00 0f be 47 12 c6 47 16 01 e9 fe fe ff ff 0f 1f
0x000000000024c7cf:   00 48 83 ec 28 48 85 c9 74 37 31 c0 48 83 39 00
0x000000000024c7df:   74 0f 48 83 c4 28 c3 66 2e 0f 1f 84 00 00 00 00
0x000000000024c7ef:   00 48 8d 15 79 e1 08 00 b9 15 00 00 00 e8 7f c6
0x000000000024c7ff:   ff ff b8 01 00 00 00 eb d9 0f 1f 84 00 00 00 00
0x000000000024c80f:   00 48 8d 15 31 e1 08 00 b1 15 e8 62 c6 ff ff b8
0x000000000024c81f:   01 00 00 00 eb bc 90 66 2e 0f 1f 84 00 00 00 00
0x000000000024c82f:   00 57 56 53 48 83 ec 40 48 89 cb 89 d6 e8 8f ff
0x000000000024c83f:   ff ff 85 c0 0f 85 9c 00 00 00 48 8b 0b 48 8b 49
0x000000000024c84f:   18 48 85 c9 74 0e 89 44 24 3c ff 15 a9 b9 08 00
0x000000000024c85f:   8b 44 24 3c 81 7b 28 a3 0d f2 2d 0f 84 90 00 00
0x000000000024c86f:   00 48 8b 0b ba 15 00 00 00 c7 41 44 15 00 00 00
0x000000000024c87f:   e8 0c 54 fd ff 48 8b 03 48 8b 48 18 48 85 c9 74
0x000000000024c88f:   06 ff 15 82 b9 08 00 4c 8b 83 e0 00 00 00 48 8d
0x000000000024c89f:   15 fc e0 08 00 b9 15 00 00 00 e8 d2 c5 ff ff 48
0x000000000024c8af:   8d 05 2f cc 08 00 41 b9 44 2a 01 00 48 89 44 24
0x000000000024c8bf:   20 4c 8d 05 a1 d3 08 00 48 8d 15 a1 d3 08 00 b9
0x000000000024c8cf:   15 00 00 00 e8 a8 c5 ff ff b8 15 00 00 00 48 83
0x000000000024c8df:   c4 40 5b 5e 5f c3 48 8d 05 f8 cb 08 00 41 b9 3c
0x000000000024c8ef:   2a 01 00 48 89 44 24 20 eb c7 0f 1f 80 00 00 00
0x000000000024c8ff:   00 8b 53 38 85 d2 0f 89 65 ff ff ff 85 f6 7e 05
0x000000000024c90f:   3b 73 20 7e 35 48 8b 0b ba 19 00 00 00 c7 41 44
0x000000000024c91f:   19 00 00 00 e8 68 53 fd ff 48 8b 03 48 8b 48 18
0x000000000024c92f:   b8 19 00 00 00 48 85 c9 74 a4 89 44 24 3c ff 15
0x000000000024c93f:   d5 b8 08 00 8b 44 24 3c eb 94 83 ee 01 89 44 24
0x000000000024c94f:   3c 48 63 d6 48 8d 0c d5 00 00 00 00 48 c1 e2 06 


Stack slot to memory mapping:
stack at sp + 0 slots: 0x00007ffd38565118 jvm.dll
stack at sp + 1 slots: 0x0000000000000010 is an unknown value
stack at sp + 2 slots: 0x0 is NULL
stack at sp + 3 slots: 0x00000062a53fd628 is pointing into the stack for thread: 0x000002548d71b040
stack at sp + 4 slots: 0x0000000000000005 is an unknown value
stack at sp + 5 slots: 0x00000000c3e3dd30 is an oop: [B 
{0x00000000c3e3dd30} - klass: {type array byte}
 - length: 5
stack at sp + 6 slots: 0x0000000000000005 is an unknown value
stack at sp + 7 slots: 0x0 is NULL


---------------  P R O C E S S  ---------------

Threads class SMR info:
_java_thread_list=0x000002548d63a560, length=27, elements={
0x00000254ffd94e20, 0x00000254ffd95c20, 0x00000254ffd99cd0, 0x00000254ffd9aad0,
0x00000254ffd9ebd0, 0x00000254ffda45c0, 0x00000254ffda76b0, 0x000002548c18e0e0,
0x000002548c1930a0, 0x000002548d63ba80, 0x000002548d63cfe0, 0x000002548d65ffa0,
0x000002548d77c030, 0x000002548d71b590, 0x000002548d719b00, 0x000002548d718070,
0x000002548d71b040, 0x000002548d719060, 0x000002548d71a5a0, 0x000002548d7195b0,
0x000002548d7185c0, 0x000002548d71aaf0, 0x000002548d71a050, 0x000002548d718b10,
0x000002548d7a9010, 0x000002548d7a7580, 0x000002548d7a6590
}

Java Threads: ( => current thread )
  0x00000254ffd94e20 JavaThread "Reference Handler" daemon [_thread_blocked, id=16040, stack(0x00000062a3b00000,0x00000062a3c00000)]
  0x00000254ffd95c20 JavaThread "Finalizer" daemon [_thread_blocked, id=11516, stack(0x00000062a3c00000,0x00000062a3d00000)]
  0x00000254ffd99cd0 JavaThread "Signal Dispatcher" daemon [_thread_blocked, id=17332, stack(0x00000062a3d00000,0x00000062a3e00000)]
  0x00000254ffd9aad0 JavaThread "Attach Listener" daemon [_thread_blocked, id=16620, stack(0x00000062a3e00000,0x00000062a3f00000)]
  0x00000254ffd9ebd0 JavaThread "Service Thread" daemon [_thread_blocked, id=8392, stack(0x00000062a3f00000,0x00000062a4000000)]
  0x00000254ffda45c0 JavaThread "Monitor Deflation Thread" daemon [_thread_blocked, id=3748, stack(0x00000062a4000000,0x00000062a4100000)]
  0x00000254ffda76b0 JavaThread "C1 CompilerThread0" daemon [_thread_blocked, id=4804, stack(0x00000062a4100000,0x00000062a4200000)]
  0x000002548c18e0e0 JavaThread "Notification Thread" daemon [_thread_blocked, id=14888, stack(0x00000062a4200000,0x00000062a4300000)]
  0x000002548c1930a0 JavaThread "Common-Cleaner" daemon [_thread_blocked, id=1672, stack(0x00000062a4400000,0x00000062a4500000)]
  0x000002548d63ba80 JavaThread "Catalina-utility-1" [_thread_blocked, id=9484, stack(0x00000062a4c00000,0x00000062a4d00000)]
  0x000002548d63cfe0 JavaThread "Catalina-utility-2" [_thread_blocked, id=12120, stack(0x00000062a4d00000,0x00000062a4e00000)]
  0x000002548d65ffa0 JavaThread "container-0" [_thread_blocked, id=11340, stack(0x00000062a4e00000,0x00000062a4f00000)]
  0x000002548d77c030 JavaThread "File Watcher" daemon [_thread_blocked, id=3352, stack(0x00000062a4f00000,0x00000062a5000000)]
  0x000002548d71b590 JavaThread "Live Reload Server" daemon [_thread_in_native, id=8852, stack(0x00000062a5100000,0x00000062a5200000)]
  0x000002548d719b00 JavaThread "http-nio-8080-exec-1" daemon [_thread_blocked, id=9148, stack(0x00000062a5000000,0x00000062a5100000)]
  0x000002548d718070 JavaThread "http-nio-8080-exec-2" daemon [_thread_blocked, id=13448, stack(0x00000062a5200000,0x00000062a5300000)]
=>0x000002548d71b040 JavaThread "http-nio-8080-exec-3" daemon [_thread_in_native, id=15892, stack(0x00000062a5300000,0x00000062a5400000)]
  0x000002548d719060 JavaThread "http-nio-8080-exec-4" daemon [_thread_blocked, id=12996, stack(0x00000062a5400000,0x00000062a5500000)]
  0x000002548d71a5a0 JavaThread "http-nio-8080-exec-5" daemon [_thread_blocked, id=1232, stack(0x00000062a5500000,0x00000062a5600000)]
  0x000002548d7195b0 JavaThread "http-nio-8080-exec-6" daemon [_thread_blocked, id=17152, stack(0x00000062a5600000,0x00000062a5700000)]
  0x000002548d7185c0 JavaThread "http-nio-8080-exec-7" daemon [_thread_blocked, id=13284, stack(0x00000062a5700000,0x00000062a5800000)]
  0x000002548d71aaf0 JavaThread "http-nio-8080-exec-8" daemon [_thread_blocked, id=16564, stack(0x00000062a5800000,0x00000062a5900000)]
  0x000002548d71a050 JavaThread "http-nio-8080-exec-9" daemon [_thread_blocked, id=12624, stack(0x00000062a5900000,0x00000062a5a00000)]
  0x000002548d718b10 JavaThread "http-nio-8080-exec-10" daemon [_thread_blocked, id=16488, stack(0x00000062a5a00000,0x00000062a5b00000)]
  0x000002548d7a9010 JavaThread "http-nio-8080-Poller" daemon [_thread_in_native, id=9768, stack(0x00000062a5b00000,0x00000062a5c00000)]
  0x000002548d7a7580 JavaThread "http-nio-8080-Acceptor" daemon [_thread_in_native, id=3812, stack(0x00000062a5c00000,0x00000062a5d00000)]
  0x000002548d7a6590 JavaThread "DestroyJavaVM" [_thread_blocked, id=10032, stack(0x00000062a3400000,0x00000062a3500000)]

Other Threads:
  0x00000254f95c9050 VMThread "VM Thread" [stack: 0x00000062a3a00000,0x00000062a3b00000] [id=10304]
  0x000002548c191e90 WatcherThread "VM Periodic Task Thread" [stack: 0x00000062a4300000,0x00000062a4400000] [id=15944]
  0x00000254f9547d50 WorkerThread "GC Thread#0" [stack: 0x00000062a3500000,0x00000062a3600000] [id=17388]
  0x000002548c951dc0 WorkerThread "GC Thread#1" [stack: 0x00000062a4700000,0x00000062a4800000] [id=11160]
  0x000002548c9a3b60 WorkerThread "GC Thread#2" [stack: 0x00000062a4800000,0x00000062a4900000] [id=16932]
  0x000002548c98c0d0 WorkerThread "GC Thread#3" [stack: 0x00000062a4900000,0x00000062a4a00000] [id=11908]
  0x00000254f9550860 ConcurrentGCThread "G1 Main Marker" [stack: 0x00000062a3600000,0x00000062a3700000] [id=8988]
  0x00000254f9551ca0 WorkerThread "G1 Conc#0" [stack: 0x00000062a3700000,0x00000062a3800000] [id=16540]
  0x00000254f95a7260 ConcurrentGCThread "G1 Refine#0" [stack: 0x00000062a3800000,0x00000062a3900000] [id=7580]
  0x00000254f95a7d00 ConcurrentGCThread "G1 Service" [stack: 0x00000062a3900000,0x00000062a3a00000] [id=10284]

Threads with active compile tasks:

VM state: not at safepoint (normal execution)

VM Mutex/Monitor currently owned by a thread: None

Heap address: 0x00000000c2000000, size: 992 MB, Compressed Oops mode: 32-bit

CDS archive(s) mapped at: [0x0000000800000000-0x0000000800c60000-0x0000000800c60000), size 12976128, SharedBaseAddress: 0x0000000800000000, ArchiveRelocationMode: 0.
Compressed class space mapped at: 0x0000000801000000-0x0000000841000000, reserved size: 1073741824
Narrow klass base: 0x0000000800000000, Narrow klass shift: 0, Narrow klass range: 0x100000000

GC Precious Log:
 CardTable entry size: 512
 Card Set container configuration: InlinePtr #cards 5 size 8 Array Of Cards #cards 12 size 40 Howl #buckets 4 coarsen threshold 1843 Howl Bitmap #cards 512 size 80 coarsen threshold 460 Card regions per heap region 1 cards per card region 2048
 CPUs: 4 total, 4 available
 Memory: 3961M
 Large Page Support: Disabled
 NUMA Support: Disabled
 Compressed Oops: Enabled (32-bit)
 Heap Region Size: 1M
 Heap Min Capacity: 8M
 Heap Initial Capacity: 62M
 Heap Max Capacity: 992M
 Pre-touch: Disabled
 Parallel Workers: 4
 Concurrent Workers: 1
 Concurrent Refinement Workers: 4
 Periodic GC: Disabled

Heap:
 garbage-first heap   total 40960K, used 24952K [0x00000000c2000000, 0x0000000100000000)
  region size 1024K, 15 young (15360K), 3 survivors (3072K)
 Metaspace       used 27911K, committed 28352K, reserved 1114112K
  class space    used 3697K, committed 3904K, reserved 1048576K

Heap Regions: E=young(eden), S=young(survivor), O=old, HS=humongous(starts), HC=humongous(continues), CS=collection set, F=free, OA=open archive, CA=closed archive, TAMS=top-at-mark-start, PB=parsable bottom
|   0|0x00000000c2000000, 0x00000000c2100000, 0x00000000c2100000|100%| O|  |TAMS 0x00000000c2000000| PB 0x00000000c2000000| Untracked 
|   1|0x00000000c2100000, 0x00000000c2200000, 0x00000000c2200000|100%| O|  |TAMS 0x00000000c2100000| PB 0x00000000c2100000| Untracked 
|   2|0x00000000c2200000, 0x00000000c2300000, 0x00000000c2300000|100%| O|  |TAMS 0x00000000c2200000| PB 0x00000000c2200000| Untracked 
|   3|0x00000000c2300000, 0x00000000c2400000, 0x00000000c2400000|100%| O|  |TAMS 0x00000000c2300000| PB 0x00000000c2300000| Complete 
|   4|0x00000000c2400000, 0x00000000c2500000, 0x00000000c2500000|100%| O|  |TAMS 0x00000000c2400000| PB 0x00000000c2400000| Untracked 
|   5|0x00000000c2500000, 0x00000000c2600000, 0x00000000c2600000|100%| O|  |TAMS 0x00000000c2500000| PB 0x00000000c2500000| Untracked 
|   6|0x00000000c2600000, 0x00000000c2700000, 0x00000000c2700000|100%| O|  |TAMS 0x00000000c2600000| PB 0x00000000c2600000| Untracked 
|   7|0x00000000c2700000, 0x00000000c2800000, 0x00000000c2800000|100%| O|  |TAMS 0x00000000c2700000| PB 0x00000000c2700000| Untracked 
|   8|0x00000000c2800000, 0x00000000c2900000, 0x00000000c2900000|100%| O|  |TAMS 0x00000000c2800000| PB 0x00000000c2800000| Untracked 
|   9|0x00000000c2900000, 0x00000000c2a00000, 0x00000000c2a00000|100%| O|  |TAMS 0x00000000c2900000| PB 0x00000000c2900000| Untracked 
|  10|0x00000000c2a00000, 0x00000000c2a5e000, 0x00000000c2b00000| 36%| O|  |TAMS 0x00000000c2a00000| PB 0x00000000c2a00000| Untracked 
|  11|0x00000000c2b00000, 0x00000000c2b00000, 0x00000000c2c00000|  0%| F|  |TAMS 0x00000000c2b00000| PB 0x00000000c2b00000| Untracked 
|  12|0x00000000c2c00000, 0x00000000c2c00000, 0x00000000c2d00000|  0%| F|  |TAMS 0x00000000c2c00000| PB 0x00000000c2c00000| Untracked 
|  13|0x00000000c2d00000, 0x00000000c2e00000, 0x00000000c2e00000|100%| S|CS|TAMS 0x00000000c2d00000| PB 0x00000000c2d00000| Complete 
|  14|0x00000000c2e00000, 0x00000000c2f00000, 0x00000000c2f00000|100%| S|CS|TAMS 0x00000000c2e00000| PB 0x00000000c2e00000| Complete 
|  15|0x00000000c2f00000, 0x00000000c3000000, 0x00000000c3000000|100%| S|CS|TAMS 0x00000000c2f00000| PB 0x00000000c2f00000| Complete 
|  16|0x00000000c3000000, 0x00000000c3000000, 0x00000000c3100000|  0%| F|  |TAMS 0x00000000c3000000| PB 0x00000000c3000000| Untracked 
|  17|0x00000000c3100000, 0x00000000c3100000, 0x00000000c3200000|  0%| F|  |TAMS 0x00000000c3100000| PB 0x00000000c3100000| Untracked 
|  18|0x00000000c3200000, 0x00000000c3200000, 0x00000000c3300000|  0%| F|  |TAMS 0x00000000c3200000| PB 0x00000000c3200000| Untracked 
|  19|0x00000000c3300000, 0x00000000c3300000, 0x00000000c3400000|  0%| F|  |TAMS 0x00000000c3300000| PB 0x00000000c3300000| Untracked 
|  20|0x00000000c3400000, 0x00000000c3400000, 0x00000000c3500000|  0%| F|  |TAMS 0x00000000c3400000| PB 0x00000000c3400000| Untracked 
|  21|0x00000000c3500000, 0x00000000c3500000, 0x00000000c3600000|  0%| F|  |TAMS 0x00000000c3500000| PB 0x00000000c3500000| Untracked 
|  22|0x00000000c3600000, 0x00000000c3600000, 0x00000000c3700000|  0%| F|  |TAMS 0x00000000c3600000| PB 0x00000000c3600000| Untracked 
|  23|0x00000000c3700000, 0x00000000c3700000, 0x00000000c3800000|  0%| F|  |TAMS 0x00000000c3700000| PB 0x00000000c3700000| Untracked 
|  24|0x00000000c3800000, 0x00000000c3800000, 0x00000000c3900000|  0%| F|  |TAMS 0x00000000c3800000| PB 0x00000000c3800000| Untracked 
|  25|0x00000000c3900000, 0x00000000c3900000, 0x00000000c3a00000|  0%| F|  |TAMS 0x00000000c3900000| PB 0x00000000c3900000| Untracked 
|  26|0x00000000c3a00000, 0x00000000c3a00000, 0x00000000c3b00000|  0%| F|  |TAMS 0x00000000c3a00000| PB 0x00000000c3a00000| Untracked 
|  27|0x00000000c3b00000, 0x00000000c3b00000, 0x00000000c3c00000|  0%| F|  |TAMS 0x00000000c3b00000| PB 0x00000000c3b00000| Untracked 
|  28|0x00000000c3c00000, 0x00000000c3c82008, 0x00000000c3d00000| 50%| E|  |TAMS 0x00000000c3c00000| PB 0x00000000c3c00000| Complete 
|  29|0x00000000c3d00000, 0x00000000c3e00000, 0x00000000c3e00000|100%| E|CS|TAMS 0x00000000c3d00000| PB 0x00000000c3d00000| Complete 
|  30|0x00000000c3e00000, 0x00000000c3f00000, 0x00000000c3f00000|100%| E|CS|TAMS 0x00000000c3e00000| PB 0x00000000c3e00000| Complete 
|  31|0x00000000c3f00000, 0x00000000c4000000, 0x00000000c4000000|100%| E|CS|TAMS 0x00000000c3f00000| PB 0x00000000c3f00000| Complete 
|  32|0x00000000c4000000, 0x00000000c4100000, 0x00000000c4100000|100%| E|CS|TAMS 0x00000000c4000000| PB 0x00000000c4000000| Complete 
|  33|0x00000000c4100000, 0x00000000c4200000, 0x00000000c4200000|100%| E|CS|TAMS 0x00000000c4100000| PB 0x00000000c4100000| Complete 
|  34|0x00000000c4200000, 0x00000000c4300000, 0x00000000c4300000|100%| E|CS|TAMS 0x00000000c4200000| PB 0x00000000c4200000| Complete 
|  35|0x00000000c4300000, 0x00000000c4400000, 0x00000000c4400000|100%| E|CS|TAMS 0x00000000c4300000| PB 0x00000000c4300000| Complete 
|  36|0x00000000c4400000, 0x00000000c4500000, 0x00000000c4500000|100%| E|CS|TAMS 0x00000000c4400000| PB 0x00000000c4400000| Complete 
|  37|0x00000000c4500000, 0x00000000c4600000, 0x00000000c4600000|100%| E|CS|TAMS 0x00000000c4500000| PB 0x00000000c4500000| Complete 
|  57|0x00000000c5900000, 0x00000000c5a00000, 0x00000000c5a00000|100%| E|CS|TAMS 0x00000000c5900000| PB 0x00000000c5900000| Complete 
|  61|0x00000000c5d00000, 0x00000000c5e00000, 0x00000000c5e00000|100%| E|CS|TAMS 0x00000000c5d00000| PB 0x00000000c5d00000| Complete 

Card table byte_map: [0x00000254fc5d0000,0x00000254fc7c0000] _byte_map_base: 0x00000254fbfc0000

Marking Bits: (CMBitMap*) 0x00000254f9548380
 Bits: [0x00000254fc9b0000, 0x00000254fd930000)

Polling page: 0x00000254f74f0000

Metaspace:

Usage:
  Non-class:     23.65 MB used.
      Class:      3.61 MB used.
       Both:     27.26 MB used.

Virtual space:
  Non-class space:       64.00 MB reserved,      23.88 MB ( 37%) committed,  1 nodes.
      Class space:        1.00 GB reserved,       3.81 MB ( <1%) committed,  1 nodes.
             Both:        1.06 GB reserved,      27.69 MB (  3%) committed. 

Chunk freelists:
   Non-Class:  3.92 MB
       Class:  192.00 KB
        Both:  4.11 MB

MaxMetaspaceSize: unlimited
CompressedClassSpaceSize: 1.00 GB
Initial GC threshold: 21.00 MB
Current GC threshold: 35.25 MB
CDS: on
MetaspaceReclaimPolicy: balanced
 - commit_granule_bytes: 65536.
 - commit_granule_words: 8192.
 - virtual_space_node_default_size: 8388608.
 - enlarge_chunks_in_place: 1.
 - new_chunks_are_fully_committed: 0.
 - uncommit_free_chunks: 1.
 - use_allocation_guard: 0.


Internal statistics:

num_allocs_failed_limit: 3.
num_arena_births: 452.
num_arena_deaths: 0.
num_vsnodes_births: 2.
num_vsnodes_deaths: 0.
num_space_committed: 443.
num_space_uncommitted: 0.
num_chunks_returned_to_freelist: 3.
num_chunks_taken_from_freelist: 1443.
num_chunk_merges: 3.
num_chunk_splits: 999.
num_chunks_enlarged: 790.
num_inconsistent_stats: 0.

CodeCache: size=49152Kb used=6974Kb max_used=7838Kb free=42177Kb
 bounds [0x00000254f95d0000, 0x00000254f9d80000, 0x00000254fc5d0000]
 total_blobs=4111 nmethods=3591 adapters=445
 compilation: enabled
              stopped_count=0, restarted_count=0
 full_count=0

Compilation events (20 events):
Event: 79.612 Thread 0x00000254ffda76b0 3560       1       org.sqlite.SQLiteJDBCLoader$1::accept (26 bytes)
Event: 79.612 Thread 0x00000254ffda76b0 nmethod 3560 0x00000254f989f290 code [0x00000254f989f420, 0x00000254f989f580]
Event: 79.617 Thread 0x00000254ffda76b0 3561       1       java.util.regex.Pattern$CharProperty::<init> (10 bytes)
Event: 79.618 Thread 0x00000254ffda76b0 nmethod 3561 0x00000254f989ef10 code [0x00000254f989f0a0, 0x00000254f989f210]
Event: 79.636 Thread 0x00000254ffda76b0 3562       1       java.io.FilterInputStream::read (9 bytes)
Event: 79.636 Thread 0x00000254ffda76b0 nmethod 3562 0x00000254f989eb90 code [0x00000254f989ed20, 0x00000254f989ee18]
Event: 79.643 Thread 0x00000254ffda76b0 3563       1       java.io.FileDescriptor$1::getAppend (5 bytes)
Event: 79.643 Thread 0x00000254ffda76b0 nmethod 3563 0x00000254f989e890 code [0x00000254f989ea00, 0x00000254f989ead0]
Event: 79.643 Thread 0x00000254ffda76b0 3565   !   1       java.io.FileOutputStream::write (47 bytes)
Event: 79.644 Thread 0x00000254ffda76b0 nmethod 3565 0x00000254f989df90 code [0x00000254f989e140, 0x00000254f989e2e0]
Event: 79.722 Thread 0x00000254ffda76b0 3566 %     1       org.sqlite.SQLiteJDBCLoader::contentsEquals @ 37 (78 bytes)
Event: 79.723 Thread 0x00000254ffda76b0 nmethod 3566% 0x00000254f989d790 code [0x00000254f989d980, 0x00000254f989dde8]
Event: 79.723 Thread 0x00000254ffda76b0 3567       1       org.sqlite.SQLiteJDBCLoader::contentsEquals (78 bytes)
Event: 79.723 Thread 0x00000254ffda76b0 nmethod 3567 0x00000254f989d010 code [0x00000254f989d200, 0x00000254f989d5b8]
Event: 79.771 Thread 0x00000254ffda76b0 3569   !   1       java.io.FileInputStream::read (32 bytes)
Event: 79.771 Thread 0x00000254ffda76b0 nmethod 3569 0x00000254f989c790 code [0x00000254f989c940, 0x00000254f989cab8]
Event: 79.793 Thread 0x00000254ffda76b0 3570       1       java.io.BufferedInputStream::getInIfOpen (21 bytes)
Event: 79.793 Thread 0x00000254ffda76b0 nmethod 3570 0x00000254f989c410 code [0x00000254f989c5a0, 0x00000254f989c700]
Event: 79.793 Thread 0x00000254ffda76b0 3571       1       java.io.BufferedInputStream::fill (204 bytes)
Event: 79.794 Thread 0x00000254ffda76b0 nmethod 3571 0x00000254f989b990 code [0x00000254f989bb80, 0x00000254f989c1e8]

GC Heap History (12 events):
Event: 0.782 GC heap before
{Heap before GC invocations=0 (full 0):
 garbage-first heap   total 63488K, used 12288K [0x00000000c2000000, 0x0000000100000000)
  region size 1024K, 13 young (13312K), 0 survivors (0K)
 Metaspace       used 3369K, committed 3456K, reserved 1114112K
  class space    used 407K, committed 448K, reserved 1048576K
}
Event: 0.792 GC heap after
{Heap after GC invocations=1 (full 0):
 garbage-first heap   total 63488K, used 4000K [0x00000000c2000000, 0x0000000100000000)
  region size 1024K, 2 young (2048K), 2 survivors (2048K)
 Metaspace       used 3369K, committed 3456K, reserved 1114112K
  class space    used 407K, committed 448K, reserved 1048576K
}
Event: 1.508 GC heap before
{Heap before GC invocations=1 (full 0):
 garbage-first heap   total 63488K, used 17312K [0x00000000c2000000, 0x0000000100000000)
  region size 1024K, 16 young (16384K), 2 survivors (2048K)
 Metaspace       used 6575K, committed 6720K, reserved 1114112K
  class space    used 900K, committed 960K, reserved 1048576K
}
Event: 1.513 GC heap after
{Heap after GC invocations=2 (full 0):
 garbage-first heap   total 63488K, used 5307K [0x00000000c2000000, 0x0000000100000000)
  region size 1024K, 2 young (2048K), 2 survivors (2048K)
 Metaspace       used 6575K, committed 6720K, reserved 1114112K
  class space    used 900K, committed 960K, reserved 1048576K
}
Event: 2.810 GC heap before
{Heap before GC invocations=2 (full 0):
 garbage-first heap   total 63488K, used 40123K [0x00000000c2000000, 0x0000000100000000)
  region size 1024K, 37 young (37888K), 2 survivors (2048K)
 Metaspace       used 14416K, committed 14656K, reserved 1114112K
  class space    used 1907K, committed 2048K, reserved 1048576K
}
Event: 2.821 GC heap after
{Heap after GC invocations=3 (full 0):
 garbage-first heap   total 63488K, used 7561K [0x00000000c2000000, 0x0000000100000000)
  region size 1024K, 4 young (4096K), 4 survivors (4096K)
 Metaspace       used 14416K, committed 14656K, reserved 1114112K
  class space    used 1907K, committed 2048K, reserved 1048576K
}
Event: 4.105 GC heap before
{Heap before GC invocations=3 (full 0):
 garbage-first heap   total 63488K, used 41353K [0x00000000c2000000, 0x0000000100000000)
  region size 1024K, 37 young (37888K), 4 survivors (4096K)
 Metaspace       used 20507K, committed 20800K, reserved 1114112K
  class space    used 2753K, committed 2880K, reserved 1048576K
}
Event: 4.115 GC heap after
{Heap after GC invocations=4 (full 0):
 garbage-first heap   total 63488K, used 10349K [0x00000000c2000000, 0x0000000100000000)
  region size 1024K, 5 young (5120K), 5 survivors (5120K)
 Metaspace       used 20507K, committed 20800K, reserved 1114112K
  class space    used 2753K, committed 2880K, reserved 1048576K
}
Event: 4.235 GC heap before
{Heap before GC invocations=4 (full 0):
 garbage-first heap   total 63488K, used 13421K [0x00000000c2000000, 0x0000000100000000)
  region size 1024K, 9 young (9216K), 5 survivors (5120K)
 Metaspace       used 21121K, committed 21504K, reserved 1114112K
  class space    used 2830K, committed 3008K, reserved 1048576K
}
Event: 4.246 GC heap after
{Heap after GC invocations=5 (full 0):
 garbage-first heap   total 63488K, used 11264K [0x00000000c2000000, 0x0000000100000000)
  region size 1024K, 1 young (1024K), 1 survivors (1024K)
 Metaspace       used 21121K, committed 21504K, reserved 1114112K
  class space    used 2830K, committed 3008K, reserved 1048576K
}
Event: 5.153 GC heap before
{Heap before GC invocations=6 (full 0):
 garbage-first heap   total 40960K, used 34816K [0x00000000c2000000, 0x0000000100000000)
  region size 1024K, 24 young (24576K), 1 survivors (1024K)
 Metaspace       used 24963K, committed 25408K, reserved 1114112K
  class space    used 3342K, committed 3520K, reserved 1048576K
}
Event: 5.160 GC heap after
{Heap after GC invocations=7 (full 0):
 garbage-first heap   total 40960K, used 13688K [0x00000000c2000000, 0x0000000100000000)
  region size 1024K, 3 young (3072K), 3 survivors (3072K)
 Metaspace       used 24963K, committed 25408K, reserved 1114112K
  class space    used 3342K, committed 3520K, reserved 1048576K
}

Dll operation events (13 events):
Event: 0.019 Loaded shared library C:\Program Files\Java\jdk-20\bin\java.dll
Event: 0.036 Loaded shared library C:\Program Files\Java\jdk-20\bin\jsvml.dll
Event: 0.163 Loaded shared library C:\Program Files\Java\jdk-20\bin\jimage.dll
Event: 0.173 Loaded shared library C:\Program Files\Java\jdk-20\bin\net.dll
Event: 0.176 Loaded shared library C:\Program Files\Java\jdk-20\bin\nio.dll
Event: 0.180 Loaded shared library C:\Program Files\Java\jdk-20\bin\zip.dll
Event: 0.267 Loaded shared library C:\Program Files\Java\jdk-20\bin\verify.dll
Event: 0.816 Loaded shared library C:\Program Files\Java\jdk-20\bin\management.dll
Event: 0.836 Loaded shared library C:\Program Files\Java\jdk-20\bin\management_ext.dll
Event: 4.152 Loaded shared library C:\Program Files\Java\jdk-20\bin\sunmscapi.dll
Event: 5.047 Loaded shared library C:\Program Files\Java\jdk-20\bin\extnet.dll
Event: 79.859 Loaded shared library C:\Users\enry_\AppData\Local\Temp\sqlite-3.15.1-e4291aa4-c40c-4076-9dd9-a590ea04d8e7-sqlitejdbc.dll
Event: 79.882 Loaded shared library C:\Users\enry_\AppData\Local\Temp\sqlite-3.15.1-128398c2-8f45-4a61-9743-376ccd677ed2-sqlitejdbc.dll

Deoptimization events (4 events):
Event: 2.008 Thread 0x000002548c9b3280 DEOPT PACKING pc=0x00000254f9a8ce79 sp=0x00000062a4bfcde0
Event: 2.008 Thread 0x000002548c9b3280 DEOPT UNPACKING pc=0x00000254f963a4c2 sp=0x00000062a4bfc2c0 mode 3
Event: 4.511 Thread 0x000002548c9b3280 DEOPT PACKING pc=0x00000254f9cfff6d sp=0x00000062a4bfbfc0
Event: 4.511 Thread 0x000002548c9b3280 DEOPT UNPACKING pc=0x00000254f963a4c2 sp=0x00000062a4bfb528 mode 3

Classes loaded (20 events):
Event: 79.508 Loading class java/time/format/DateTimeFormatterBuilder$ZoneTextPrinterParser
Event: 79.510 Loading class java/time/format/DateTimeFormatterBuilder$ZoneTextPrinterParser done
Event: 79.512 Loading class java/time/format/DateTimeFormatterBuilder$ReducedPrinterParser
Event: 79.513 Loading class java/time/format/DateTimeFormatterBuilder$ReducedPrinterParser done
Event: 79.538 Loading class java/util/concurrent/locks/ReentrantReadWriteLock$Sync$HoldCounter
Event: 79.538 Loading class java/util/concurrent/locks/ReentrantReadWriteLock$Sync$HoldCounter done
Event: 79.600 Loading class sun/util/locale/LocaleExtensions
Event: 79.600 Loading class sun/util/locale/LocaleExtensions done
Event: 79.600 Loading class sun/util/locale/UnicodeLocaleExtension
Event: 79.600 Loading class sun/util/locale/Extension
Event: 79.601 Loading class sun/util/locale/Extension done
Event: 79.601 Loading class sun/util/locale/UnicodeLocaleExtension done
Event: 79.607 Loading class java/io/FilenameFilter
Event: 79.608 Loading class java/io/FilenameFilter done
Event: 79.616 Loading class java/util/UUID$Holder
Event: 79.616 Loading class java/util/UUID$Holder done
Event: 79.645 Loading class java/io/FileOutputStream$1
Event: 79.646 Loading class java/io/FileOutputStream$1 done
Event: 79.883 Loading class java/util/concurrent/CompletionStage
Event: 79.883 Loading class java/util/concurrent/CompletionStage done

Classes unloaded (0 events):
No events

Classes redefined (0 events):
No events

Internal exceptions (20 events):
Event: 4.606 Thread 0x000002548c9b3280 Exception <a 'java/lang/ClassNotFoundException'{0x00000000c3e60078}: java/lang/ObjectCustomizer> (0x00000000c3e60078) 
thrown [s\open\src\hotspot\share\classfile\systemDictionary.cpp, line 305]
Event: 4.607 Thread 0x000002548c9b3280 Exception <a 'java/lang/ClassNotFoundException'{0x00000000c3e676a0}: org/springframework/web/servlet/config/annotation/WebMvcConfigurationSupportCustomizer> (0x00000000c3e676a0) 
thrown [s\open\src\hotspot\share\classfile\systemDictionary.cpp, line 305]
Event: 4.609 Thread 0x000002548c9b3280 Exception <a 'java/lang/ClassNotFoundException'{0x00000000c3e7af40}: org/springframework/web/servlet/config/annotation/DelegatingWebMvcConfigurationCustomizer> (0x00000000c3e7af40) 
thrown [s\open\src\hotspot\share\classfile\systemDictionary.cpp, line 305]
Event: 4.610 Thread 0x000002548c9b3280 Exception <a 'java/lang/ClassNotFoundException'{0x00000000c3e841a0}: org/springframework/boot/autoconfigure/web/servlet/WebMvcAutoConfiguration$EnableWebMvcConfigurationCustomizer> (0x00000000c3e841a0) 
thrown [s\open\src\hotspot\share\classfile\systemDictionary.cpp, line 305]
Event: 4.612 Thread 0x000002548c9b3280 Exception <a 'java/lang/ClassNotFoundException'{0x00000000c3e96af8}: org/springframework/context/ResourceLoaderAwareCustomizer> (0x00000000c3e96af8) 
thrown [s\open\src\hotspot\share\classfile\systemDictionary.cpp, line 305]
Event: 4.612 Thread 0x000002548c9b3280 Exception <a 'java/lang/ClassNotFoundException'{0x00000000c3e9b420}: org/springframework/beans/factory/AwareCustomizer> (0x00000000c3e9b420) 
thrown [s\open\src\hotspot\share\classfile\systemDictionary.cpp, line 305]
Event: 4.613 Thread 0x000002548c9b3280 Exception <a 'java/lang/ClassNotFoundException'{0x00000000c3e9f168}: org/springframework/context/ApplicationContextAwareCustomizer> (0x00000000c3e9f168) 
thrown [s\open\src\hotspot\share\classfile\systemDictionary.cpp, line 305]
Event: 4.613 Thread 0x000002548c9b3280 Exception <a 'java/lang/ClassNotFoundException'{0x00000000c3ea4590}: org/springframework/beans/factory/AwareCustomizer> (0x00000000c3ea4590) 
thrown [s\open\src\hotspot\share\classfile\systemDictionary.cpp, line 305]
Event: 4.614 Thread 0x000002548c9b3280 Exception <a 'java/lang/ClassNotFoundException'{0x00000000c3ea82b0}: org/springframework/web/context/ServletContextAwareCustomizer> (0x00000000c3ea82b0) 
thrown [s\open\src\hotspot\share\classfile\systemDictionary.cpp, line 305]
Event: 4.615 Thread 0x000002548c9b3280 Exception <a 'java/lang/ClassNotFoundException'{0x00000000c3ead010}: org/springframework/beans/factory/AwareCustomizer> (0x00000000c3ead010) 
thrown [s\open\src\hotspot\share\classfile\systemDictionary.cpp, line 305]
Event: 4.620 Thread 0x000002548c9b3280 Exception <a 'java/lang/NoSuchMethodError'{0x00000000c3ed9fd0}: 'java.lang.Object java.lang.invoke.DirectMethodHandle$Holder.newInvokeSpecial(java.lang.Object, java.lang.Object, java.lang.Object, java.lang.Object, java.lang.Object, java.lang.Object, java.lang.Object, java.lang.Object)'> (0x00000000c3ed9fd0) 
thrown [s\open\src\hotspot\share\interpreter\linkResolver.cpp, line 773]
Event: 4.744 Thread 0x000002548c9b3280 Exception <a 'java/lang/NoSuchMethodError'{0x00000000c393efe8}: 'void java.lang.invoke.DirectMethodHandle$Holder.invokeVirtual(java.lang.Object, java.lang.Object, long)'> (0x00000000c393efe8) 
thrown [s\open\src\hotspot\share\interpreter\linkResolver.cpp, line 773]
Event: 4.904 Thread 0x000002548c9b3280 Exception <a 'java/lang/IncompatibleClassChangeError'{0x00000000c3433518}: Found class java.lang.Object, but interface was expected> (0x00000000c3433518) 
thrown [s\open\src\hotspot\share\interpreter\linkResolver.cpp, line 840]
Event: 4.946 Thread 0x000002548c9b3280 Exception <a 'java/lang/NoSuchMethodError'{0x00000000c3366500}: 'int java.lang.invoke.DirectMethodHandle$Holder.invokeStaticInit(java.lang.Object, java.lang.Object, java.lang.Object, java.lang.Object)'> (0x00000000c3366500) 
thrown [s\open\src\hotspot\share\interpreter\linkResolver.cpp, line 773]
Event: 5.075 Thread 0x000002548c9b3280 Exception <a 'java/lang/NoSuchMethodError'{0x00000000c3176b20}: 'java.lang.Object java.lang.invoke.DirectMethodHandle$Holder.newInvokeSpecial(java.lang.Object, java.lang.Object, int, java.lang.Object, java.lang.Object)'> (0x00000000c3176b20) 
thrown [s\open\src\hotspot\share\interpreter\linkResolver.cpp, line 773]
Event: 5.076 Thread 0x000002548c9b3280 Exception <a 'java/lang/NoSuchMethodError'{0x00000000c31a9230}: 'java.lang.Object java.lang.invoke.DirectMethodHandle$Holder.invokeSpecial(java.lang.Object, java.lang.Object, int, java.lang.Object, int, java.lang.Object)'> (0x00000000c31a9230) 
thrown [s\open\src\hotspot\share\interpreter\linkResolver.cpp, line 773]
Event: 5.076 Thread 0x000002548c9b3280 Exception <a 'java/lang/NoSuchMethodError'{0x00000000c31b0d40}: 'java.lang.Object java.lang.invoke.DirectMethodHandle$Holder.newInvokeSpecial(java.lang.Object, java.lang.Object, int, java.lang.Object, int)'> (0x00000000c31b0d40) 
thrown [s\open\src\hotspot\share\interpreter\linkResolver.cpp, line 773]
Event: 5.076 Thread 0x000002548c9b3280 Exception <a 'java/lang/NoSuchMethodError'{0x00000000c31b4bb0}: 'java.lang.Object java.lang.invoke.DirectMethodHandle$Holder.invokeSpecial(java.lang.Object, java.lang.Object, java.lang.Object, int, java.lang.Object, int)'> (0x00000000c31b4bb0) 
thrown [s\open\src\hotspot\share\interpreter\linkResolver.cpp, line 773]
Event: 5.078 Thread 0x000002548c9b3280 Exception <a 'java/lang/NoSuchMethodError'{0x00000000c31be668}: 'void java.lang.invoke.DirectMethodHandle$Holder.invokeVirtual(java.lang.Object, java.lang.Object)'> (0x00000000c31be668) 
thrown [s\open\src\hotspot\share\interpreter\linkResolver.cpp, line 773]
Event: 5.203 Thread 0x00000254f9507fc0 Exception <a 'java/lang/NoSuchMethodError'{0x00000000c59118a0}: 'int java.lang.invoke.DirectMethodHandle$Holder.invokeSpecialIFC(java.lang.Object, java.lang.Object, java.lang.Object)'> (0x00000000c59118a0) 
thrown [s\open\src\hotspot\share\interpreter\linkResolver.cpp, line 773]

VM Operations (20 events):
Event: 5.152 Executing VM operation: G1CollectForAllocation
Event: 5.160 Executing VM operation: G1CollectForAllocation done
Event: 6.169 Executing VM operation: Cleanup
Event: 6.169 Executing VM operation: Cleanup done
Event: 15.256 Executing VM operation: Cleanup
Event: 15.256 Executing VM operation: Cleanup done
Event: 70.756 Executing VM operation: Cleanup
Event: 70.756 Executing VM operation: Cleanup done
Event: 72.772 Executing VM operation: Cleanup
Event: 72.772 Executing VM operation: Cleanup done
Event: 79.428 Executing VM operation: HandshakeAllThreads
Event: 79.428 Executing VM operation: HandshakeAllThreads done
Event: 79.469 Executing VM operation: HandshakeAllThreads
Event: 79.469 Executing VM operation: HandshakeAllThreads done
Event: 79.469 Executing VM operation: Cleanup
Event: 79.469 Executing VM operation: Cleanup done
Event: 79.573 Executing VM operation: HandshakeAllThreads
Event: 79.573 Executing VM operation: HandshakeAllThreads done
Event: 79.881 Executing VM operation: HandshakeAllThreads
Event: 79.881 Executing VM operation: HandshakeAllThreads done

Events (20 events):
Event: 5.051 Thread 0x000002548d6e3030 Thread exited: 0x000002548d6e3030
Event: 5.051 Thread 0x000002548d71b590 Thread added: 0x000002548d71b590
Event: 5.094 Thread 0x000002548d719b00 Thread added: 0x000002548d719b00
Event: 5.095 Thread 0x000002548d718070 Thread added: 0x000002548d718070
Event: 5.095 Thread 0x000002548d71b040 Thread added: 0x000002548d71b040
Event: 5.095 Thread 0x000002548d719060 Thread added: 0x000002548d719060
Event: 5.095 Thread 0x000002548d71a5a0 Thread added: 0x000002548d71a5a0
Event: 5.095 Thread 0x000002548d7195b0 Thread added: 0x000002548d7195b0
Event: 5.096 Thread 0x000002548d7185c0 Thread added: 0x000002548d7185c0
Event: 5.096 Thread 0x000002548d71aaf0 Thread added: 0x000002548d71aaf0
Event: 5.096 Thread 0x000002548d71a050 Thread added: 0x000002548d71a050
Event: 5.096 Thread 0x000002548d718b10 Thread added: 0x000002548d718b10
Event: 5.152 Thread 0x000002548d7a9010 Thread added: 0x000002548d7a9010
Event: 5.161 Thread 0x000002548d7a7580 Thread added: 0x000002548d7a7580
Event: 5.194 Thread 0x000002548c9b3280 Thread exited: 0x000002548c9b3280
Event: 5.202 Thread 0x000002548c9b23b0 Thread exited: 0x000002548c9b23b0
Event: 5.204 Thread 0x00000254f9507fc0 Thread exited: 0x00000254f9507fc0
Event: 5.204 Thread 0x000002548d7a6590 Thread added: 0x000002548d7a6590
Event: 7.083 Thread 0x000002548c3494e0 Thread exited: 0x000002548c3494e0
Event: 12.207 Thread 0x00000254f9508eb0 Thread exited: 0x00000254f9508eb0


Dynamic libraries:
0x00007ff72b7e0000 - 0x00007ff72b7f0000 	C:\Program Files\Java\jdk-20\bin\java.exe
0x00007ffd8b890000 - 0x00007ffd8ba88000 	C:\WINDOWS\SYSTEM32\ntdll.dll
0x00007ffd76bf0000 - 0x00007ffd76c09000 	C:\Program Files\AVAST Software\Avast\aswhook.dll
0x00007ffd89aa0000 - 0x00007ffd89b5f000 	C:\WINDOWS\System32\KERNEL32.DLL
0x00007ffd89610000 - 0x00007ffd898ea000 	C:\WINDOWS\System32\KERNELBASE.dll
0x00007ffd891d0000 - 0x00007ffd892d0000 	C:\WINDOWS\System32\ucrtbase.dll
0x00007ffd78fd0000 - 0x00007ffd78feb000 	C:\Program Files\Java\jdk-20\bin\VCRUNTIME140.dll
0x00007ffd7fb40000 - 0x00007ffd7fb59000 	C:\Program Files\Java\jdk-20\bin\jli.dll
0x00007ffd8a360000 - 0x00007ffd8a40e000 	C:\WINDOWS\System32\ADVAPI32.dll
0x00007ffd8a470000 - 0x00007ffd8a50e000 	C:\WINDOWS\System32\msvcrt.dll
0x00007ffd899d0000 - 0x00007ffd89a6c000 	C:\WINDOWS\System32\sechost.dll
0x00007ffd8b670000 - 0x00007ffd8b796000 	C:\WINDOWS\System32\RPCRT4.dll
0x00007ffd89fe0000 - 0x00007ffd8a17d000 	C:\WINDOWS\System32\USER32.dll
0x00007ffd88fa0000 - 0x00007ffd88fc2000 	C:\WINDOWS\System32\win32u.dll
0x00007ffd8a510000 - 0x00007ffd8a53b000 	C:\WINDOWS\System32\GDI32.dll
0x00007ffd890c0000 - 0x00007ffd891d0000 	C:\WINDOWS\System32\gdi32full.dll
0x00007ffd77b50000 - 0x00007ffd77dea000 	C:\WINDOWS\WinSxS\amd64_microsoft.windows.common-controls_6595b64144ccf1df_6.0.19041.1110_none_60b5254171f9507e\COMCTL32.dll
0x00007ffd89570000 - 0x00007ffd8960d000 	C:\WINDOWS\System32\msvcp_win.dll
0x00007ffd7ec60000 - 0x00007ffd7ec6a000 	C:\WINDOWS\SYSTEM32\VERSION.dll
0x00007ffd8b7a0000 - 0x00007ffd8b7d0000 	C:\WINDOWS\System32\IMM32.DLL
0x00007ffd7fb10000 - 0x00007ffd7fb1c000 	C:\Program Files\Java\jdk-20\bin\vcruntime140_1.dll
0x00007ffd73ea0000 - 0x00007ffd73f2e000 	C:\Program Files\Java\jdk-20\bin\msvcp140.dll
0x00007ffd37b90000 - 0x00007ffd38827000 	C:\Program Files\Java\jdk-20\bin\server\jvm.dll
0x00007ffd632d0000 - 0x00007ffd632f7000 	C:\WINDOWS\SYSTEM32\WINMM.dll
0x00007ffd876c0000 - 0x00007ffd876c9000 	C:\WINDOWS\SYSTEM32\WSOCK32.dll
0x00007ffd8aaa0000 - 0x00007ffd8ab0b000 	C:\WINDOWS\System32\WS2_32.dll
0x00007ffd877d0000 - 0x00007ffd877e2000 	C:\WINDOWS\SYSTEM32\kernel.appcore.dll
0x00007ffd7f9b0000 - 0x00007ffd7f9ba000 	C:\Program Files\Java\jdk-20\bin\jimage.dll
0x00007ffd86d00000 - 0x00007ffd86ee4000 	C:\WINDOWS\SYSTEM32\DBGHELP.DLL
0x00007ffd7e350000 - 0x00007ffd7e384000 	C:\WINDOWS\SYSTEM32\dbgcore.DLL
0x00007ffd892d0000 - 0x00007ffd89352000 	C:\WINDOWS\System32\bcryptPrimitives.dll
0x00007ffd75a10000 - 0x00007ffd75a36000 	C:\Program Files\Java\jdk-20\bin\java.dll
0x00007ffd67fd0000 - 0x00007ffd680a7000 	C:\Program Files\Java\jdk-20\bin\jsvml.dll
0x00007ffd8af20000 - 0x00007ffd8b664000 	C:\WINDOWS\System32\SHELL32.dll
0x00007ffd86ef0000 - 0x00007ffd87683000 	C:\WINDOWS\SYSTEM32\windows.storage.dll
0x00007ffd8ab10000 - 0x00007ffd8ae64000 	C:\WINDOWS\System32\combase.dll
0x00007ffd88a00000 - 0x00007ffd88a2e000 	C:\WINDOWS\SYSTEM32\Wldp.dll
0x00007ffd89b60000 - 0x00007ffd89c0d000 	C:\WINDOWS\System32\SHCORE.dll
0x00007ffd8a410000 - 0x00007ffd8a465000 	C:\WINDOWS\System32\shlwapi.dll
0x00007ffd88ee0000 - 0x00007ffd88eff000 	C:\WINDOWS\SYSTEM32\profapi.dll
0x00007ffd78fb0000 - 0x00007ffd78fc3000 	C:\Program Files\Java\jdk-20\bin\net.dll
0x00007ffd79540000 - 0x00007ffd7964a000 	C:\WINDOWS\SYSTEM32\WINHTTP.dll
0x00007ffd88760000 - 0x00007ffd887ca000 	C:\WINDOWS\system32\mswsock.dll
0x00007ffd78410000 - 0x00007ffd78426000 	C:\Program Files\Java\jdk-20\bin\nio.dll
0x00007ffd778b0000 - 0x00007ffd778c8000 	C:\Program Files\Java\jdk-20\bin\zip.dll
0x00007ffd7cc80000 - 0x00007ffd7cc90000 	C:\Program Files\Java\jdk-20\bin\verify.dll
0x00007ffd78ec0000 - 0x00007ffd78eca000 	C:\Program Files\Java\jdk-20\bin\management.dll
0x00007ffd77750000 - 0x00007ffd7775b000 	C:\Program Files\Java\jdk-20\bin\management_ext.dll
0x00007ffd89c20000 - 0x00007ffd89c28000 	C:\WINDOWS\System32\PSAPI.DLL
0x00007ffd699a0000 - 0x00007ffd699b7000 	C:\WINDOWS\system32\napinsp.dll
0x00007ffd69980000 - 0x00007ffd6999b000 	C:\WINDOWS\system32\pnrpnsp.dll
0x00007ffd83470000 - 0x00007ffd83485000 	C:\WINDOWS\system32\wshbth.dll
0x00007ffd83e50000 - 0x00007ffd83e6d000 	C:\WINDOWS\system32\NLAapi.dll
0x00007ffd88400000 - 0x00007ffd8843c000 	C:\WINDOWS\SYSTEM32\IPHLPAPI.DLL
0x00007ffd88440000 - 0x00007ffd8850b000 	C:\WINDOWS\SYSTEM32\DNSAPI.dll
0x00007ffd89a70000 - 0x00007ffd89a78000 	C:\WINDOWS\System32\NSI.dll
0x00007ffd69960000 - 0x00007ffd69972000 	C:\WINDOWS\System32\winrnr.dll
0x00007ffd734f0000 - 0x00007ffd734fa000 	C:\Windows\System32\rasadhlp.dll
0x00007ffd73700000 - 0x00007ffd73780000 	C:\WINDOWS\System32\fwpuclnt.dll
0x00007ffd89040000 - 0x00007ffd89067000 	C:\WINDOWS\System32\bcrypt.dll
0x00007ffd88960000 - 0x00007ffd88978000 	C:\WINDOWS\SYSTEM32\CRYPTSP.dll
0x00007ffd87fa0000 - 0x00007ffd87fd4000 	C:\WINDOWS\system32\rsaenh.dll
0x00007ffd88e60000 - 0x00007ffd88e8e000 	C:\WINDOWS\SYSTEM32\USERENV.dll
0x00007ffd88950000 - 0x00007ffd8895c000 	C:\WINDOWS\SYSTEM32\CRYPTBASE.dll
0x00007ffd79830000 - 0x00007ffd79847000 	C:\WINDOWS\SYSTEM32\dhcpcsvc6.DLL
0x00007ffd79bb0000 - 0x00007ffd79bcd000 	C:\WINDOWS\SYSTEM32\dhcpcsvc.DLL
0x00007ffd76dd0000 - 0x00007ffd76dde000 	C:\Program Files\Java\jdk-20\bin\sunmscapi.dll
0x00007ffd89410000 - 0x00007ffd89566000 	C:\WINDOWS\System32\CRYPT32.dll
0x00007ffd88a70000 - 0x00007ffd88a98000 	C:\WINDOWS\SYSTEM32\ncrypt.dll
0x00007ffd88a30000 - 0x00007ffd88a6b000 	C:\WINDOWS\SYSTEM32\NTASN1.dll
0x00007ffd76c90000 - 0x00007ffd76c97000 	C:\Program Files\Java\jdk-20\bin\extnet.dll
0x00007ffd75a00000 - 0x00007ffd75a07000 	C:\WINDOWS\system32\wshunix.dll
0x0000000065880000 - 0x0000000065970000 	C:\Users\enry_\AppData\Local\Temp\sqlite-3.15.1-e4291aa4-c40c-4076-9dd9-a590ea04d8e7-sqlitejdbc.dll
0x0000000000210000 - 0x0000000000300000 	C:\Users\enry_\AppData\Local\Temp\sqlite-3.15.1-128398c2-8f45-4a61-9743-376ccd677ed2-sqlitejdbc.dll

dbghelp: loaded successfully - version: 4.0.5 - missing functions: none
symbol engine: initialized successfully - sym options: 0x614 - pdb path: .;C:\Program Files\Java\jdk-20\bin;C:\WINDOWS\SYSTEM32;C:\Program Files\AVAST Software\Avast;C:\WINDOWS\WinSxS\amd64_microsoft.windows.common-controls_6595b64144ccf1df_6.0.19041.1110_none_60b5254171f9507e;C:\Program Files\Java\jdk-20\bin\server;C:\Users\enry_\AppData\Local\Temp

VM Arguments:
jvm_args: -XX:TieredStopAtLevel=1 
java_command: employee.springboot.project.Employee.Spring.Boot.Project.EmployeeSpringBootProjectApplication
java_class_path (initial): C:\Users\enry_\OneDrive\Documentos\Bookshelf\Employee-Spring-Boot-Project\target\classes;C:\Users\enry_\.m2\repository\ch\qos\logback\logback-classic\1.2.11\logback-classic-1.2.11.jar;C:\Users\enry_\.m2\repository\ch\qos\logback\logback-core\1.2.11\logback-core-1.2.11.jar;C:\Users\enry_\.m2\repository\org\apache\logging\log4j\log4j-to-slf4j\2.17.2\log4j-to-slf4j-2.17.2.jar;C:\Users\enry_\.m2\repository\org\apache\logging\log4j\log4j-api\2.17.2\log4j-api-2.17.2.jar;C:\Users\enry_\.m2\repository\org\slf4j\jul-to-slf4j\1.7.36\jul-to-slf4j-1.7.36.jar;C:\Users\enry_\.m2\repository\jakarta\annotation\jakarta.annotation-api\1.3.5\jakarta.annotation-api-1.3.5.jar;C:\Users\enry_\.m2\repository\org\yaml\snakeyaml\1.30\snakeyaml-1.30.jar;C:\Users\enry_\.m2\repository\com\fasterxml\jackson\core\jackson-databind\2.13.5\jackson-databind-2.13.5.jar;C:\Users\enry_\.m2\repository\com\fasterxml\jackson\core\jackson-annotations\2.13.5\jackson-annotations-2.13.5.jar;C:\Users\enry_\.m2\repository\com\fasterxml\jackson\core\jackson-core\2.13.5\jackson-core-2.13.5.jar;C:\Users\enry_\.m2\repository\com\fasterxml\jackson\datatype\jackson-datatype-jdk8\2.13.5\jackson-datatype-jdk8-2.13.5.jar;C:\Users\enry_\.m2\repository\com\fasterxml\jackson\datatype\jackson-datatype-jsr310\2.13.5\jackson-datatype-jsr310-2.13.5.jar;C:\Users\enry_\.m2\repository\com\fasterxml\jackson\module\jackson-module-parameter-names\2.13.5\jackson-module-parameter-names-2.13.5.jar;C:\Users\enry_\.m2\repository\org\apache\tomcat\embed\tomcat-embed-core\9.0.73\tomcat-embed-core-9.0.73.jar;C:\Users\enry_\.m2\repository\org\apache\tomcat\embed\tomcat-embed-el\9.0.73\tomcat-embed-el-9.0.73.jar;C:\Users\enry_\.m2\repository\org\apache\tomcat\embed\tomcat-embed-websocket\9.0.73\tomcat-embed-websocket-9.0.73.jar;C:\Users\enry_\.m2\repository\org\springframework\spring-web\5.3.26\spring-web-5.3.26.jar;C:\Users\enry_\.m2\repository\org\springframework\spring-beans\5.3.26\spring-beans-5.3.26.jar;C:\Users\enry_\.m2\repository\org\springframework\spring-webmvc\5.3.26\spring-webmvc-5.3.26.jar;C:\Users\enry_\.m2\repository\org\springframework\spring-aop\5.3.26\spring-aop-5.3.26.jar;C:\Users\enry_\.m2\repository\org\springframework\spring-context\5.3.26\spring-context-5.3.26.jar;C:\Users\enry_\.m2\repository\org\springframework\spring-expression\5.3.26\spring-expression-5.3.26.jar;C:\Users\enry_\.m2\repository\org\springframework\boot\spring-boot-devtools\2.7.10\spring-boot-devtools-2.7.10.jar;C:\Users\enry_\.m2\repository\org\springframework\boot\spring-boot\2.7.10\spring-boot-2.7.10.jar;C:\Users\enry_\.m2\repository\org\springframework\boot\spring-boot-autoconfigure\2.7.10\spring-boot-autoconfigure-2.7.10.jar;C:\Users\enry_\.m2\repository\org\slf4j\slf4j-api\1.7.36\slf4j-api-1.7.36.jar;C:\Users\enry_\.m2\repository\org\springframework\spring-core\5.3.26\spring-core-5.3.26.jar;C:\Users\enry_\.m2\repository\org\springframework\spring-jcl\5.3.26\spring-jcl-5.3.26.jar;C:\Users\enry_\.m2\repository\org\xerial\sqlite-jdbc\3.15.1\sqlite-jdbc-3.15.1.jar
Launcher Type: SUN_STANDARD

[Global flags]
     intx CICompilerCount                          = 3                                         {product} {ergonomic}
     uint ConcGCThreads                            = 1                                         {product} {ergonomic}
     uint G1ConcRefinementThreads                  = 4                                         {product} {ergonomic}
   size_t G1HeapRegionSize                         = 1048576                                   {product} {ergonomic}
    uintx GCDrainStackTargetSize                   = 64                                        {product} {ergonomic}
   size_t InitialHeapSize                          = 65011712                                  {product} {ergonomic}
   size_t MarkStackSize                            = 4194304                                   {product} {ergonomic}
   size_t MaxHeapSize                              = 1040187392                                {product} {ergonomic}
   size_t MaxNewSize                               = 623902720                                 {product} {ergonomic}
   size_t MinHeapDeltaBytes                        = 1048576                                   {product} {ergonomic}
   size_t MinHeapSize                              = 8388608                                   {product} {ergonomic}
    uintx NonProfiledCodeHeapSize                  = 0                                      {pd product} {ergonomic}
     bool ProfileInterpreter                       = false                                  {pd product} {command line}
    uintx ProfiledCodeHeapSize                     = 0                                      {pd product} {ergonomic}
   size_t SoftMaxHeapSize                          = 1040187392                             {manageable} {ergonomic}
     intx TieredStopAtLevel                        = 1                                         {product} {command line}
     bool UseCompressedClassPointers               = true                           {product lp64_product} {ergonomic}
     bool UseCompressedOops                        = true                           {product lp64_product} {ergonomic}
     bool UseG1GC                                  = true                                      {product} {ergonomic}
     bool UseLargePagesIndividualAllocation        = false                                  {pd product} {ergonomic}

Logging:
Log output configuration:
 #0: stdout all=warning uptime,level,tags foldmultilines=false
 #1: stderr all=off uptime,level,tags foldmultilines=false

Environment Variables:
JAVA_HOME=C:\Program Files\Java\jdk-20
PATH=C:\Program Files\Common Files\Oracle\Java\javapath;C:\Program Files (x86)\Common Files\Oracle\Java\javapath;C:\WINDOWS\system32;C:\WINDOWS;C:\WINDOWS\System32\Wbem;C:\WINDOWS\System32\WindowsPowerShell\v1.0\;C:\WINDOWS\System32\OpenSSH\;C:\Program Files\Microsoft SQL Server\150\Tools\Binn\;C:\Program Files\apache-maven-3.8.8\bin;C:\Program Files\Git\cmd;C:\Program Files\nodejs\;C:\Users\enry_\AppData\Roaming\npm
USERNAME=enry_
LANG=en_US.UTF-8
OS=Windows_NT
PROCESSOR_IDENTIFIER=Intel64 Family 6 Model 69 Stepping 1, GenuineIntel
TMP=C:\Users\enry_\AppData\Local\Temp
TEMP=C:\Users\enry_\AppData\Local\Temp




---------------  S Y S T E M  ---------------

OS:
 Windows 10 , 64 bit Build 19041 (10.0.19041.2788)
OS uptime: 6 days 0:39 hours

CPU: total 4 (initial active 4) (2 cores per cpu, 2 threads per core) family 6 model 69 stepping 1 microcode 0x25, cx8, cmov, fxsr, ht, mmx, sse, sse2, sse3, ssse3, sse4.1, sse4.2, popcnt, lzcnt, tsc, tscinvbit, avx, avx2, aes, erms, clmul, bmi1, bmi2, fma, vzeroupper, clflush, rdtscp, f16c

Memory: 4k page, system-wide physical 3961M (439M free)
TotalPageFile size 13217M (AvailPageFile size 4394M)
current process WorkingSet (physical memory assigned to process): 121M, peak: 125M
current process commit charge ("private bytes"): 156M, peak: 169M

vm_info: Java HotSpot(TM) 64-Bit Server VM (20.0.1+9-29) for windows-amd64 JRE (20.0.1+9-29), built on 2023-03-07T13:56:11Z by "mach5one" with MS VC++ 17.1 (VS2022)

END.
