#
# There is insufficient memory for the Java Runtime Environment to continue.
# Native memory allocation (mmap) failed to map 1753088 bytes for G1 virtual space
# Possible reasons:
#   The system is out of physical RAM or swap space
#   The process is running with CompressedOops enabled, and the Java Heap may be blocking the growth of the native heap
# Possible solutions:
#   Reduce memory load on the system
#   Increase physical memory or swap space
#   Check if swap backing store is full
#   Decrease Java heap size (-Xmx/-Xms)
#   Decrease number of Java threads
#   Decrease Java thread stack sizes (-Xss)
#   Set larger code cache with -XX:ReservedCodeCacheSize=
#   JVM is running with Unscaled Compressed Oops mode in which the Java heap is
#     placed in the first 4GB address space. The Java Heap base address is the
#     maximum limit for the native heap growth. Please use -XX:HeapBaseMinAddress
#     to set the Java Heap base and to place the Java Heap above 4GB virtual address.
# This output file may be truncated or incomplete.
#
#  Out of Memory Error (os_windows.cpp:3559), pid=7996, tid=3156
#
# JRE version: OpenJDK Runtime Environment Temurin-17.0.7+7 (17.0.7+7) (build 17.0.7+7)
# Java VM: OpenJDK 64-Bit Server VM Temurin-17.0.7+7 (17.0.7+7, mixed mode, emulated-client, tiered, compressed oops, compressed class ptrs, g1 gc, windows-amd64)
# No core dump will be written. Minidumps are not enabled by default on client versions of Windows
#

---------------  S U M M A R Y ------------

Command Line: -XX:+HeapDumpOnOutOfMemoryError -Xmx1024m -Dsts.lsp.client=vscode -Dsts.log.file=/dev/null -XX:TieredStopAtLevel=1 -Xlog:jni+resolve=off -Dspring.config.location=file:c:\Users\enry_\.vscode\extensions\vmware.vscode-spring-boot-1.45.0\language-server\BOOT-INF\classes\application.properties org.springframework.ide.vscode.boot.app.BootLanguageServerBootApp

Host: Intel(R) Core(TM) i5-4210U CPU @ 1.70GHz, 4 cores, 3G,  Windows 10 , 64 bit Build 19041 (10.0.19041.2788)
Time: Tue May  2 16:39:25 2023 ora legale Europa occidentale elapsed time: 33.588023 seconds (0d 0h 0m 33s)

---------------  T H R E A D  ---------------

Current thread (0x000001e14af1cd30):  VMThread "VM Thread" [stack: 0x000000ca3a300000,0x000000ca3a400000] [id=3156]

Stack: [0x000000ca3a300000,0x000000ca3a400000]
Native frames: (J=compiled Java code, j=interpreted, Vv=VM code, C=native code)
V  [jvm.dll+0x67754a]
V  [jvm.dll+0x834304]
V  [jvm.dll+0x835aae]
V  [jvm.dll+0x836113]
V  [jvm.dll+0x24696f]
V  [jvm.dll+0x6743f9]
V  [jvm.dll+0x668c8a]
V  [jvm.dll+0x3061bb]
V  [jvm.dll+0x30d6a6]
V  [jvm.dll+0x35cef8]
V  [jvm.dll+0x35d0ff]
V  [jvm.dll+0x2dd048]
V  [jvm.dll+0x2e00d6]
V  [jvm.dll+0x2ea7a8]
V  [jvm.dll+0x31e8f0]
V  [jvm.dll+0x83a5bb]
V  [jvm.dll+0x83b2f4]
V  [jvm.dll+0x83b80c]
V  [jvm.dll+0x83bbe4]
V  [jvm.dll+0x83bcb0]
V  [jvm.dll+0x7e4e7a]
V  [jvm.dll+0x676395]
C  [ucrtbase.dll+0x21bb2]
C  [KERNEL32.DLL+0x17604]
C  [ntdll.dll+0x526a1]

VM_Operation (0x000000ca39fff640): G1Concurrent, mode: safepoint, requested by thread 0x000001e14ae9f050


---------------  P R O C E S S  ---------------

Threads class SMR info:
_java_thread_list=0x000001e15b725200, length=38, elements={
0x000001e155385270, 0x000001e155386880, 0x000001e1553c5130, 0x000001e1553c5eb0,
0x000001e1553c9880, 0x000001e1553ca230, 0x000001e1553cbbb0, 0x000001e1553cc4b0,
0x000001e1556e9820, 0x000001e1556ea8d0, 0x000001e15aebc020, 0x000001e15aebc7e0,
0x000001e15aed7050, 0x000001e15aed7a30, 0x000001e14ae58510, 0x000001e15abb74c0,
0x000001e15abb5030, 0x000001e15abb5500, 0x000001e15abb59d0, 0x000001e15a6b2690,
0x000001e15a6b51e0, 0x000001e15a6b2b60, 0x000001e15a6b1cf0, 0x000001e15a6b3030,
0x000001e15a6b56b0, 0x000001e15a6b21c0, 0x000001e15a6b3500, 0x000001e15a6b39d0,
0x000001e15a6b3ea0, 0x000001e15a6b4370, 0x000001e15a6b4840, 0x000001e15a6b4d10,
0x000001e15b8cff20, 0x000001e15b8cf580, 0x000001e15b8d03f0, 0x000001e15b8ce240,
0x000001e15b8cdd70, 0x000001e1555a4dd0
}

Java Threads: ( => current thread )
  0x000001e155385270 JavaThread "Reference Handler" daemon [_thread_blocked, id=12992, stack(0x000000ca3a400000,0x000000ca3a500000)]
  0x000001e155386880 JavaThread "Finalizer" daemon [_thread_blocked, id=6008, stack(0x000000ca3a500000,0x000000ca3a600000)]
  0x000001e1553c5130 JavaThread "Signal Dispatcher" daemon [_thread_blocked, id=5612, stack(0x000000ca3a600000,0x000000ca3a700000)]
  0x000001e1553c5eb0 JavaThread "Attach Listener" daemon [_thread_blocked, id=124, stack(0x000000ca3a700000,0x000000ca3a800000)]
  0x000001e1553c9880 JavaThread "Service Thread" daemon [_thread_blocked, id=2836, stack(0x000000ca3a800000,0x000000ca3a900000)]
  0x000001e1553ca230 JavaThread "Monitor Deflation Thread" daemon [_thread_blocked, id=4900, stack(0x000000ca3a900000,0x000000ca3aa00000)]
  0x000001e1553cbbb0 JavaThread "C1 CompilerThread0" daemon [_thread_blocked, id=14304, stack(0x000000ca3aa00000,0x000000ca3ab00000)]
  0x000001e1553cc4b0 JavaThread "Sweeper thread" daemon [_thread_blocked, id=5800, stack(0x000000ca3ab00000,0x000000ca3ac00000)]
  0x000001e1556e9820 JavaThread "Notification Thread" daemon [_thread_blocked, id=9752, stack(0x000000ca3ac00000,0x000000ca3ad00000)]
  0x000001e1556ea8d0 JavaThread "Common-Cleaner" daemon [_thread_blocked, id=11360, stack(0x000000ca3ae00000,0x000000ca3af00000)]
  0x000001e15aebc020 JavaThread "boundedElastic-evictor-1" daemon [_thread_blocked, id=11812, stack(0x000000ca3b300000,0x000000ca3b400000)]
  0x000001e15aebc7e0 JavaThread "boundedElastic-evictor-2" daemon [_thread_blocked, id=12796, stack(0x000000ca3b400000,0x000000ca3b500000)]
  0x000001e15aed7050 JavaThread "pool-10-thread-1" [_thread_blocked, id=8760, stack(0x000000ca3b500000,0x000000ca3b600000)]
  0x000001e15aed7a30 JavaThread "LanguageServerApp-lifecycle" [_thread_blocked, id=8120, stack(0x000000ca3b600000,0x000000ca3b700000)]
  0x000001e14ae58510 JavaThread "DestroyJavaVM" [_thread_blocked, id=10964, stack(0x000000ca39d00000,0x000000ca39e00000)]
  0x000001e15abb74c0 JavaThread "pool-11-thread-1" [_thread_in_native, id=12420, stack(0x000000ca3b700000,0x000000ca3b800000)]
  0x000001e15abb5030 JavaThread "Simple-Language-Server main thread" daemon [_thread_blocked, id=10716, stack(0x000000ca3b800000,0x000000ca3b900000)]
  0x000001e15abb5500 JavaThread "pool-2-thread-1" [_thread_blocked, id=12160, stack(0x000000ca3b900000,0x000000ca3ba00000)]
  0x000001e15abb59d0 JavaThread "pool-2-thread-2" [_thread_blocked, id=14944, stack(0x000000ca3ba00000,0x000000ca3bb00000)]
  0x000001e15a6b2690 JavaThread "pool-2-thread-3" [_thread_blocked, id=14248, stack(0x000000ca3bb00000,0x000000ca3bc00000)]
  0x000001e15a6b51e0 JavaThread "pool-6-thread-1" [_thread_blocked, id=1304, stack(0x000000ca3bc00000,0x000000ca3bd00000)]
  0x000001e15a6b2b60 JavaThread "ForkJoinPool.commonPool-worker-1" daemon [_thread_blocked, id=14440, stack(0x000000ca3bd00000,0x000000ca3be00000)]
  0x000001e15a6b1cf0 JavaThread "ClassGraph-worker-0" daemon [_thread_blocked, id=716, stack(0x000000ca3be00000,0x000000ca3bf00000)]
  0x000001e15a6b3030 JavaThread "ClassGraph-worker-1" daemon [_thread_blocked, id=3800, stack(0x000000ca3bf00000,0x000000ca3c000000)]
  0x000001e15a6b56b0 JavaThread "ClassGraph-worker-2" daemon [_thread_blocked, id=11012, stack(0x000000ca3c000000,0x000000ca3c100000)]
  0x000001e15a6b21c0 JavaThread "ClassGraph-worker-3" daemon [_thread_blocked, id=13308, stack(0x000000ca3c100000,0x000000ca3c200000)]
  0x000001e15a6b3500 JavaThread "ClassGraph-worker-4" daemon [_thread_blocked, id=4696, stack(0x000000ca3c200000,0x000000ca3c300000)]
  0x000001e15a6b39d0 JavaThread "ClassGraph-worker-5" daemon [_thread_blocked, id=12028, stack(0x000000ca3c300000,0x000000ca3c400000)]
  0x000001e15a6b3ea0 JavaThread "ClassGraph-worker-6" daemon [_thread_blocked, id=12496, stack(0x000000ca3c400000,0x000000ca3c500000)]
  0x000001e15a6b4370 JavaThread "ClassGraph-worker-7" daemon [_thread_blocked, id=5028, stack(0x000000ca3c500000,0x000000ca3c600000)]
  0x000001e15a6b4840 JavaThread "parallel-1" daemon [_thread_blocked, id=8052, stack(0x000000ca3c600000,0x000000ca3c700000)]
  0x000001e15a6b4d10 JavaThread "pool-4-thread-1" [_thread_blocked, id=11924, stack(0x000000ca3c700000,0x000000ca3c800000)]
  0x000001e15b8cff20 JavaThread "parallel-2" daemon [_thread_blocked, id=14004, stack(0x000000ca3c800000,0x000000ca3c900000)]
  0x000001e15b8cf580 JavaThread "Project-Reconciler-1" daemon [_thread_blocked, id=15628, stack(0x000000ca3c900000,0x000000ca3ca00000)]
  0x000001e15b8d03f0 JavaThread "ForkJoinPool.commonPool-worker-2" daemon [_thread_blocked, id=7476, stack(0x000000ca3ca00000,0x000000ca3cb00000)]
  0x000001e15b8ce240 JavaThread "ForkJoinPool.commonPool-worker-3" daemon [_thread_in_native, id=8232, stack(0x000000ca3cb00000,0x000000ca3cc00000)]
  0x000001e15b8cdd70 JavaThread "Keep-Alive-Timer" daemon [_thread_blocked, id=7088, stack(0x000000ca3cc00000,0x000000ca3cd00000)]
  0x000001e1555a4dd0 JavaThread "C1 CompilerThread1" daemon [_thread_blocked, id=14408, stack(0x000000ca3b100000,0x000000ca3b200000)]

Other Threads:
=>0x000001e14af1cd30 VMThread "VM Thread" [stack: 0x000000ca3a300000,0x000000ca3a400000] [id=3156]
  0x000001e1556e9cf0 WatcherThread [stack: 0x000000ca3ad00000,0x000000ca3ae00000] [id=11652]
  0x000001e14ae96110 GCTaskThread "GC Thread#0" [stack: 0x000000ca39e00000,0x000000ca39f00000] [id=11408]
  0x000001e15a46d4a0 GCTaskThread "GC Thread#1" [stack: 0x000000ca3af00000,0x000000ca3b000000] [id=6844]
  0x000001e15a4a2d10 GCTaskThread "GC Thread#2" [stack: 0x000000ca3b000000,0x000000ca3b100000] [id=9064]
  0x000001e15a761fa0 GCTaskThread "GC Thread#3" [stack: 0x000000ca3b200000,0x000000ca3b300000] [id=11896]
  0x000001e14ae9f050 ConcurrentGCThread "G1 Main Marker" [stack: 0x000000ca39f00000,0x000000ca3a000000] [id=5912]
  0x000001e14ae9fb30 ConcurrentGCThread "G1 Conc#0" [stack: 0x000000ca3a000000,0x000000ca3a100000] [id=14356]
  0x000001e14aedcd80 ConcurrentGCThread "G1 Refine#0" [stack: 0x000000ca3a100000,0x000000ca3a200000] [id=2888]
  0x000001e14aedd7a0 ConcurrentGCThread "G1 Service" [stack: 0x000000ca3a200000,0x000000ca3a300000] [id=10904]

Threads with active compile tasks:

VM state: at safepoint (normal execution)

VM Mutex/Monitor currently owned by a thread:  ([mutex/lock_event])
[0x000001e148da8c10] Threads_lock - owner thread: 0x000001e14af1cd30
[0x000001e14ae560e0] Heap_lock - owner thread: 0x000001e14ae9f050

Heap address: 0x00000000c0000000, size: 1024 MB, Compressed Oops mode: 32-bit

CDS archive(s) not mapped
Compressed class space mapped at: 0x0000000100000000-0x0000000140000000, reserved size: 1073741824
Narrow klass base: 0x0000000000000000, Narrow klass shift: 3, Narrow klass range: 0x140000000

GC Precious Log:
 CPUs: 4 total, 4 available
 Memory: 3961M
 Large Page Support: Disabled
 NUMA Support: Disabled
 Compressed Oops: Enabled (32-bit)
 Heap Region Size: 1M
 Heap Min Capacity: 8M
 Heap Initial Capacity: 62M
 Heap Max Capacity: 1G
 Pre-touch: Disabled
 Parallel Workers: 4
 Concurrent Workers: 1
 Concurrent Refinement Workers: 4
 Periodic GC: Disabled

Heap:
 garbage-first heap   total 300032K, used 242337K [0x00000000c0000000, 0x0000000100000000)
  region size 1024K, 89 young (91136K), 5 survivors (5120K)
 Metaspace       used 52688K, committed 53120K, reserved 1114112K
  class space    used 6648K, committed 6848K, reserved 1048576K

Heap Regions: E=young(eden), S=young(survivor), O=old, HS=humongous(starts), HC=humongous(continues), CS=collection set, F=free, OA=open archive, CA=closed archive, TAMS=top-at-mark-start (previous, next)
|   0|0x00000000c0000000, 0x00000000c0100000, 0x00000000c0100000|100%| O|  |TAMS 0x00000000c0100000, 0x00000000c0000000| Untracked 
|   1|0x00000000c0100000, 0x00000000c0200000, 0x00000000c0200000|100%| O|  |TAMS 0x00000000c0200000, 0x00000000c0100000| Untracked 
|   2|0x00000000c0200000, 0x00000000c0300000, 0x00000000c0300000|100%| O|  |TAMS 0x00000000c0300000, 0x00000000c0200000| Untracked 
|   3|0x00000000c0300000, 0x00000000c0400000, 0x00000000c0400000|100%| O|  |TAMS 0x00000000c0400000, 0x00000000c0300000| Updating 
|   4|0x00000000c0400000, 0x00000000c0500000, 0x00000000c0500000|100%| O|  |TAMS 0x00000000c0500000, 0x00000000c0400000| Untracked 
|   5|0x00000000c0500000, 0x00000000c0600000, 0x00000000c0600000|100%| O|  |TAMS 0x00000000c0600000, 0x00000000c0500000| Untracked 
|   6|0x00000000c0600000, 0x00000000c0700000, 0x00000000c0700000|100%| O|  |TAMS 0x00000000c0700000, 0x00000000c0600000| Untracked 
|   7|0x00000000c0700000, 0x00000000c0800000, 0x00000000c0800000|100%| O|  |TAMS 0x00000000c0800000, 0x00000000c0700000| Untracked 
|   8|0x00000000c0800000, 0x00000000c0900000, 0x00000000c0900000|100%| O|  |TAMS 0x00000000c0900000, 0x00000000c0800000| Untracked 
|   9|0x00000000c0900000, 0x00000000c0a00000, 0x00000000c0a00000|100%| O|  |TAMS 0x00000000c0a00000, 0x00000000c0900000| Untracked 
|  10|0x00000000c0a00000, 0x00000000c0b00000, 0x00000000c0b00000|100%| O|  |TAMS 0x00000000c0b00000, 0x00000000c0a00000| Untracked 
|  11|0x00000000c0b00000, 0x00000000c0c00000, 0x00000000c0c00000|100%| O|  |TAMS 0x00000000c0c00000, 0x00000000c0b00000| Untracked 
|  12|0x00000000c0c00000, 0x00000000c0d00000, 0x00000000c0d00000|100%| O|  |TAMS 0x00000000c0d00000, 0x00000000c0c00000| Untracked 
|  13|0x00000000c0d00000, 0x00000000c0e00000, 0x00000000c0e00000|100%| O|  |TAMS 0x00000000c0e00000, 0x00000000c0d00000| Updating 
|  14|0x00000000c0e00000, 0x00000000c0f00000, 0x00000000c0f00000|100%| O|  |TAMS 0x00000000c0f00000, 0x00000000c0e00000| Untracked 
|  15|0x00000000c0f00000, 0x00000000c1000000, 0x00000000c1000000|100%| O|  |TAMS 0x00000000c1000000, 0x00000000c0f00000| Untracked 
|  16|0x00000000c1000000, 0x00000000c1100000, 0x00000000c1100000|100%| O|  |TAMS 0x00000000c1100000, 0x00000000c1000000| Updating 
|  17|0x00000000c1100000, 0x00000000c1200000, 0x00000000c1200000|100%| O|  |TAMS 0x00000000c1200000, 0x00000000c1100000| Updating 
|  18|0x00000000c1200000, 0x00000000c1300000, 0x00000000c1300000|100%| O|  |TAMS 0x00000000c1300000, 0x00000000c1200000| Untracked 
|  19|0x00000000c1300000, 0x00000000c1400000, 0x00000000c1400000|100%| O|  |TAMS 0x00000000c1400000, 0x00000000c1300000| Updating 
|  20|0x00000000c1400000, 0x00000000c1500000, 0x00000000c1500000|100%| O|  |TAMS 0x00000000c1500000, 0x00000000c1400000| Untracked 
|  21|0x00000000c1500000, 0x00000000c1600000, 0x00000000c1600000|100%| O|  |TAMS 0x00000000c1600000, 0x00000000c1500000| Untracked 
|  22|0x00000000c1600000, 0x00000000c1700000, 0x00000000c1700000|100%| O|  |TAMS 0x00000000c1700000, 0x00000000c1600000| Updating 
|  23|0x00000000c1700000, 0x00000000c1800000, 0x00000000c1800000|100%| O|  |TAMS 0x00000000c1800000, 0x00000000c1700000| Untracked 
|  24|0x00000000c1800000, 0x00000000c1900000, 0x00000000c1900000|100%| O|  |TAMS 0x00000000c1900000, 0x00000000c1800000| Untracked 
|  25|0x00000000c1900000, 0x00000000c1a00000, 0x00000000c1a00000|100%| O|  |TAMS 0x00000000c1a00000, 0x00000000c1900000| Updating 
|  26|0x00000000c1a00000, 0x00000000c1b00000, 0x00000000c1b00000|100%| O|  |TAMS 0x00000000c1b00000, 0x00000000c1a00000| Untracked 
|  27|0x00000000c1b00000, 0x00000000c1c00000, 0x00000000c1c00000|100%| O|  |TAMS 0x00000000c1c00000, 0x00000000c1b00000| Updating 
|  28|0x00000000c1c00000, 0x00000000c1d00000, 0x00000000c1d00000|100%| O|  |TAMS 0x00000000c1d00000, 0x00000000c1c00000| Untracked 
|  29|0x00000000c1d00000, 0x00000000c1e00000, 0x00000000c1e00000|100%| O|  |TAMS 0x00000000c1e00000, 0x00000000c1d00000| Untracked 
|  30|0x00000000c1e00000, 0x00000000c1f00000, 0x00000000c1f00000|100%| O|  |TAMS 0x00000000c1f00000, 0x00000000c1e00000| Untracked 
|  31|0x00000000c1f00000, 0x00000000c2000000, 0x00000000c2000000|100%| O|  |TAMS 0x00000000c2000000, 0x00000000c1f00000| Untracked 
|  32|0x00000000c2000000, 0x00000000c2100000, 0x00000000c2100000|100%| O|  |TAMS 0x00000000c2100000, 0x00000000c2000000| Untracked 
|  33|0x00000000c2100000, 0x00000000c2200000, 0x00000000c2200000|100%| O|  |TAMS 0x00000000c2200000, 0x00000000c2100000| Updating 
|  34|0x00000000c2200000, 0x00000000c2300000, 0x00000000c2300000|100%| O|  |TAMS 0x00000000c2300000, 0x00000000c2200000| Untracked 
|  35|0x00000000c2300000, 0x00000000c2400000, 0x00000000c2400000|100%| O|  |TAMS 0x00000000c2400000, 0x00000000c2300000| Untracked 
|  36|0x00000000c2400000, 0x00000000c2500000, 0x00000000c2500000|100%| O|  |TAMS 0x00000000c2500000, 0x00000000c2400000| Untracked 
|  37|0x00000000c2500000, 0x00000000c2600000, 0x00000000c2600000|100%| O|  |TAMS 0x00000000c2600000, 0x00000000c2500000| Untracked 
|  38|0x00000000c2600000, 0x00000000c2700000, 0x00000000c2700000|100%| O|  |TAMS 0x00000000c2700000, 0x00000000c2600000| Untracked 
|  39|0x00000000c2700000, 0x00000000c2800000, 0x00000000c2800000|100%| O|  |TAMS 0x00000000c2800000, 0x00000000c2700000| Untracked 
|  40|0x00000000c2800000, 0x00000000c2900000, 0x00000000c2900000|100%| O|  |TAMS 0x00000000c2900000, 0x00000000c2800000| Untracked 
|  41|0x00000000c2900000, 0x00000000c2a00000, 0x00000000c2a00000|100%| O|  |TAMS 0x00000000c2a00000, 0x00000000c2900000| Untracked 
|  42|0x00000000c2a00000, 0x00000000c2b00000, 0x00000000c2b00000|100%| O|  |TAMS 0x00000000c2b00000, 0x00000000c2a00000| Untracked 
|  43|0x00000000c2b00000, 0x00000000c2c00000, 0x00000000c2c00000|100%| O|  |TAMS 0x00000000c2c00000, 0x00000000c2b00000| Untracked 
|  44|0x00000000c2c00000, 0x00000000c2d00000, 0x00000000c2d00000|100%| O|  |TAMS 0x00000000c2d00000, 0x00000000c2c00000| Untracked 
|  45|0x00000000c2d00000, 0x00000000c2e00000, 0x00000000c2e00000|100%| O|  |TAMS 0x00000000c2e00000, 0x00000000c2d00000| Updating 
|  46|0x00000000c2e00000, 0x00000000c2f00000, 0x00000000c2f00000|100%| O|  |TAMS 0x00000000c2f00000, 0x00000000c2e00000| Updating 
|  47|0x00000000c2f00000, 0x00000000c3000000, 0x00000000c3000000|100%|HS|  |TAMS 0x00000000c2f00000, 0x00000000c2f00000| Complete 
|  48|0x00000000c3000000, 0x00000000c3100000, 0x00000000c3100000|100%| O|  |TAMS 0x00000000c3100000, 0x00000000c3000000| Untracked 
|  49|0x00000000c3100000, 0x00000000c3200000, 0x00000000c3200000|100%| O|  |TAMS 0x00000000c3200000, 0x00000000c3100000| Untracked 
|  50|0x00000000c3200000, 0x00000000c3300000, 0x00000000c3300000|100%| O|  |TAMS 0x00000000c3300000, 0x00000000c3200000| Updating 
|  51|0x00000000c3300000, 0x00000000c3400000, 0x00000000c3400000|100%| O|  |TAMS 0x00000000c3400000, 0x00000000c3300000| Untracked 
|  52|0x00000000c3400000, 0x00000000c3500000, 0x00000000c3500000|100%| O|  |TAMS 0x00000000c3500000, 0x00000000c3400000| Untracked 
|  53|0x00000000c3500000, 0x00000000c3600000, 0x00000000c3600000|100%| O|  |TAMS 0x00000000c3600000, 0x00000000c3500000| Updating 
|  54|0x00000000c3600000, 0x00000000c3700000, 0x00000000c3700000|100%| O|  |TAMS 0x00000000c3700000, 0x00000000c3600000| Untracked 
|  55|0x00000000c3700000, 0x00000000c3800000, 0x00000000c3800000|100%| O|  |TAMS 0x00000000c3800000, 0x00000000c3700000| Untracked 
|  56|0x00000000c3800000, 0x00000000c3900000, 0x00000000c3900000|100%| O|  |TAMS 0x00000000c3900000, 0x00000000c3800000| Updating 
|  57|0x00000000c3900000, 0x00000000c3a00000, 0x00000000c3a00000|100%| O|  |TAMS 0x00000000c3a00000, 0x00000000c3900000| Untracked 
|  58|0x00000000c3a00000, 0x00000000c3b00000, 0x00000000c3b00000|100%| O|  |TAMS 0x00000000c3b00000, 0x00000000c3a00000| Updating 
|  59|0x00000000c3b00000, 0x00000000c3c00000, 0x00000000c3c00000|100%| O|  |TAMS 0x00000000c3c00000, 0x00000000c3b00000| Untracked 
|  60|0x00000000c3c00000, 0x00000000c3d00000, 0x00000000c3d00000|100%| O|  |TAMS 0x00000000c3d00000, 0x00000000c3c00000| Updating 
|  61|0x00000000c3d00000, 0x00000000c3d00000, 0x00000000c3e00000|  0%| F|  |TAMS 0x00000000c3d00000, 0x00000000c3d00000| Untracked 
|  62|0x00000000c3e00000, 0x00000000c3e00000, 0x00000000c3f00000|  0%| F|  |TAMS 0x00000000c3e00000, 0x00000000c3e00000| Untracked 
|  63|0x00000000c3f00000, 0x00000000c4000000, 0x00000000c4000000|100%| O|  |TAMS 0x00000000c4000000, 0x00000000c3f00000| Untracked 
|  64|0x00000000c4000000, 0x00000000c4100000, 0x00000000c4100000|100%| O|  |TAMS 0x00000000c4100000, 0x00000000c4000000| Updating 
|  65|0x00000000c4100000, 0x00000000c4200000, 0x00000000c4200000|100%|HS|  |TAMS 0x00000000c4200000, 0x00000000c4100000| Complete 
|  66|0x00000000c4200000, 0x00000000c4300000, 0x00000000c4300000|100%| O|  |TAMS 0x00000000c4300000, 0x00000000c4200000| Untracked 
|  67|0x00000000c4300000, 0x00000000c4400000, 0x00000000c4400000|100%| O|  |TAMS 0x00000000c4400000, 0x00000000c4300000| Untracked 
|  68|0x00000000c4400000, 0x00000000c4500000, 0x00000000c4500000|100%| O|  |TAMS 0x00000000c4500000, 0x00000000c4400000| Untracked 
|  69|0x00000000c4500000, 0x00000000c4600000, 0x00000000c4600000|100%| O|  |TAMS 0x00000000c4600000, 0x00000000c4500000| Untracked 
|  70|0x00000000c4600000, 0x00000000c4700000, 0x00000000c4700000|100%| O|  |TAMS 0x00000000c4700000, 0x00000000c4600000| Untracked 
|  71|0x00000000c4700000, 0x00000000c4800000, 0x00000000c4800000|100%| O|  |TAMS 0x00000000c4800000, 0x00000000c4700000| Untracked 
|  72|0x00000000c4800000, 0x00000000c4900000, 0x00000000c4900000|100%| O|  |TAMS 0x00000000c4900000, 0x00000000c4800000| Updating 
|  73|0x00000000c4900000, 0x00000000c4a00000, 0x00000000c4a00000|100%| O|  |TAMS 0x00000000c4a00000, 0x00000000c4900000| Updating 
|  74|0x00000000c4a00000, 0x00000000c4b00000, 0x00000000c4b00000|100%| O|  |TAMS 0x00000000c4b00000, 0x00000000c4a00000| Updating 
|  75|0x00000000c4b00000, 0x00000000c4c00000, 0x00000000c4c00000|100%| O|  |TAMS 0x00000000c4c00000, 0x00000000c4b00000| Updating 
|  76|0x00000000c4c00000, 0x00000000c4d00000, 0x00000000c4d00000|100%| O|  |TAMS 0x00000000c4d00000, 0x00000000c4c00000| Untracked 
|  77|0x00000000c4d00000, 0x00000000c4e00000, 0x00000000c4e00000|100%| O|  |TAMS 0x00000000c4e00000, 0x00000000c4d00000| Untracked 
|  78|0x00000000c4e00000, 0x00000000c4f00000, 0x00000000c4f00000|100%| O|  |TAMS 0x00000000c4f00000, 0x00000000c4e00000| Untracked 
|  79|0x00000000c4f00000, 0x00000000c5000000, 0x00000000c5000000|100%| O|  |TAMS 0x00000000c5000000, 0x00000000c4f00000| Updating 
|  80|0x00000000c5000000, 0x00000000c5100000, 0x00000000c5100000|100%| O|  |TAMS 0x00000000c5100000, 0x00000000c5000000| Updating 
|  81|0x00000000c5100000, 0x00000000c5200000, 0x00000000c5200000|100%| O|  |TAMS 0x00000000c5200000, 0x00000000c5100000| Untracked 
|  82|0x00000000c5200000, 0x00000000c5300000, 0x00000000c5300000|100%| O|  |TAMS 0x00000000c5300000, 0x00000000c5200000| Untracked 
|  83|0x00000000c5300000, 0x00000000c5400000, 0x00000000c5400000|100%| O|  |TAMS 0x00000000c5400000, 0x00000000c5300000| Updating 
|  84|0x00000000c5400000, 0x00000000c5500000, 0x00000000c5500000|100%| O|  |TAMS 0x00000000c5500000, 0x00000000c5400000| Untracked 
|  85|0x00000000c5500000, 0x00000000c5600000, 0x00000000c5600000|100%| O|  |TAMS 0x00000000c5600000, 0x00000000c5500000| Untracked 
|  86|0x00000000c5600000, 0x00000000c5700000, 0x00000000c5700000|100%| O|  |TAMS 0x00000000c5700000, 0x00000000c5600000| Untracked 
|  87|0x00000000c5700000, 0x00000000c5800000, 0x00000000c5800000|100%| O|  |TAMS 0x00000000c5800000, 0x00000000c5700000| Updating 
|  88|0x00000000c5800000, 0x00000000c5900000, 0x00000000c5900000|100%| O|  |TAMS 0x00000000c5900000, 0x00000000c5800000| Updating 
|  89|0x00000000c5900000, 0x00000000c5a00000, 0x00000000c5a00000|100%| O|  |TAMS 0x00000000c5a00000, 0x00000000c5900000| Updating 
|  90|0x00000000c5a00000, 0x00000000c5b00000, 0x00000000c5b00000|100%| O|  |TAMS 0x00000000c5b00000, 0x00000000c5a00000| Untracked 
|  91|0x00000000c5b00000, 0x00000000c5c00000, 0x00000000c5c00000|100%| O|  |TAMS 0x00000000c5c00000, 0x00000000c5b00000| Untracked 
|  92|0x00000000c5c00000, 0x00000000c5d00000, 0x00000000c5d00000|100%| O|  |TAMS 0x00000000c5d00000, 0x00000000c5c00000| Untracked 
|  93|0x00000000c5d00000, 0x00000000c5e00000, 0x00000000c5e00000|100%| O|  |TAMS 0x00000000c5e00000, 0x00000000c5d00000| Untracked 
|  94|0x00000000c5e00000, 0x00000000c5f00000, 0x00000000c5f00000|100%| O|  |TAMS 0x00000000c5f00000, 0x00000000c5e00000| Untracked 
|  95|0x00000000c5f00000, 0x00000000c6000000, 0x00000000c6000000|100%| O|  |TAMS 0x00000000c6000000, 0x00000000c5f00000| Untracked 
|  96|0x00000000c6000000, 0x00000000c6100000, 0x00000000c6100000|100%| O|  |TAMS 0x00000000c6100000, 0x00000000c6000000| Untracked 
|  97|0x00000000c6100000, 0x00000000c6200000, 0x00000000c6200000|100%| O|  |TAMS 0x00000000c6200000, 0x00000000c6100000| Untracked 
|  98|0x00000000c6200000, 0x00000000c6300000, 0x00000000c6300000|100%| O|  |TAMS 0x00000000c6300000, 0x00000000c6200000| Untracked 
|  99|0x00000000c6300000, 0x00000000c6400000, 0x00000000c6400000|100%| O|  |TAMS 0x00000000c6400000, 0x00000000c6300000| Updating 
| 100|0x00000000c6400000, 0x00000000c6500000, 0x00000000c6500000|100%| O|  |TAMS 0x00000000c6500000, 0x00000000c6400000| Untracked 
| 101|0x00000000c6500000, 0x00000000c6600000, 0x00000000c6600000|100%| O|  |TAMS 0x00000000c6600000, 0x00000000c6500000| Untracked 
| 102|0x00000000c6600000, 0x00000000c6700000, 0x00000000c6700000|100%| O|  |TAMS 0x00000000c6700000, 0x00000000c6600000| Untracked 
| 103|0x00000000c6700000, 0x00000000c6800000, 0x00000000c6800000|100%| O|  |TAMS 0x00000000c6800000, 0x00000000c6700000| Untracked 
| 104|0x00000000c6800000, 0x00000000c6900000, 0x00000000c6900000|100%| O|  |TAMS 0x00000000c6900000, 0x00000000c6800000| Updating 
| 105|0x00000000c6900000, 0x00000000c6a00000, 0x00000000c6a00000|100%| O|  |TAMS 0x00000000c6a00000, 0x00000000c6900000| Untracked 
| 106|0x00000000c6a00000, 0x00000000c6b00000, 0x00000000c6b00000|100%| O|  |TAMS 0x00000000c6b00000, 0x00000000c6a00000| Untracked 
| 107|0x00000000c6b00000, 0x00000000c6c00000, 0x00000000c6c00000|100%| O|  |TAMS 0x00000000c6c00000, 0x00000000c6b00000| Untracked 
| 108|0x00000000c6c00000, 0x00000000c6d00000, 0x00000000c6d00000|100%| O|  |TAMS 0x00000000c6d00000, 0x00000000c6c00000| Untracked 
| 109|0x00000000c6d00000, 0x00000000c6e00000, 0x00000000c6e00000|100%| O|  |TAMS 0x00000000c6e00000, 0x00000000c6d00000| Updating 
| 110|0x00000000c6e00000, 0x00000000c6f00000, 0x00000000c6f00000|100%| O|  |TAMS 0x00000000c6f00000, 0x00000000c6e00000| Updating 
| 111|0x00000000c6f00000, 0x00000000c7000000, 0x00000000c7000000|100%| O|  |TAMS 0x00000000c7000000, 0x00000000c6f00000| Untracked 
| 112|0x00000000c7000000, 0x00000000c7100000, 0x00000000c7100000|100%| O|  |TAMS 0x00000000c7100000, 0x00000000c7000000| Untracked 
| 113|0x00000000c7100000, 0x00000000c7200000, 0x00000000c7200000|100%| O|  |TAMS 0x00000000c7200000, 0x00000000c7100000| Untracked 
| 114|0x00000000c7200000, 0x00000000c7300000, 0x00000000c7300000|100%| O|  |TAMS 0x00000000c7300000, 0x00000000c7200000| Updating 
| 115|0x00000000c7300000, 0x00000000c7400000, 0x00000000c7400000|100%| O|  |TAMS 0x00000000c7400000, 0x00000000c7300000| Updating 
| 116|0x00000000c7400000, 0x00000000c7500000, 0x00000000c7500000|100%| O|  |TAMS 0x00000000c7500000, 0x00000000c7400000| Untracked 
| 117|0x00000000c7500000, 0x00000000c7600000, 0x00000000c7600000|100%| O|  |TAMS 0x00000000c7600000, 0x00000000c7500000| Untracked 
| 118|0x00000000c7600000, 0x00000000c7700000, 0x00000000c7700000|100%| O|  |TAMS 0x00000000c7700000, 0x00000000c7600000| Updating 
| 119|0x00000000c7700000, 0x00000000c7800000, 0x00000000c7800000|100%| O|  |TAMS 0x00000000c7800000, 0x00000000c7700000| Untracked 
| 120|0x00000000c7800000, 0x00000000c7900000, 0x00000000c7900000|100%| O|  |TAMS 0x00000000c7900000, 0x00000000c7800000| Untracked 
| 121|0x00000000c7900000, 0x00000000c7a00000, 0x00000000c7a00000|100%| O|  |TAMS 0x00000000c7a00000, 0x00000000c7900000| Untracked 
| 122|0x00000000c7a00000, 0x00000000c7b00000, 0x00000000c7b00000|100%| O|  |TAMS 0x00000000c7b00000, 0x00000000c7a00000| Untracked 
| 123|0x00000000c7b00000, 0x00000000c7c00000, 0x00000000c7c00000|100%| O|  |TAMS 0x00000000c7c00000, 0x00000000c7b00000| Updating 
| 124|0x00000000c7c00000, 0x00000000c7d00000, 0x00000000c7d00000|100%| O|  |TAMS 0x00000000c7d00000, 0x00000000c7c00000| Updating 
| 125|0x00000000c7d00000, 0x00000000c7e00000, 0x00000000c7e00000|100%| O|  |TAMS 0x00000000c7e00000, 0x00000000c7d00000| Untracked 
| 126|0x00000000c7e00000, 0x00000000c7f00000, 0x00000000c7f00000|100%| O|  |TAMS 0x00000000c7f00000, 0x00000000c7e00000| Untracked 
| 127|0x00000000c7f00000, 0x00000000c8000000, 0x00000000c8000000|100%| O|  |TAMS 0x00000000c8000000, 0x00000000c7f00000| Untracked 
| 128|0x00000000c8000000, 0x00000000c8100000, 0x00000000c8100000|100%| O|  |TAMS 0x00000000c8100000, 0x00000000c8000000| Updating 
| 129|0x00000000c8100000, 0x00000000c8200000, 0x00000000c8200000|100%| O|  |TAMS 0x00000000c8200000, 0x00000000c8100000| Untracked 
| 130|0x00000000c8200000, 0x00000000c8300000, 0x00000000c8300000|100%| O|  |TAMS 0x00000000c8300000, 0x00000000c8200000| Untracked 
| 131|0x00000000c8300000, 0x00000000c8400000, 0x00000000c8400000|100%| O|  |TAMS 0x00000000c8400000, 0x00000000c8300000| Untracked 
| 132|0x00000000c8400000, 0x00000000c8500000, 0x00000000c8500000|100%| O|  |TAMS 0x00000000c8500000, 0x00000000c8400000| Untracked 
| 133|0x00000000c8500000, 0x00000000c8600000, 0x00000000c8600000|100%| O|  |TAMS 0x00000000c8600000, 0x00000000c8500000| Untracked 
| 134|0x00000000c8600000, 0x00000000c8700000, 0x00000000c8700000|100%| O|  |TAMS 0x00000000c8700000, 0x00000000c8600000| Untracked 
| 135|0x00000000c8700000, 0x00000000c8800000, 0x00000000c8800000|100%| O|  |TAMS 0x00000000c8800000, 0x00000000c8700000| Untracked 
| 136|0x00000000c8800000, 0x00000000c8900000, 0x00000000c8900000|100%| O|  |TAMS 0x00000000c8900000, 0x00000000c8800000| Untracked 
| 137|0x00000000c8900000, 0x00000000c8a00000, 0x00000000c8a00000|100%| O|  |TAMS 0x00000000c8a00000, 0x00000000c8900000| Untracked 
| 138|0x00000000c8a00000, 0x00000000c8b00000, 0x00000000c8b00000|100%| O|  |TAMS 0x00000000c8b00000, 0x00000000c8a00000| Untracked 
| 139|0x00000000c8b00000, 0x00000000c8c00000, 0x00000000c8c00000|100%| O|  |TAMS 0x00000000c8c00000, 0x00000000c8b00000| Untracked 
| 140|0x00000000c8c00000, 0x00000000c8d00000, 0x00000000c8d00000|100%| O|  |TAMS 0x00000000c8d00000, 0x00000000c8c00000| Untracked 
| 141|0x00000000c8d00000, 0x00000000c8e00000, 0x00000000c8e00000|100%| O|  |TAMS 0x00000000c8e00000, 0x00000000c8d00000| Untracked 
| 142|0x00000000c8e00000, 0x00000000c8f00000, 0x00000000c8f00000|100%| O|  |TAMS 0x00000000c8f00000, 0x00000000c8e00000| Untracked 
| 143|0x00000000c8f00000, 0x00000000c9000000, 0x00000000c9000000|100%| O|  |TAMS 0x00000000c9000000, 0x00000000c8f00000| Untracked 
| 144|0x00000000c9000000, 0x00000000c9100000, 0x00000000c9100000|100%| O|  |TAMS 0x00000000c9100000, 0x00000000c9000000| Untracked 
| 145|0x00000000c9100000, 0x00000000c9200000, 0x00000000c9200000|100%| O|  |TAMS 0x00000000c9200000, 0x00000000c9100000| Untracked 
| 146|0x00000000c9200000, 0x00000000c9300000, 0x00000000c9300000|100%| O|  |TAMS 0x00000000c9300000, 0x00000000c9200000| Untracked 
| 147|0x00000000c9300000, 0x00000000c9400000, 0x00000000c9400000|100%| O|  |TAMS 0x00000000c9400000, 0x00000000c9300000| Untracked 
| 148|0x00000000c9400000, 0x00000000c9500000, 0x00000000c9500000|100%| O|  |TAMS 0x00000000c9500000, 0x00000000c9400000| Untracked 
| 149|0x00000000c9500000, 0x00000000c9600000, 0x00000000c9600000|100%| O|  |TAMS 0x00000000c9600000, 0x00000000c9500000| Untracked 
| 150|0x00000000c9600000, 0x00000000c9700000, 0x00000000c9700000|100%| O|  |TAMS 0x00000000c9700000, 0x00000000c9600000| Untracked 
| 151|0x00000000c9700000, 0x00000000c9800000, 0x00000000c9800000|100%| O|  |TAMS 0x00000000c9800000, 0x00000000c9700000| Untracked 
| 152|0x00000000c9800000, 0x00000000c9840a00, 0x00000000c9900000| 25%| O|  |TAMS 0x00000000c9840a00, 0x00000000c9800000| Updating 
| 153|0x00000000c9900000, 0x00000000c9900000, 0x00000000c9a00000|  0%| F|  |TAMS 0x00000000c9900000, 0x00000000c9900000| Untracked 
| 154|0x00000000c9a00000, 0x00000000c9a00000, 0x00000000c9b00000|  0%| F|  |TAMS 0x00000000c9a00000, 0x00000000c9a00000| Untracked 
| 155|0x00000000c9b00000, 0x00000000c9b00000, 0x00000000c9c00000|  0%| F|  |TAMS 0x00000000c9b00000, 0x00000000c9b00000| Untracked 
| 156|0x00000000c9c00000, 0x00000000c9c00000, 0x00000000c9d00000|  0%| F|  |TAMS 0x00000000c9c00000, 0x00000000c9c00000| Untracked 
| 157|0x00000000c9d00000, 0x00000000c9d00000, 0x00000000c9e00000|  0%| F|  |TAMS 0x00000000c9d00000, 0x00000000c9d00000| Untracked 
| 158|0x00000000c9e00000, 0x00000000c9e00000, 0x00000000c9f00000|  0%| F|  |TAMS 0x00000000c9e00000, 0x00000000c9e00000| Untracked 
| 159|0x00000000c9f00000, 0x00000000c9f00000, 0x00000000ca000000|  0%| F|  |TAMS 0x00000000c9f00000, 0x00000000c9f00000| Untracked 
| 160|0x00000000ca000000, 0x00000000ca000000, 0x00000000ca100000|  0%| F|  |TAMS 0x00000000ca000000, 0x00000000ca000000| Untracked 
| 161|0x00000000ca100000, 0x00000000ca100000, 0x00000000ca200000|  0%| F|  |TAMS 0x00000000ca100000, 0x00000000ca100000| Untracked 
| 162|0x00000000ca200000, 0x00000000ca200000, 0x00000000ca300000|  0%| F|  |TAMS 0x00000000ca200000, 0x00000000ca200000| Untracked 
| 163|0x00000000ca300000, 0x00000000ca300000, 0x00000000ca400000|  0%| F|  |TAMS 0x00000000ca300000, 0x00000000ca300000| Untracked 
| 164|0x00000000ca400000, 0x00000000ca400000, 0x00000000ca500000|  0%| F|  |TAMS 0x00000000ca400000, 0x00000000ca400000| Untracked 
| 165|0x00000000ca500000, 0x00000000ca500000, 0x00000000ca600000|  0%| F|  |TAMS 0x00000000ca500000, 0x00000000ca500000| Untracked 
| 166|0x00000000ca600000, 0x00000000ca600000, 0x00000000ca700000|  0%| F|  |TAMS 0x00000000ca600000, 0x00000000ca600000| Untracked 
| 167|0x00000000ca700000, 0x00000000ca700000, 0x00000000ca800000|  0%| F|  |TAMS 0x00000000ca700000, 0x00000000ca700000| Untracked 
| 168|0x00000000ca800000, 0x00000000ca800000, 0x00000000ca900000|  0%| F|  |TAMS 0x00000000ca800000, 0x00000000ca800000| Untracked 
| 169|0x00000000ca900000, 0x00000000ca900000, 0x00000000caa00000|  0%| F|  |TAMS 0x00000000ca900000, 0x00000000ca900000| Untracked 
| 170|0x00000000caa00000, 0x00000000caa00000, 0x00000000cab00000|  0%| F|  |TAMS 0x00000000caa00000, 0x00000000caa00000| Untracked 
| 171|0x00000000cab00000, 0x00000000cab00000, 0x00000000cac00000|  0%| F|  |TAMS 0x00000000cab00000, 0x00000000cab00000| Untracked 
| 172|0x00000000cac00000, 0x00000000cac00000, 0x00000000cad00000|  0%| F|  |TAMS 0x00000000cac00000, 0x00000000cac00000| Untracked 
| 173|0x00000000cad00000, 0x00000000cad00000, 0x00000000cae00000|  0%| F|  |TAMS 0x00000000cad00000, 0x00000000cad00000| Untracked 
| 174|0x00000000cae00000, 0x00000000cae00000, 0x00000000caf00000|  0%| F|  |TAMS 0x00000000cae00000, 0x00000000cae00000| Untracked 
| 175|0x00000000caf00000, 0x00000000caf00000, 0x00000000cb000000|  0%| F|  |TAMS 0x00000000caf00000, 0x00000000caf00000| Untracked 
| 176|0x00000000cb000000, 0x00000000cb000000, 0x00000000cb100000|  0%| F|  |TAMS 0x00000000cb000000, 0x00000000cb000000| Untracked 
| 177|0x00000000cb100000, 0x00000000cb100000, 0x00000000cb200000|  0%| F|  |TAMS 0x00000000cb100000, 0x00000000cb100000| Untracked 
| 178|0x00000000cb200000, 0x00000000cb200000, 0x00000000cb300000|  0%| F|  |TAMS 0x00000000cb200000, 0x00000000cb200000| Untracked 
| 179|0x00000000cb300000, 0x00000000cb300000, 0x00000000cb400000|  0%| F|  |TAMS 0x00000000cb300000, 0x00000000cb300000| Untracked 
| 180|0x00000000cb400000, 0x00000000cb400000, 0x00000000cb500000|  0%| F|  |TAMS 0x00000000cb400000, 0x00000000cb400000| Untracked 
| 181|0x00000000cb500000, 0x00000000cb500000, 0x00000000cb600000|  0%| F|  |TAMS 0x00000000cb500000, 0x00000000cb500000| Untracked 
| 182|0x00000000cb600000, 0x00000000cb600000, 0x00000000cb700000|  0%| F|  |TAMS 0x00000000cb600000, 0x00000000cb600000| Untracked 
| 183|0x00000000cb700000, 0x00000000cb700000, 0x00000000cb800000|  0%| F|  |TAMS 0x00000000cb700000, 0x00000000cb700000| Untracked 
| 184|0x00000000cb800000, 0x00000000cb800000, 0x00000000cb900000|  0%| F|  |TAMS 0x00000000cb800000, 0x00000000cb800000| Untracked 
| 185|0x00000000cb900000, 0x00000000cb900000, 0x00000000cba00000|  0%| F|  |TAMS 0x00000000cb900000, 0x00000000cb900000| Untracked 
| 186|0x00000000cba00000, 0x00000000cba00000, 0x00000000cbb00000|  0%| F|  |TAMS 0x00000000cba00000, 0x00000000cba00000| Untracked 
| 187|0x00000000cbb00000, 0x00000000cbb00000, 0x00000000cbc00000|  0%| F|  |TAMS 0x00000000cbb00000, 0x00000000cbb00000| Untracked 
| 188|0x00000000cbc00000, 0x00000000cbc00000, 0x00000000cbd00000|  0%| F|  |TAMS 0x00000000cbc00000, 0x00000000cbc00000| Untracked 
| 189|0x00000000cbd00000, 0x00000000cbd00000, 0x00000000cbe00000|  0%| F|  |TAMS 0x00000000cbd00000, 0x00000000cbd00000| Untracked 
| 190|0x00000000cbe00000, 0x00000000cbe67a28, 0x00000000cbf00000| 40%| S|CS|TAMS 0x00000000cbe00000, 0x00000000cbe00000| Complete 
| 191|0x00000000cbf00000, 0x00000000cc000000, 0x00000000cc000000|100%| S|CS|TAMS 0x00000000cbf00000, 0x00000000cbf00000| Complete 
| 192|0x00000000cc000000, 0x00000000cc100000, 0x00000000cc100000|100%| S|CS|TAMS 0x00000000cc000000, 0x00000000cc000000| Complete 
| 193|0x00000000cc100000, 0x00000000cc200000, 0x00000000cc200000|100%| S|CS|TAMS 0x00000000cc100000, 0x00000000cc100000| Complete 
| 194|0x00000000cc200000, 0x00000000cc300000, 0x00000000cc300000|100%| S|CS|TAMS 0x00000000cc200000, 0x00000000cc200000| Complete 
| 195|0x00000000cc300000, 0x00000000cc300000, 0x00000000cc400000|  0%| F|  |TAMS 0x00000000cc300000, 0x00000000cc300000| Untracked 
| 196|0x00000000cc400000, 0x00000000cc400000, 0x00000000cc500000|  0%| F|  |TAMS 0x00000000cc400000, 0x00000000cc400000| Untracked 
| 197|0x00000000cc500000, 0x00000000cc500000, 0x00000000cc600000|  0%| F|  |TAMS 0x00000000cc500000, 0x00000000cc500000| Untracked 
| 198|0x00000000cc600000, 0x00000000cc600000, 0x00000000cc700000|  0%| F|  |TAMS 0x00000000cc600000, 0x00000000cc600000| Untracked 
| 199|0x00000000cc700000, 0x00000000cc700000, 0x00000000cc800000|  0%| F|  |TAMS 0x00000000cc700000, 0x00000000cc700000| Untracked 
| 200|0x00000000cc800000, 0x00000000cc800000, 0x00000000cc900000|  0%| F|  |TAMS 0x00000000cc800000, 0x00000000cc800000| Untracked 
| 201|0x00000000cc900000, 0x00000000cc900000, 0x00000000cca00000|  0%| F|  |TAMS 0x00000000cc900000, 0x00000000cc900000| Untracked 
| 202|0x00000000cca00000, 0x00000000cca00000, 0x00000000ccb00000|  0%| F|  |TAMS 0x00000000cca00000, 0x00000000cca00000| Untracked 
| 203|0x00000000ccb00000, 0x00000000ccb00000, 0x00000000ccc00000|  0%| F|  |TAMS 0x00000000ccb00000, 0x00000000ccb00000| Untracked 
| 204|0x00000000ccc00000, 0x00000000ccc00000, 0x00000000ccd00000|  0%| F|  |TAMS 0x00000000ccc00000, 0x00000000ccc00000| Untracked 
| 205|0x00000000ccd00000, 0x00000000ccd00000, 0x00000000cce00000|  0%| F|  |TAMS 0x00000000ccd00000, 0x00000000ccd00000| Untracked 
| 206|0x00000000cce00000, 0x00000000cce00000, 0x00000000ccf00000|  0%| F|  |TAMS 0x00000000cce00000, 0x00000000cce00000| Untracked 
| 207|0x00000000ccf00000, 0x00000000ccf00000, 0x00000000cd000000|  0%| F|  |TAMS 0x00000000ccf00000, 0x00000000ccf00000| Untracked 
| 208|0x00000000cd000000, 0x00000000cd000000, 0x00000000cd100000|  0%| F|  |TAMS 0x00000000cd000000, 0x00000000cd000000| Untracked 
| 209|0x00000000cd100000, 0x00000000cd104010, 0x00000000cd200000|  1%| E|  |TAMS 0x00000000cd100000, 0x00000000cd100000| Complete 
| 210|0x00000000cd200000, 0x00000000cd300000, 0x00000000cd300000|100%| E|CS|TAMS 0x00000000cd200000, 0x00000000cd200000| Complete 
| 211|0x00000000cd300000, 0x00000000cd400000, 0x00000000cd400000|100%| E|CS|TAMS 0x00000000cd300000, 0x00000000cd300000| Complete 
| 212|0x00000000cd400000, 0x00000000cd500000, 0x00000000cd500000|100%| E|CS|TAMS 0x00000000cd400000, 0x00000000cd400000| Complete 
| 213|0x00000000cd500000, 0x00000000cd600000, 0x00000000cd600000|100%| E|  |TAMS 0x00000000cd500000, 0x00000000cd500000| Complete 
| 214|0x00000000cd600000, 0x00000000cd700000, 0x00000000cd700000|100%| E|CS|TAMS 0x00000000cd600000, 0x00000000cd600000| Complete 
| 215|0x00000000cd700000, 0x00000000cd800000, 0x00000000cd800000|100%| E|CS|TAMS 0x00000000cd700000, 0x00000000cd700000| Complete 
| 216|0x00000000cd800000, 0x00000000cd900000, 0x00000000cd900000|100%| E|CS|TAMS 0x00000000cd800000, 0x00000000cd800000| Complete 
| 217|0x00000000cd900000, 0x00000000cda00000, 0x00000000cda00000|100%| E|CS|TAMS 0x00000000cd900000, 0x00000000cd900000| Complete 
| 218|0x00000000cda00000, 0x00000000cdb00000, 0x00000000cdb00000|100%| E|CS|TAMS 0x00000000cda00000, 0x00000000cda00000| Complete 
| 219|0x00000000cdb00000, 0x00000000cdc00000, 0x00000000cdc00000|100%| E|CS|TAMS 0x00000000cdb00000, 0x00000000cdb00000| Complete 
| 220|0x00000000cdc00000, 0x00000000cdd00000, 0x00000000cdd00000|100%| E|CS|TAMS 0x00000000cdc00000, 0x00000000cdc00000| Complete 
| 221|0x00000000cdd00000, 0x00000000cde00000, 0x00000000cde00000|100%| E|CS|TAMS 0x00000000cdd00000, 0x00000000cdd00000| Complete 
| 222|0x00000000cde00000, 0x00000000cdf00000, 0x00000000cdf00000|100%| E|CS|TAMS 0x00000000cde00000, 0x00000000cde00000| Complete 
| 223|0x00000000cdf00000, 0x00000000ce000000, 0x00000000ce000000|100%| E|CS|TAMS 0x00000000cdf00000, 0x00000000cdf00000| Complete 
| 224|0x00000000ce000000, 0x00000000ce100000, 0x00000000ce100000|100%| E|CS|TAMS 0x00000000ce000000, 0x00000000ce000000| Complete 
| 225|0x00000000ce100000, 0x00000000ce200000, 0x00000000ce200000|100%| E|CS|TAMS 0x00000000ce100000, 0x00000000ce100000| Complete 
| 226|0x00000000ce200000, 0x00000000ce300000, 0x00000000ce300000|100%| E|CS|TAMS 0x00000000ce200000, 0x00000000ce200000| Complete 
| 227|0x00000000ce300000, 0x00000000ce400000, 0x00000000ce400000|100%| E|CS|TAMS 0x00000000ce300000, 0x00000000ce300000| Complete 
| 228|0x00000000ce400000, 0x00000000ce500000, 0x00000000ce500000|100%| E|CS|TAMS 0x00000000ce400000, 0x00000000ce400000| Complete 
| 229|0x00000000ce500000, 0x00000000ce600000, 0x00000000ce600000|100%| E|CS|TAMS 0x00000000ce500000, 0x00000000ce500000| Complete 
| 230|0x00000000ce600000, 0x00000000ce700000, 0x00000000ce700000|100%| E|CS|TAMS 0x00000000ce600000, 0x00000000ce600000| Complete 
| 231|0x00000000ce700000, 0x00000000ce800000, 0x00000000ce800000|100%| E|CS|TAMS 0x00000000ce700000, 0x00000000ce700000| Complete 
| 232|0x00000000ce800000, 0x00000000ce900000, 0x00000000ce900000|100%| E|CS|TAMS 0x00000000ce800000, 0x00000000ce800000| Complete 
| 233|0x00000000ce900000, 0x00000000cea00000, 0x00000000cea00000|100%| E|CS|TAMS 0x00000000ce900000, 0x00000000ce900000| Complete 
| 234|0x00000000cea00000, 0x00000000ceb00000, 0x00000000ceb00000|100%| E|CS|TAMS 0x00000000cea00000, 0x00000000cea00000| Complete 
| 235|0x00000000ceb00000, 0x00000000cec00000, 0x00000000cec00000|100%| E|CS|TAMS 0x00000000ceb00000, 0x00000000ceb00000| Complete 
| 236|0x00000000cec00000, 0x00000000ced00000, 0x00000000ced00000|100%| E|CS|TAMS 0x00000000cec00000, 0x00000000cec00000| Complete 
| 237|0x00000000ced00000, 0x00000000cee00000, 0x00000000cee00000|100%| E|CS|TAMS 0x00000000ced00000, 0x00000000ced00000| Complete 
| 238|0x00000000cee00000, 0x00000000cef00000, 0x00000000cef00000|100%| E|CS|TAMS 0x00000000cee00000, 0x00000000cee00000| Complete 
| 239|0x00000000cef00000, 0x00000000cf000000, 0x00000000cf000000|100%| E|CS|TAMS 0x00000000cef00000, 0x00000000cef00000| Complete 
| 240|0x00000000cf000000, 0x00000000cf100000, 0x00000000cf100000|100%| E|CS|TAMS 0x00000000cf000000, 0x00000000cf000000| Complete 
| 241|0x00000000cf100000, 0x00000000cf200000, 0x00000000cf200000|100%| E|CS|TAMS 0x00000000cf100000, 0x00000000cf100000| Complete 
| 242|0x00000000cf200000, 0x00000000cf300000, 0x00000000cf300000|100%| E|CS|TAMS 0x00000000cf200000, 0x00000000cf200000| Complete 
| 243|0x00000000cf300000, 0x00000000cf400000, 0x00000000cf400000|100%| E|CS|TAMS 0x00000000cf300000, 0x00000000cf300000| Complete 
| 244|0x00000000cf400000, 0x00000000cf500000, 0x00000000cf500000|100%| E|CS|TAMS 0x00000000cf400000, 0x00000000cf400000| Complete 
| 245|0x00000000cf500000, 0x00000000cf600000, 0x00000000cf600000|100%| E|CS|TAMS 0x00000000cf500000, 0x00000000cf500000| Complete 
| 246|0x00000000cf600000, 0x00000000cf700000, 0x00000000cf700000|100%| E|CS|TAMS 0x00000000cf600000, 0x00000000cf600000| Complete 
| 247|0x00000000cf700000, 0x00000000cf800000, 0x00000000cf800000|100%| E|CS|TAMS 0x00000000cf700000, 0x00000000cf700000| Complete 
| 248|0x00000000cf800000, 0x00000000cf900000, 0x00000000cf900000|100%| E|CS|TAMS 0x00000000cf800000, 0x00000000cf800000| Complete 
| 249|0x00000000cf900000, 0x00000000cfa00000, 0x00000000cfa00000|100%| E|CS|TAMS 0x00000000cf900000, 0x00000000cf900000| Complete 
| 250|0x00000000cfa00000, 0x00000000cfb00000, 0x00000000cfb00000|100%| E|CS|TAMS 0x00000000cfa00000, 0x00000000cfa00000| Complete 
| 251|0x00000000cfb00000, 0x00000000cfc00000, 0x00000000cfc00000|100%| E|CS|TAMS 0x00000000cfb00000, 0x00000000cfb00000| Complete 
| 252|0x00000000cfc00000, 0x00000000cfd00000, 0x00000000cfd00000|100%| E|CS|TAMS 0x00000000cfc00000, 0x00000000cfc00000| Complete 
| 253|0x00000000cfd00000, 0x00000000cfe00000, 0x00000000cfe00000|100%| E|CS|TAMS 0x00000000cfd00000, 0x00000000cfd00000| Complete 
| 254|0x00000000cfe00000, 0x00000000cff00000, 0x00000000cff00000|100%| E|CS|TAMS 0x00000000cfe00000, 0x00000000cfe00000| Complete 
| 255|0x00000000cff00000, 0x00000000d0000000, 0x00000000d0000000|100%| E|CS|TAMS 0x00000000cff00000, 0x00000000cff00000| Complete 
| 256|0x00000000d0000000, 0x00000000d0100000, 0x00000000d0100000|100%| E|CS|TAMS 0x00000000d0000000, 0x00000000d0000000| Complete 
| 257|0x00000000d0100000, 0x00000000d0200000, 0x00000000d0200000|100%| E|CS|TAMS 0x00000000d0100000, 0x00000000d0100000| Complete 
| 258|0x00000000d0200000, 0x00000000d0300000, 0x00000000d0300000|100%| E|CS|TAMS 0x00000000d0200000, 0x00000000d0200000| Complete 
| 259|0x00000000d0300000, 0x00000000d0400000, 0x00000000d0400000|100%| E|CS|TAMS 0x00000000d0300000, 0x00000000d0300000| Complete 
| 260|0x00000000d0400000, 0x00000000d0500000, 0x00000000d0500000|100%| E|CS|TAMS 0x00000000d0400000, 0x00000000d0400000| Complete 
| 261|0x00000000d0500000, 0x00000000d0600000, 0x00000000d0600000|100%| E|CS|TAMS 0x00000000d0500000, 0x00000000d0500000| Complete 
| 262|0x00000000d0600000, 0x00000000d0700000, 0x00000000d0700000|100%| E|CS|TAMS 0x00000000d0600000, 0x00000000d0600000| Complete 
| 263|0x00000000d0700000, 0x00000000d0800000, 0x00000000d0800000|100%| E|CS|TAMS 0x00000000d0700000, 0x00000000d0700000| Complete 
| 264|0x00000000d0800000, 0x00000000d0900000, 0x00000000d0900000|100%| E|CS|TAMS 0x00000000d0800000, 0x00000000d0800000| Complete 
| 265|0x00000000d0900000, 0x00000000d0a00000, 0x00000000d0a00000|100%| E|CS|TAMS 0x00000000d0900000, 0x00000000d0900000| Complete 
| 266|0x00000000d0a00000, 0x00000000d0b00000, 0x00000000d0b00000|100%| E|CS|TAMS 0x00000000d0a00000, 0x00000000d0a00000| Complete 
| 267|0x00000000d0b00000, 0x00000000d0c00000, 0x00000000d0c00000|100%| E|CS|TAMS 0x00000000d0b00000, 0x00000000d0b00000| Complete 
| 268|0x00000000d0c00000, 0x00000000d0d00000, 0x00000000d0d00000|100%| E|CS|TAMS 0x00000000d0c00000, 0x00000000d0c00000| Complete 
| 269|0x00000000d0d00000, 0x00000000d0e00000, 0x00000000d0e00000|100%| E|CS|TAMS 0x00000000d0d00000, 0x00000000d0d00000| Complete 
| 270|0x00000000d0e00000, 0x00000000d0f00000, 0x00000000d0f00000|100%| E|CS|TAMS 0x00000000d0e00000, 0x00000000d0e00000| Complete 
| 271|0x00000000d0f00000, 0x00000000d1000000, 0x00000000d1000000|100%| E|CS|TAMS 0x00000000d0f00000, 0x00000000d0f00000| Complete 
| 272|0x00000000d1000000, 0x00000000d1100000, 0x00000000d1100000|100%| E|CS|TAMS 0x00000000d1000000, 0x00000000d1000000| Complete 
| 273|0x00000000d1100000, 0x00000000d1200000, 0x00000000d1200000|100%| E|CS|TAMS 0x00000000d1100000, 0x00000000d1100000| Complete 
| 274|0x00000000d1200000, 0x00000000d1300000, 0x00000000d1300000|100%| E|CS|TAMS 0x00000000d1200000, 0x00000000d1200000| Complete 
| 275|0x00000000d1300000, 0x00000000d1400000, 0x00000000d1400000|100%| E|CS|TAMS 0x00000000d1300000, 0x00000000d1300000| Complete 
| 276|0x00000000d1400000, 0x00000000d1500000, 0x00000000d1500000|100%| E|CS|TAMS 0x00000000d1400000, 0x00000000d1400000| Complete 
| 277|0x00000000d1500000, 0x00000000d1600000, 0x00000000d1600000|100%| E|CS|TAMS 0x00000000d1500000, 0x00000000d1500000| Complete 
| 278|0x00000000d1600000, 0x00000000d1700000, 0x00000000d1700000|100%| E|CS|TAMS 0x00000000d1600000, 0x00000000d1600000| Complete 
| 279|0x00000000d1700000, 0x00000000d1800000, 0x00000000d1800000|100%| E|CS|TAMS 0x00000000d1700000, 0x00000000d1700000| Complete 
| 280|0x00000000d1800000, 0x00000000d1900000, 0x00000000d1900000|100%| E|CS|TAMS 0x00000000d1800000, 0x00000000d1800000| Complete 
| 281|0x00000000d1900000, 0x00000000d1a00000, 0x00000000d1a00000|100%| E|CS|TAMS 0x00000000d1900000, 0x00000000d1900000| Complete 
| 282|0x00000000d1a00000, 0x00000000d1b00000, 0x00000000d1b00000|100%| E|CS|TAMS 0x00000000d1a00000, 0x00000000d1a00000| Complete 
| 283|0x00000000d1b00000, 0x00000000d1c00000, 0x00000000d1c00000|100%| E|CS|TAMS 0x00000000d1b00000, 0x00000000d1b00000| Complete 
| 284|0x00000000d1c00000, 0x00000000d1d00000, 0x00000000d1d00000|100%| E|CS|TAMS 0x00000000d1c00000, 0x00000000d1c00000| Complete 
| 285|0x00000000d1d00000, 0x00000000d1e00000, 0x00000000d1e00000|100%| E|CS|TAMS 0x00000000d1d00000, 0x00000000d1d00000| Complete 
| 286|0x00000000d1e00000, 0x00000000d1f00000, 0x00000000d1f00000|100%| E|CS|TAMS 0x00000000d1e00000, 0x00000000d1e00000| Complete 
| 287|0x00000000d1f00000, 0x00000000d2000000, 0x00000000d2000000|100%| E|CS|TAMS 0x00000000d1f00000, 0x00000000d1f00000| Complete 
| 288|0x00000000d2000000, 0x00000000d2100000, 0x00000000d2100000|100%| E|CS|TAMS 0x00000000d2000000, 0x00000000d2000000| Complete 
| 289|0x00000000d2100000, 0x00000000d2200000, 0x00000000d2200000|100%| E|CS|TAMS 0x00000000d2100000, 0x00000000d2100000| Complete 
| 290|0x00000000d2200000, 0x00000000d2300000, 0x00000000d2300000|100%| E|CS|TAMS 0x00000000d2200000, 0x00000000d2200000| Complete 
| 291|0x00000000d2300000, 0x00000000d2400000, 0x00000000d2400000|100%| E|CS|TAMS 0x00000000d2300000, 0x00000000d2300000| Complete 
| 292|0x00000000d2400000, 0x00000000d2500000, 0x00000000d2500000|100%| E|CS|TAMS 0x00000000d2400000, 0x00000000d2400000| Complete 

Card table byte_map: [0x000001e150ae0000,0x000001e150ce0000] _byte_map_base: 0x000001e1504e0000

Marking Bits (Prev, Next): (CMBitMap*) 0x000001e14ae96720, (CMBitMap*) 0x000001e14ae96760
 Prev Bits: [0x000001e150ee0000, 0x000001e151ee0000)
 Next Bits: [0x000001e151ee0000, 0x000001e152ee0000)

Polling page: 0x000001e148cf0000

Metaspace:

Usage:
  Non-class:     44.96 MB used.
      Class:      6.49 MB used.
       Both:     51.45 MB used.

Virtual space:
  Non-class space:       64.00 MB reserved,      45.19 MB ( 71%) committed,  1 nodes.
      Class space:        1.00 GB reserved,       6.69 MB ( <1%) committed,  1 nodes.
             Both:        1.06 GB reserved,      51.88 MB (  5%) committed. 

Chunk freelists:
   Non-Class:  2.09 MB
       Class:  9.29 MB
        Both:  11.38 MB

MaxMetaspaceSize: unlimited
CompressedClassSpaceSize: 1.00 GB
Initial GC threshold: 21.00 MB
Current GC threshold: 86.25 MB
CDS: off
MetaspaceReclaimPolicy: balanced
 - commit_granule_bytes: 65536.
 - commit_granule_words: 8192.
 - virtual_space_node_default_size: 8388608.
 - enlarge_chunks_in_place: 1.
 - new_chunks_are_fully_committed: 0.
 - uncommit_free_chunks: 1.
 - use_allocation_guard: 0.
 - handle_deallocations: 1.


Internal statistics:

num_allocs_failed_limit: 6.
num_arena_births: 550.
num_arena_deaths: 0.
num_vsnodes_births: 2.
num_vsnodes_deaths: 0.
num_space_committed: 830.
num_space_uncommitted: 0.
num_chunks_returned_to_freelist: 6.
num_chunks_taken_from_freelist: 2134.
num_chunk_merges: 6.
num_chunk_splits: 1476.
num_chunks_enlarged: 1104.
num_inconsistent_stats: 0.

CodeCache: size=49152Kb used=11373Kb max_used=11373Kb free=37778Kb
 bounds [0x000001e14dae0000, 0x000001e14e600000, 0x000001e150ae0000]
 total_blobs=6242 nmethods=5601 adapters=566
 compilation: enabled
              stopped_count=0, restarted_count=0
 full_count=0

Compilation events (20 events):
Event: 32.543 Thread 0x000001e1553cbbb0 nmethod 5596 0x000001e14e5f7210 code [0x000001e14e5f73e0, 0x000001e14e5f7828]
Event: 32.543 Thread 0x000001e1553cbbb0 5598   !   1       nonapi.io.github.classgraph.fileslice.Slice$1::close (28 bytes)
Event: 32.543 Thread 0x000001e1555a4dd0 nmethod 5597 0x000001e14e5f7990 code [0x000001e14e5f7b60, 0x000001e14e5f7ed8]
Event: 32.543 Thread 0x000001e1553cbbb0 nmethod 5598 0x000001e14e5f8110 code [0x000001e14e5f82e0, 0x000001e14e5f85b8]
Event: 32.544 Thread 0x000001e1553cbbb0 5599       1       io.github.classgraph.ClasspathElementZip$1::openClassfile (13 bytes)
Event: 32.544 Thread 0x000001e1553cbbb0 nmethod 5599 0x000001e14e5f8790 code [0x000001e14e5f8940, 0x000001e14e5f8c48]
Event: 32.544 Thread 0x000001e1553cbbb0 5600   !   1       io.github.classgraph.ClasspathElementZip$1::open (79 bytes)
Event: 32.545 Thread 0x000001e1553cbbb0 nmethod 5600 0x000001e14e5f8d10 code [0x000001e14e5f8f60, 0x000001e14e5f9818]
Event: 32.712 Thread 0x000001e1553cbbb0 5601       1       java.util.concurrent.locks.ReentrantLock$NonfairSync::tryAcquire (27 bytes)
Event: 32.712 Thread 0x000001e1553cbbb0 nmethod 5601 0x000001e14e5f9d90 code [0x000001e14e5f9f20, 0x000001e14e5fa098]
Event: 33.255 Thread 0x000001e1555a4dd0 5602       1       io.github.classgraph.PotentiallyUnmodifiableList$1::hasNext (22 bytes)
Event: 33.256 Thread 0x000001e1555a4dd0 nmethod 5602 0x000001e14e5fa110 code [0x000001e14e5fa2c0, 0x000001e14e5fa408]
Event: 33.261 Thread 0x000001e1555a4dd0 5603       1       io.github.classgraph.ScanResultObject::<init> (5 bytes)
Event: 33.261 Thread 0x000001e1555a4dd0 nmethod 5603 0x000001e14e5fa510 code [0x000001e14e5fa6a0, 0x000001e14e5fa758]
Event: 33.261 Thread 0x000001e1553cbbb0 5604       1       io.github.classgraph.MethodInfo::getThrownExceptionNames (19 bytes)
Event: 33.262 Thread 0x000001e1553cbbb0 nmethod 5604 0x000001e14e5fa810 code [0x000001e14e5fa9a0, 0x000001e14e5fab38]
Event: 33.283 Thread 0x000001e1555a4dd0 5605       1       io.github.classgraph.PotentiallyUnmodifiableList::add (23 bytes)
Event: 33.283 Thread 0x000001e1553cbbb0 5606       1       io.github.classgraph.PotentiallyUnmodifiableList$1::next (10 bytes)
Event: 33.284 Thread 0x000001e1553cbbb0 nmethod 5606 0x000001e14e5fac10 code [0x000001e14e5fada0, 0x000001e14e5fae88]
Event: 33.284 Thread 0x000001e1555a4dd0 nmethod 5605 0x000001e14e5faf10 code [0x000001e14e5fb0c0, 0x000001e14e5fb398]

GC Heap History (20 events):
Event: 28.702 GC heap before
{Heap before GC invocations=39 (full 0):
 garbage-first heap   total 268288K, used 222495K [0x00000000c0000000, 0x0000000100000000)
  region size 1024K, 119 young (121856K), 11 survivors (11264K)
 Metaspace       used 51386K, committed 51840K, reserved 1114112K
  class space    used 6461K, committed 6656K, reserved 1048576K
}
Event: 28.715 GC heap after
{Heap after GC invocations=40 (full 0):
 garbage-first heap   total 268288K, used 117703K [0x00000000c0000000, 0x0000000100000000)
  region size 1024K, 11 young (11264K), 11 survivors (11264K)
 Metaspace       used 51386K, committed 51840K, reserved 1114112K
  class space    used 6461K, committed 6656K, reserved 1048576K
}
Event: 29.053 GC heap before
{Heap before GC invocations=40 (full 0):
 garbage-first heap   total 268288K, used 224199K [0x00000000c0000000, 0x0000000100000000)
  region size 1024K, 116 young (118784K), 11 survivors (11264K)
 Metaspace       used 51478K, committed 51840K, reserved 1114112K
  class space    used 6475K, committed 6656K, reserved 1048576K
}
Event: 29.067 GC heap after
{Heap after GC invocations=41 (full 0):
 garbage-first heap   total 268288K, used 121676K [0x00000000c0000000, 0x0000000100000000)
  region size 1024K, 9 young (9216K), 9 survivors (9216K)
 Metaspace       used 51478K, committed 51840K, reserved 1114112K
  class space    used 6475K, committed 6656K, reserved 1048576K
}
Event: 29.373 GC heap before
{Heap before GC invocations=41 (full 0):
 garbage-first heap   total 268288K, used 226124K [0x00000000c0000000, 0x0000000100000000)
  region size 1024K, 112 young (114688K), 9 survivors (9216K)
 Metaspace       used 51796K, committed 52224K, reserved 1114112K
  class space    used 6522K, committed 6720K, reserved 1048576K
}
Event: 29.386 GC heap after
{Heap after GC invocations=42 (full 0):
 garbage-first heap   total 268288K, used 126861K [0x00000000c0000000, 0x0000000100000000)
  region size 1024K, 10 young (10240K), 10 survivors (10240K)
 Metaspace       used 51796K, committed 52224K, reserved 1114112K
  class space    used 6522K, committed 6720K, reserved 1048576K
}
Event: 29.816 GC heap before
{Heap before GC invocations=42 (full 0):
 garbage-first heap   total 268288K, used 225165K [0x00000000c0000000, 0x0000000100000000)
  region size 1024K, 107 young (109568K), 10 survivors (10240K)
 Metaspace       used 52542K, committed 52992K, reserved 1114112K
  class space    used 6636K, committed 6848K, reserved 1048576K
}
Event: 29.830 GC heap after
{Heap after GC invocations=43 (full 0):
 garbage-first heap   total 268288K, used 131360K [0x00000000c0000000, 0x0000000100000000)
  region size 1024K, 10 young (10240K), 10 survivors (10240K)
 Metaspace       used 52542K, committed 52992K, reserved 1114112K
  class space    used 6636K, committed 6848K, reserved 1048576K
}
Event: 30.279 GC heap before
{Heap before GC invocations=43 (full 0):
 garbage-first heap   total 268288K, used 226592K [0x00000000c0000000, 0x0000000100000000)
  region size 1024K, 104 young (106496K), 10 survivors (10240K)
 Metaspace       used 52550K, committed 52992K, reserved 1114112K
  class space    used 6638K, committed 6848K, reserved 1048576K
}
Event: 30.299 GC heap after
{Heap after GC invocations=44 (full 0):
 garbage-first heap   total 268288K, used 137013K [0x00000000c0000000, 0x0000000100000000)
  region size 1024K, 10 young (10240K), 10 survivors (10240K)
 Metaspace       used 52550K, committed 52992K, reserved 1114112K
  class space    used 6638K, committed 6848K, reserved 1048576K
}
Event: 30.496 GC heap before
{Heap before GC invocations=44 (full 0):
 garbage-first heap   total 268288K, used 227125K [0x00000000c0000000, 0x0000000100000000)
  region size 1024K, 99 young (101376K), 10 survivors (10240K)
 Metaspace       used 52550K, committed 52992K, reserved 1114112K
  class space    used 6638K, committed 6848K, reserved 1048576K
}
Event: 30.511 GC heap after
{Heap after GC invocations=45 (full 0):
 garbage-first heap   total 300032K, used 144820K [0x00000000c0000000, 0x0000000100000000)
  region size 1024K, 13 young (13312K), 13 survivors (13312K)
 Metaspace       used 52550K, committed 52992K, reserved 1114112K
  class space    used 6638K, committed 6848K, reserved 1048576K
}
Event: 31.125 GC heap before
{Heap before GC invocations=45 (full 0):
 garbage-first heap   total 300032K, used 251316K [0x00000000c0000000, 0x0000000100000000)
  region size 1024K, 118 young (120832K), 13 survivors (13312K)
 Metaspace       used 52550K, committed 52992K, reserved 1114112K
  class space    used 6638K, committed 6848K, reserved 1048576K
}
Event: 31.275 GC heap after
{Heap after GC invocations=46 (full 0):
 garbage-first heap   total 300032K, used 151552K [0x00000000c0000000, 0x0000000100000000)
  region size 1024K, 7 young (7168K), 7 survivors (7168K)
 Metaspace       used 52550K, committed 52992K, reserved 1114112K
  class space    used 6638K, committed 6848K, reserved 1048576K
}
Event: 32.769 GC heap before
{Heap before GC invocations=47 (full 0):
 garbage-first heap   total 300032K, used 250880K [0x00000000c0000000, 0x0000000100000000)
  region size 1024K, 106 young (108544K), 7 survivors (7168K)
 Metaspace       used 52688K, committed 53120K, reserved 1114112K
  class space    used 6648K, committed 6848K, reserved 1048576K
}
Event: 32.786 GC heap after
{Heap after GC invocations=48 (full 0):
 garbage-first heap   total 300032K, used 155648K [0x00000000c0000000, 0x0000000100000000)
  region size 1024K, 12 young (12288K), 12 survivors (12288K)
 Metaspace       used 52688K, committed 53120K, reserved 1114112K
  class space    used 6648K, committed 6848K, reserved 1048576K
}
Event: 32.793 GC heap before
{Heap before GC invocations=48 (full 0):
 garbage-first heap   total 300032K, used 156672K [0x00000000c0000000, 0x0000000100000000)
  region size 1024K, 14 young (14336K), 12 survivors (12288K)
 Metaspace       used 52688K, committed 53120K, reserved 1114112K
  class space    used 6648K, committed 6848K, reserved 1048576K
}
Event: 32.825 GC heap after
{Heap after GC invocations=49 (full 0):
 garbage-first heap   total 300032K, used 154882K [0x00000000c0000000, 0x0000000100000000)
  region size 1024K, 2 young (2048K), 2 survivors (2048K)
 Metaspace       used 52688K, committed 53120K, reserved 1114112K
  class space    used 6648K, committed 6848K, reserved 1048576K
}
Event: 33.170 GC heap before
{Heap before GC invocations=49 (full 0):
 garbage-first heap   total 300032K, used 252162K [0x00000000c0000000, 0x0000000100000000)
  region size 1024K, 98 young (100352K), 2 survivors (2048K)
 Metaspace       used 52688K, committed 53120K, reserved 1114112K
  class space    used 6648K, committed 6848K, reserved 1048576K
}
Event: 33.181 GC heap after
{Heap after GC invocations=50 (full 0):
 garbage-first heap   total 300032K, used 157345K [0x00000000c0000000, 0x0000000100000000)
  region size 1024K, 5 young (5120K), 5 survivors (5120K)
 Metaspace       used 52688K, committed 53120K, reserved 1114112K
  class space    used 6648K, committed 6848K, reserved 1048576K
}

Dll operation events (8 events):
Event: 0.017 Loaded shared library c:\Users\enry_\.vscode\extensions\redhat.java-1.18.0-win32-x64\jre\17.0.7-win32-x86_64\bin\java.dll
Event: 0.773 Loaded shared library C:\Users\enry_\.vscode\extensions\redhat.java-1.18.0-win32-x64\jre\17.0.7-win32-x86_64\bin\net.dll
Event: 0.793 Loaded shared library C:\Users\enry_\.vscode\extensions\redhat.java-1.18.0-win32-x64\jre\17.0.7-win32-x86_64\bin\nio.dll
Event: 0.809 Loaded shared library C:\Users\enry_\.vscode\extensions\redhat.java-1.18.0-win32-x64\jre\17.0.7-win32-x86_64\bin\zip.dll
Event: 1.403 Loaded shared library C:\Users\enry_\.vscode\extensions\redhat.java-1.18.0-win32-x64\jre\17.0.7-win32-x86_64\bin\jimage.dll
Event: 16.862 Loaded shared library C:\Users\enry_\.vscode\extensions\redhat.java-1.18.0-win32-x64\jre\17.0.7-win32-x86_64\bin\management.dll
Event: 16.875 Loaded shared library C:\Users\enry_\.vscode\extensions\redhat.java-1.18.0-win32-x64\jre\17.0.7-win32-x86_64\bin\management_ext.dll
Event: 23.913 Loaded shared library C:\Users\enry_\.vscode\extensions\redhat.java-1.18.0-win32-x64\jre\17.0.7-win32-x86_64\bin\sunmscapi.dll

Deoptimization events (14 events):
Event: 9.831 Thread 0x000001e14ae58510 DEOPT PACKING pc=0x000001e14df5f119 sp=0x000000ca39dfd4e0
Event: 9.831 Thread 0x000001e14ae58510 DEOPT UNPACKING pc=0x000001e14db37143 sp=0x000000ca39dfc9c0 mode 3
Event: 18.371 Thread 0x000001e15abb5030 DEOPT PACKING pc=0x000001e14e15e235 sp=0x000000ca3b8fd250
Event: 18.371 Thread 0x000001e15abb5030 DEOPT UNPACKING pc=0x000001e14db37143 sp=0x000000ca3b8fc778 mode 3
Event: 18.423 Thread 0x000001e15abb74c0 DEOPT PACKING pc=0x000001e14df60181 sp=0x000000ca3b7fd7b0
Event: 18.423 Thread 0x000001e15abb74c0 DEOPT UNPACKING pc=0x000001e14db37143 sp=0x000000ca3b7fcc40 mode 3
Event: 18.432 Thread 0x000001e15abb5030 DEOPT PACKING pc=0x000001e14df5cc17 sp=0x000000ca3b8feef0
Event: 18.432 Thread 0x000001e15abb5030 DEOPT UNPACKING pc=0x000001e14db37143 sp=0x000000ca3b8fe348 mode 3
Event: 18.790 Thread 0x000001e15a6b2b60 DEOPT PACKING pc=0x000001e14e17d9ab sp=0x000000ca3bdfe540
Event: 18.790 Thread 0x000001e15a6b2b60 DEOPT UNPACKING pc=0x000001e14db37143 sp=0x000000ca3bdfda88 mode 3
Event: 23.782 Thread 0x000001e15b8d03f0 DEOPT PACKING pc=0x000001e14dc4d80c sp=0x000000ca3cafe860
Event: 23.782 Thread 0x000001e15b8d03f0 DEOPT UNPACKING pc=0x000001e14db37143 sp=0x000000ca3cafdd28 mode 0
Event: 28.611 Thread 0x000001e15a6b4d10 DEOPT PACKING pc=0x000001e14dd7d8ee sp=0x000000ca3c7fdfb0
Event: 28.611 Thread 0x000001e15a6b4d10 DEOPT UNPACKING pc=0x000001e14db37143 sp=0x000000ca3c7fd4a8 mode 3

Classes unloaded (0 events):
No events

Classes redefined (0 events):
No events

Internal exceptions (20 events):
Event: 22.256 Thread 0x000001e15abb5030 Exception <a 'java/lang/NoSuchMethodError'{0x00000000c50a7620}: 'java.lang.Object java.lang.invoke.DirectMethodHandle$Holder.newInvokeSpecial(java.lang.Object, java.lang.Object, int)'> (0x00000000c50a7620) 
thrown [s\src\hotspot\share\interpreter\linkResolver.cpp, line 759]
Event: 23.199 Thread 0x000001e15b8d03f0 Exception <a 'java/lang/NoSuchMethodError'{0x00000000c4925418}: 'void java.lang.invoke.DirectMethodHandle$Holder.invokeVirtual(java.lang.Object, java.lang.Object, java.lang.Object, java.lang.Object)'> (0x00000000c4925418) 
thrown [s\src\hotspot\share\interpreter\linkResolver.cpp, line 759]
Event: 24.048 Thread 0x000001e15b8d03f0 Exception <a 'sun/nio/fs/WindowsException'{0x00000000ccf3e9b8}> (0x00000000ccf3e9b8) 
thrown [s\src\hotspot\share\prims\jni.cpp, line 516]
Event: 24.064 Thread 0x000001e15b8d03f0 Exception <a 'java/lang/NoSuchMethodError'{0x00000000cce18a38}: 'int java.lang.invoke.DirectMethodHandle$Holder.invokeStaticInit(java.lang.Object, java.lang.Object, java.lang.Object, java.lang.Object)'> (0x00000000cce18a38) 
thrown [s\src\hotspot\share\interpreter\linkResolver.cpp, line 759]
Event: 25.865 Thread 0x000001e15a6b4d10 Exception <a 'java/lang/IncompatibleClassChangeError'{0x00000000c9b1bdb8}: Found class java.lang.Object, but interface was expected> (0x00000000c9b1bdb8) 
thrown [s\src\hotspot\share\interpreter\linkResolver.cpp, line 826]
Event: 26.139 Thread 0x000001e15a6b4d10 Exception <a 'java/lang/NoSuchMethodError'{0x00000000cd4b7978}: 'int java.lang.invoke.DirectMethodHandle$Holder.invokeSpecialIFC(java.lang.Object, java.lang.Object, java.lang.Object)'> (0x00000000cd4b7978) 
thrown [s\src\hotspot\share\interpreter\linkResolver.cpp, line 759]
Event: 28.594 Thread 0x000001e15a6b4d10 Implicit null exception at 0x000001e14dd7d6c4 to 0x000001e14dd7d8e9
Event: 29.635 Thread 0x000001e15a6b4d10 Exception <a 'sun/nio/fs/WindowsException'{0x00000000cc3d2bc8}> (0x00000000cc3d2bc8) 
thrown [s\src\hotspot\share\prims\jni.cpp, line 516]
Event: 29.635 Thread 0x000001e15a6b4d10 Exception <a 'sun/nio/fs/WindowsException'{0x00000000cc3d3780}> (0x00000000cc3d3780) 
thrown [s\src\hotspot\share\prims\jni.cpp, line 516]
Event: 29.636 Thread 0x000001e15a6b4d10 Exception <a 'sun/nio/fs/WindowsException'{0x00000000cc3d42e8}> (0x00000000cc3d42e8) 
thrown [s\src\hotspot\share\prims\jni.cpp, line 516]
Event: 29.636 Thread 0x000001e15a6b4d10 Exception <a 'sun/nio/fs/WindowsException'{0x00000000cc3d4f68}> (0x00000000cc3d4f68) 
thrown [s\src\hotspot\share\prims\jni.cpp, line 516]
Event: 29.636 Thread 0x000001e15a6b4d10 Exception <a 'sun/nio/fs/WindowsException'{0x00000000cc3d5c68}> (0x00000000cc3d5c68) 
thrown [s\src\hotspot\share\prims\jni.cpp, line 516]
Event: 29.639 Thread 0x000001e15a6b4d10 Exception <a 'sun/nio/fs/WindowsException'{0x00000000cc2ff1b0}> (0x00000000cc2ff1b0) 
thrown [s\src\hotspot\share\prims\jni.cpp, line 516]
Event: 29.639 Thread 0x000001e15a6b4d10 Exception <a 'sun/nio/fs/WindowsException'{0x00000000cc2ffd68}> (0x00000000cc2ffd68) 
thrown [s\src\hotspot\share\prims\jni.cpp, line 516]
Event: 29.640 Thread 0x000001e15a6b4d10 Exception <a 'sun/nio/fs/WindowsException'{0x00000000cc1049c8}> (0x00000000cc1049c8) 
thrown [s\src\hotspot\share\prims\jni.cpp, line 516]
Event: 29.640 Thread 0x000001e15a6b4d10 Exception <a 'sun/nio/fs/WindowsException'{0x00000000cc105648}> (0x00000000cc105648) 
thrown [s\src\hotspot\share\prims\jni.cpp, line 516]
Event: 29.640 Thread 0x000001e15a6b4d10 Exception <a 'sun/nio/fs/WindowsException'{0x00000000cc106348}> (0x00000000cc106348) 
thrown [s\src\hotspot\share\prims\jni.cpp, line 516]
Event: 29.658 Thread 0x000001e15a6b4d10 Exception <a 'sun/nio/fs/WindowsException'{0x00000000cc1ca2f8}> (0x00000000cc1ca2f8) 
thrown [s\src\hotspot\share\prims\jni.cpp, line 516]
Event: 32.504 Thread 0x000001e15a6b4370 Exception <a 'sun/nio/fs/WindowsException'{0x00000000d0adba58}> (0x00000000d0adba58) 
thrown [s\src\hotspot\share\prims\jni.cpp, line 516]
Event: 32.505 Thread 0x000001e15a6b4370 Exception <a 'sun/nio/fs/WindowsException'{0x00000000d0adbe18}> (0x00000000d0adbe18) 
thrown [s\src\hotspot\share\prims\jni.cpp, line 516]

VM Operations (20 events):
Event: 29.831 Executing VM operation: G1CollectForAllocation done
Event: 30.279 Executing VM operation: G1CollectForAllocation
Event: 30.300 Executing VM operation: G1CollectForAllocation done
Event: 30.493 Executing VM operation: G1CollectForAllocation
Event: 30.511 Executing VM operation: G1CollectForAllocation done
Event: 31.049 Executing VM operation: G1CollectForAllocation
Event: 31.277 Executing VM operation: G1CollectForAllocation done
Event: 31.713 Executing VM operation: G1Concurrent
Event: 31.740 Executing VM operation: G1Concurrent done
Event: 31.969 Executing VM operation: G1Concurrent
Event: 31.981 Executing VM operation: G1Concurrent done
Event: 32.769 Executing VM operation: G1CollectForAllocation
Event: 32.787 Executing VM operation: G1CollectForAllocation done
Event: 32.793 Executing VM operation: G1CollectForAllocation
Event: 32.793 Executing VM operation: G1CollectForAllocation done
Event: 32.793 Executing VM operation: G1CollectForAllocation
Event: 32.825 Executing VM operation: G1CollectForAllocation done
Event: 33.169 Executing VM operation: G1CollectForAllocation
Event: 33.182 Executing VM operation: G1CollectForAllocation done
Event: 33.550 Executing VM operation: G1Concurrent

Events (20 events):
Event: 29.039 loading class java/util/stream/SliceOps$1
Event: 29.039 loading class java/util/stream/SliceOps$1 done
Event: 29.067 loading class sun/security/ssl/PostHandshakeContext
Event: 29.068 loading class sun/security/ssl/PostHandshakeContext done
Event: 29.069 loading class sun/security/ssl/NewSessionTicket$T13NewSessionTicketMessage
Event: 29.070 loading class sun/security/ssl/NewSessionTicket$T13NewSessionTicketMessage done
Event: 29.116 loading class java/util/stream/SliceOps$1$1
Event: 29.116 loading class java/util/stream/SliceOps$1$1 done
Event: 29.548 loading class jdk/internal/reflect/UnsafeQualifiedObjectFieldAccessorImpl
Event: 29.549 loading class jdk/internal/reflect/UnsafeQualifiedObjectFieldAccessorImpl done
Event: 29.554 loading class jdk/internal/reflect/UnsafeQualifiedLongFieldAccessorImpl
Event: 29.555 loading class jdk/internal/reflect/UnsafeQualifiedLongFieldAccessorImpl done
Event: 29.629 loading class java/io/FileOutputStream$1
Event: 29.629 loading class java/io/FileOutputStream$1 done
Event: 32.072 loading class sun/security/ssl/Alert
Event: 32.073 loading class sun/security/ssl/Alert done
Event: 32.074 loading class sun/security/ssl/Alert$AlertConsumer
Event: 32.074 loading class sun/security/ssl/Alert$AlertConsumer done
Event: 32.074 loading class sun/security/ssl/Alert$Level
Event: 32.074 loading class sun/security/ssl/Alert$Level done


Dynamic libraries:
0x00007ff7e95e0000 - 0x00007ff7e95ee000 	c:\Users\enry_\.vscode\extensions\redhat.java-1.18.0-win32-x64\jre\17.0.7-win32-x86_64\bin\java.exe
0x00007ffd8b890000 - 0x00007ffd8ba88000 	C:\WINDOWS\SYSTEM32\ntdll.dll
0x00007ffd76bf0000 - 0x00007ffd76c09000 	C:\Program Files\AVAST Software\Avast\aswhook.dll
0x00007ffd89aa0000 - 0x00007ffd89b5f000 	C:\WINDOWS\System32\KERNEL32.DLL
0x00007ffd89610000 - 0x00007ffd898ea000 	C:\WINDOWS\System32\KERNELBASE.dll
0x00007ffd891d0000 - 0x00007ffd892d0000 	C:\WINDOWS\System32\ucrtbase.dll
0x00007ffd81070000 - 0x00007ffd81087000 	c:\Users\enry_\.vscode\extensions\redhat.java-1.18.0-win32-x64\jre\17.0.7-win32-x86_64\bin\jli.dll
0x00007ffd81050000 - 0x00007ffd81069000 	c:\Users\enry_\.vscode\extensions\redhat.java-1.18.0-win32-x64\jre\17.0.7-win32-x86_64\bin\VCRUNTIME140.dll
0x00007ffd89fe0000 - 0x00007ffd8a17d000 	C:\WINDOWS\System32\USER32.dll
0x00007ffd88fa0000 - 0x00007ffd88fc2000 	C:\WINDOWS\System32\win32u.dll
0x00007ffd8a510000 - 0x00007ffd8a53b000 	C:\WINDOWS\System32\GDI32.dll
0x00007ffd890c0000 - 0x00007ffd891d0000 	C:\WINDOWS\System32\gdi32full.dll
0x00007ffd89570000 - 0x00007ffd8960d000 	C:\WINDOWS\System32\msvcp_win.dll
0x00007ffd77b50000 - 0x00007ffd77dea000 	C:\WINDOWS\WinSxS\amd64_microsoft.windows.common-controls_6595b64144ccf1df_6.0.19041.1110_none_60b5254171f9507e\COMCTL32.dll
0x00007ffd8a470000 - 0x00007ffd8a50e000 	C:\WINDOWS\System32\msvcrt.dll
0x00007ffd8b7a0000 - 0x00007ffd8b7d0000 	C:\WINDOWS\System32\IMM32.DLL
0x00007ffd81230000 - 0x00007ffd8123c000 	c:\Users\enry_\.vscode\extensions\redhat.java-1.18.0-win32-x64\jre\17.0.7-win32-x86_64\bin\vcruntime140_1.dll
0x00007ffd5ff30000 - 0x00007ffd5ffc1000 	c:\Users\enry_\.vscode\extensions\redhat.java-1.18.0-win32-x64\jre\17.0.7-win32-x86_64\bin\msvcp140.dll
0x00007ffd392f0000 - 0x00007ffd39f38000 	c:\Users\enry_\.vscode\extensions\redhat.java-1.18.0-win32-x64\jre\17.0.7-win32-x86_64\bin\server\jvm.dll
0x00007ffd8a360000 - 0x00007ffd8a40e000 	C:\WINDOWS\System32\ADVAPI32.dll
0x00007ffd899d0000 - 0x00007ffd89a6c000 	C:\WINDOWS\System32\sechost.dll
0x00007ffd8b670000 - 0x00007ffd8b796000 	C:\WINDOWS\System32\RPCRT4.dll
0x00007ffd876c0000 - 0x00007ffd876c9000 	C:\WINDOWS\SYSTEM32\WSOCK32.dll
0x00007ffd85610000 - 0x00007ffd85637000 	C:\WINDOWS\SYSTEM32\WINMM.dll
0x00007ffd8aaa0000 - 0x00007ffd8ab0b000 	C:\WINDOWS\System32\WS2_32.dll
0x00007ffd7ec60000 - 0x00007ffd7ec6a000 	C:\WINDOWS\SYSTEM32\VERSION.dll
0x00007ffd877d0000 - 0x00007ffd877e2000 	C:\WINDOWS\SYSTEM32\kernel.appcore.dll
0x00007ffd80fa0000 - 0x00007ffd80faa000 	c:\Users\enry_\.vscode\extensions\redhat.java-1.18.0-win32-x64\jre\17.0.7-win32-x86_64\bin\jimage.dll
0x00007ffd86d00000 - 0x00007ffd86ee4000 	C:\WINDOWS\SYSTEM32\DBGHELP.DLL
0x00007ffd7e350000 - 0x00007ffd7e384000 	C:\WINDOWS\SYSTEM32\dbgcore.DLL
0x00007ffd892d0000 - 0x00007ffd89352000 	C:\WINDOWS\System32\bcryptPrimitives.dll
0x00007ffd80e90000 - 0x00007ffd80eb5000 	c:\Users\enry_\.vscode\extensions\redhat.java-1.18.0-win32-x64\jre\17.0.7-win32-x86_64\bin\java.dll
0x00007ffd80e70000 - 0x00007ffd80e88000 	c:\Users\enry_\.vscode\extensions\redhat.java-1.18.0-win32-x64\jre\17.0.7-win32-x86_64\bin\zip.dll
0x00007ffd8af20000 - 0x00007ffd8b664000 	C:\WINDOWS\System32\SHELL32.dll
0x00007ffd86ef0000 - 0x00007ffd87683000 	C:\WINDOWS\SYSTEM32\windows.storage.dll
0x00007ffd8ab10000 - 0x00007ffd8ae64000 	C:\WINDOWS\System32\combase.dll
0x00007ffd88a00000 - 0x00007ffd88a2e000 	C:\WINDOWS\SYSTEM32\Wldp.dll
0x00007ffd89b60000 - 0x00007ffd89c0d000 	C:\WINDOWS\System32\SHCORE.dll
0x00007ffd8a410000 - 0x00007ffd8a465000 	C:\WINDOWS\System32\shlwapi.dll
0x00007ffd88ee0000 - 0x00007ffd88eff000 	C:\WINDOWS\SYSTEM32\profapi.dll
0x00007ffd78ff0000 - 0x00007ffd79009000 	C:\Users\enry_\.vscode\extensions\redhat.java-1.18.0-win32-x64\jre\17.0.7-win32-x86_64\bin\net.dll
0x00007ffd79540000 - 0x00007ffd7964a000 	C:\WINDOWS\SYSTEM32\WINHTTP.dll
0x00007ffd88760000 - 0x00007ffd887ca000 	C:\WINDOWS\system32\mswsock.dll
0x00007ffd78ee0000 - 0x00007ffd78ef5000 	C:\Users\enry_\.vscode\extensions\redhat.java-1.18.0-win32-x64\jre\17.0.7-win32-x86_64\bin\nio.dll
0x00007ffd88960000 - 0x00007ffd88978000 	C:\WINDOWS\SYSTEM32\CRYPTSP.dll
0x00007ffd87fa0000 - 0x00007ffd87fd4000 	C:\WINDOWS\system32\rsaenh.dll
0x00007ffd89040000 - 0x00007ffd89067000 	C:\WINDOWS\System32\bcrypt.dll
0x00007ffd88e60000 - 0x00007ffd88e8e000 	C:\WINDOWS\SYSTEM32\USERENV.dll
0x00007ffd88950000 - 0x00007ffd8895c000 	C:\WINDOWS\SYSTEM32\CRYPTBASE.dll
0x00007ffd88400000 - 0x00007ffd8843c000 	C:\WINDOWS\SYSTEM32\IPHLPAPI.DLL
0x00007ffd89a70000 - 0x00007ffd89a78000 	C:\WINDOWS\System32\NSI.dll
0x00007ffd79830000 - 0x00007ffd79847000 	C:\WINDOWS\SYSTEM32\dhcpcsvc6.DLL
0x00007ffd79bb0000 - 0x00007ffd79bcd000 	C:\WINDOWS\SYSTEM32\dhcpcsvc.DLL
0x00007ffd88440000 - 0x00007ffd8850b000 	C:\WINDOWS\SYSTEM32\DNSAPI.dll
0x00007ffd78ed0000 - 0x00007ffd78ed9000 	C:\Users\enry_\.vscode\extensions\redhat.java-1.18.0-win32-x64\jre\17.0.7-win32-x86_64\bin\management.dll
0x00007ffd78700000 - 0x00007ffd7870b000 	C:\Users\enry_\.vscode\extensions\redhat.java-1.18.0-win32-x64\jre\17.0.7-win32-x86_64\bin\management_ext.dll
0x00007ffd89c20000 - 0x00007ffd89c28000 	C:\WINDOWS\System32\PSAPI.DLL
0x00007ffd86430000 - 0x00007ffd8643e000 	C:\Users\enry_\.vscode\extensions\redhat.java-1.18.0-win32-x64\jre\17.0.7-win32-x86_64\bin\sunmscapi.dll
0x00007ffd89410000 - 0x00007ffd89566000 	C:\WINDOWS\System32\CRYPT32.dll
0x00007ffd88a70000 - 0x00007ffd88a98000 	C:\WINDOWS\SYSTEM32\ncrypt.dll
0x00007ffd88a30000 - 0x00007ffd88a6b000 	C:\WINDOWS\SYSTEM32\NTASN1.dll
0x00007ffd734f0000 - 0x00007ffd734fa000 	C:\Windows\System32\rasadhlp.dll
0x00007ffd73700000 - 0x00007ffd73780000 	C:\WINDOWS\System32\fwpuclnt.dll

dbghelp: loaded successfully - version: 4.0.5 - missing functions: none
symbol engine: initialized successfully - sym options: 0x614 - pdb path: .;c:\Users\enry_\.vscode\extensions\redhat.java-1.18.0-win32-x64\jre\17.0.7-win32-x86_64\bin;C:\WINDOWS\SYSTEM32;C:\Program Files\AVAST Software\Avast;C:\WINDOWS\WinSxS\amd64_microsoft.windows.common-controls_6595b64144ccf1df_6.0.19041.1110_none_60b5254171f9507e;c:\Users\enry_\.vscode\extensions\redhat.java-1.18.0-win32-x64\jre\17.0.7-win32-x86_64\bin\server

VM Arguments:
jvm_args: -XX:+HeapDumpOnOutOfMemoryError -Xmx1024m -Dsts.lsp.client=vscode -Dsts.log.file=/dev/null -XX:TieredStopAtLevel=1 -Xlog:jni+resolve=off -Dspring.config.location=file:c:\Users\enry_\.vscode\extensions\vmware.vscode-spring-boot-1.45.0\language-server\BOOT-INF\classes\application.properties 
java_command: org.springframework.ide.vscode.boot.app.BootLanguageServerBootApp
java_class_path (initial): c:\Users\enry_\.vscode\extensions\vmware.vscode-spring-boot-1.45.0\language-server\BOOT-INF\classes;c:\Users\enry_\.vscode\extensions\vmware.vscode-spring-boot-1.45.0\language-server\BOOT-INF\lib\annotations-24.0.1.jar;c:\Users\enry_\.vscode\extensions\vmware.vscode-spring-boot-1.45.0\language-server\BOOT-INF\lib\ant-1.10.13.jar;c:\Users\enry_\.vscode\extensions\vmware.vscode-spring-boot-1.45.0\language-server\BOOT-INF\lib\ant-launcher-1.10.13.jar;c:\Users\enry_\.vscode\extensions\vmware.vscode-spring-boot-1.45.0\language-server\BOOT-INF\lib\antlr-runtime-3.5.3.jar;c:\Users\enry_\.vscode\extensions\vmware.vscode-spring-boot-1.45.0\language-server\BOOT-INF\lib\antlr4-4.11.1.jar;c:\Users\enry_\.vscode\extensions\vmware.vscode-spring-boot-1.45.0\language-server\BOOT-INF\lib\antlr4-runtime-4.11.1.jar;c:\Users\enry_\.vscode\extensions\vmware.vscode-spring-boot-1.45.0\language-server\BOOT-INF\lib\asm-9.4.jar;c:\Users\enry_\.vscode\extensions\vmware.vscode-spring-boot-1.45.0\language-server\BOOT-INF\lib\asm-analysis-9.4.jar;c:\Users\enry_\.vscode\extensions\vmware.vscode-spring-boot-1.45.0\language-server\BOOT-INF\lib\asm-tree-9.4.jar;c:\Users\enry_\.vscode\extensions\vmware.vscode-spring-boot-1.45.0\language-server\BOOT-INF\lib\asm-util-9.4.jar;c:\Users\enry_\.vscode\extensions\vmware.vscode-spring-boot-1.45.0\language-server\BOOT-INF\lib\caffeine-3.1.2.jar;c:\Users\enry_\.vscode\extensions\vmware.vscode-spring-boot-1.45.0\language-server\BOOT-INF\lib\checker-qual-3.12.0.jar;c:\Users\enry_\.vscode\extensions\vmware.vscode-spring-boot-1.45.0\language-server\BOOT-INF\lib\classgraph-4.8.149.jar;c:\Users\enry_\.vscode\extensions\vmware.vscode-spring-boot-1.45.0\language-server\BOOT-INF\lib\commons-codec-1.15.jar;c:\Users\enry_\.vscode\extensions\vmware.vscode-spring-boot-1.45.0\language-server\BOOT-INF\lib\commons-compress-1.22.jar;c:\Users\enry_\.vscode\extensions\vmware.vscode-spring-boot-1.45.0\language-server\BOOT-INF\lib\commons-io-2.4.jar;c:
Launcher Type: SUN_STANDARD

[Global flags]
     intx CICompilerCount                          = 3                                         {product} {ergonomic}
     uint ConcGCThreads                            = 1                                         {product} {ergonomic}
     uint G1ConcRefinementThreads                  = 4                                         {product} {ergonomic}
   size_t G1HeapRegionSize                         = 1048576                                   {product} {ergonomic}
    uintx GCDrainStackTargetSize                   = 64                                        {product} {ergonomic}
     bool HeapDumpOnOutOfMemoryError               = true                                   {manageable} {command line}
   size_t InitialHeapSize                          = 65011712                                  {product} {ergonomic}
   size_t MarkStackSize                            = 4194304                                   {product} {ergonomic}
   size_t MaxHeapSize                              = 1073741824                                {product} {command line}
   size_t MaxNewSize                               = 643825664                                 {product} {ergonomic}
   size_t MinHeapDeltaBytes                        = 1048576                                   {product} {ergonomic}
   size_t MinHeapSize                              = 8388608                                   {product} {ergonomic}
    uintx NonProfiledCodeHeapSize                  = 0                                      {pd product} {ergonomic}
     bool ProfileInterpreter                       = false                                  {pd product} {command line}
    uintx ProfiledCodeHeapSize                     = 0                                      {pd product} {ergonomic}
   size_t SoftMaxHeapSize                          = 1073741824                             {manageable} {ergonomic}
     intx TieredStopAtLevel                        = 1                                         {product} {command line}
     bool UseCompressedClassPointers               = true                           {product lp64_product} {ergonomic}
     bool UseCompressedOops                        = true                           {product lp64_product} {ergonomic}
     bool UseG1GC                                  = true                                      {product} {ergonomic}
     bool UseLargePagesIndividualAllocation        = false                                  {pd product} {ergonomic}

Logging:
Log output configuration:
 #0: stdout all=warning,jni+resolve=off uptime,level,tags
 #1: stderr all=off uptime,level,tags

Environment Variables:
JAVA_HOME=C:\Program Files\Java\jdk-20
PATH=C:\Program Files\Common Files\Oracle\Java\javapath;C:\Program Files (x86)\Common Files\Oracle\Java\javapath;C:\WINDOWS\system32;C:\WINDOWS;C:\WINDOWS\System32\Wbem;C:\WINDOWS\System32\WindowsPowerShell\v1.0\;C:\WINDOWS\System32\OpenSSH\;C:\Program Files\Microsoft SQL Server\150\Tools\Binn\;C:\Program Files\apache-maven-3.8.8\bin;C:\Program Files\Git\cmd;C:\Program Files\nodejs\;C:\Users\enry_\AppData\Roaming\npm
USERNAME=enry_
OS=Windows_NT
PROCESSOR_IDENTIFIER=Intel64 Family 6 Model 69 Stepping 1, GenuineIntel
TMP=C:\Users\enry_\AppData\Local\Temp
TEMP=C:\Users\enry_\AppData\Local\Temp



---------------  S Y S T E M  ---------------

OS:
 Windows 10 , 64 bit Build 19041 (10.0.19041.2788)
OS uptime: 8 days 4:17 hours

CPU: total 4 (initial active 4) (2 cores per cpu, 2 threads per core) family 6 model 69 stepping 1 microcode 0x25, cx8, cmov, fxsr, ht, mmx, sse, sse2, sse3, ssse3, sse4.1, sse4.2, popcnt, lzcnt, tsc, tscinvbit, avx, avx2, aes, erms, clmul, bmi1, bmi2, fma, vzeroupper, clflush

Memory: 4k page, system-wide physical 3961M (160M free)
TotalPageFile size 13364M (AvailPageFile size 6M)
current process WorkingSet (physical memory assigned to process): 320M, peak: 356M
current process commit charge ("private bytes"): 560M, peak: 562M

vm_info: OpenJDK 64-Bit Server VM (17.0.7+7) for windows-amd64 JRE (17.0.7+7), built on Apr 18 2023 22:10:42 by "temurin" with MS VC++ 16.7 (VS2019)

END.
