#
# There is insufficient memory for the Java Runtime Environment to continue.
# Native memory allocation (mmap) failed to map 169869312 bytes for G1 virtual space
# Possible reasons:
#   The system is out of physical RAM or swap space
#   The process is running with CompressedOops enabled, and the Java Heap may be blocking the growth of the native heap
# Possible solutions:
#   Reduce memory load on the system
#   Increase physical memory or swap space
#   Check if swap backing store is full
#   Decrease Java heap size (-Xmx/-Xms)
#   Decrease number of Java threads
#   Decrease Java thread stack sizes (-Xss)
#   Set larger code cache with -XX:ReservedCodeCacheSize=
#   JVM is running with Unscaled Compressed Oops mode in which the Java heap is
#     placed in the first 4GB address space. The Java Heap base address is the
#     maximum limit for the native heap growth. Please use -XX:HeapBaseMinAddress
#     to set the Java Heap base and to place the Java Heap above 4GB virtual address.
# This output file may be truncated or incomplete.
#
#  Out of Memory Error (os_windows.cpp:3559), pid=10788, tid=8624
#
# JRE version: OpenJDK Runtime Environment Temurin-17.0.7+7 (17.0.7+7) (build 17.0.7+7)
# Java VM: OpenJDK 64-Bit Server VM Temurin-17.0.7+7 (17.0.7+7, mixed mode, emulated-client, tiered, compressed oops, compressed class ptrs, g1 gc, windows-amd64)
# No core dump will be written. Minidumps are not enabled by default on client versions of Windows
#

---------------  S U M M A R Y ------------

Command Line: -XX:+HeapDumpOnOutOfMemoryError -Xmx1024m -Dsts.lsp.client=vscode -Dsts.log.file=/dev/null -XX:TieredStopAtLevel=1 -Xlog:jni+resolve=off -Dspring.config.location=file:c:\Users\enry_\.vscode\extensions\vmware.vscode-spring-boot-1.45.0\language-server\BOOT-INF\classes\application.properties org.springframework.ide.vscode.boot.app.BootLanguageServerBootApp

Host: Intel(R) Core(TM) i5-4210U CPU @ 1.70GHz, 4 cores, 3G,  Windows 10 , 64 bit Build 19041 (10.0.19041.2788)
Time: Tue May  2 16:36:09 2023 ora legale Europa occidentale elapsed time: 47.795341 seconds (0d 0h 0m 47s)

---------------  T H R E A D  ---------------

Current thread (0x000002137345ef80):  VMThread "VM Thread" [stack: 0x000000a00a100000,0x000000a00a200000] [id=8624]

Stack: [0x000000a00a100000,0x000000a00a200000]
Native frames: (J=compiled Java code, j=interpreted, Vv=VM code, C=native code)
V  [jvm.dll+0x67754a]
V  [jvm.dll+0x834304]
V  [jvm.dll+0x835aae]
V  [jvm.dll+0x836113]
V  [jvm.dll+0x24696f]
V  [jvm.dll+0x6743f9]
V  [jvm.dll+0x668c8a]
V  [jvm.dll+0x3061bb]
V  [jvm.dll+0x30d6a6]
V  [jvm.dll+0x35cece]
V  [jvm.dll+0x35d0ff]
V  [jvm.dll+0x2dd048]
V  [jvm.dll+0x2db20c]
V  [jvm.dll+0x2da7dc]
V  [jvm.dll+0x31e6db]
V  [jvm.dll+0x83a5bb]
V  [jvm.dll+0x83b2f4]
V  [jvm.dll+0x83b80c]
V  [jvm.dll+0x83bbe4]
V  [jvm.dll+0x83bcb0]
V  [jvm.dll+0x7e4e7a]
V  [jvm.dll+0x676395]
C  [ucrtbase.dll+0x21bb2]
C  [KERNEL32.DLL+0x17604]
C  [ntdll.dll+0x526a1]

VM_Operation (0x000000a00c1fe380): G1CollectForAllocation, mode: safepoint, requested by thread 0x0000021378a855f0


---------------  P R O C E S S  ---------------

Threads class SMR info:
_java_thread_list=0x00000213792fe710, length=38, elements={
0x00000213734a6760, 0x00000213734a73e0, 0x00000213734e5130, 0x00000213734e7dc0,
0x00000213734e9690, 0x00000213734e9f50, 0x00000213734ea8c0, 0x00000213734ed1d0,
0x000002137380cbd0, 0x0000021373815220, 0x0000021378d48830, 0x0000021378d48d00,
0x0000021378d491d0, 0x0000021378d876f0, 0x0000021366fa8b20, 0x0000021378fb4a50,
0x0000021378bd6360, 0x0000021378552060, 0x0000021378552530, 0x0000021378a825d0,
0x0000021378a83de0, 0x0000021378a83910, 0x0000021378a842b0, 0x0000021378648350,
0x0000021378a84780, 0x0000021378a85120, 0x0000021378a82f70, 0x0000021378a84c50,
0x0000021378a855f0, 0x0000021378a83440, 0x0000021378a85ac0, 0x0000021378a82aa0,
0x0000021378a82100, 0x0000021379ad06a0, 0x0000021379ace020, 0x0000021379ad01d0,
0x0000021379acab30, 0x0000021379ace9c0
}

Java Threads: ( => current thread )
  0x00000213734a6760 JavaThread "Reference Handler" daemon [_thread_blocked, id=2156, stack(0x000000a00a200000,0x000000a00a300000)]
  0x00000213734a73e0 JavaThread "Finalizer" daemon [_thread_blocked, id=14524, stack(0x000000a00a300000,0x000000a00a400000)]
  0x00000213734e5130 JavaThread "Signal Dispatcher" daemon [_thread_blocked, id=7556, stack(0x000000a00a400000,0x000000a00a500000)]
  0x00000213734e7dc0 JavaThread "Attach Listener" daemon [_thread_blocked, id=13992, stack(0x000000a00a500000,0x000000a00a600000)]
  0x00000213734e9690 JavaThread "Service Thread" daemon [_thread_blocked, id=15552, stack(0x000000a00a600000,0x000000a00a700000)]
  0x00000213734e9f50 JavaThread "Monitor Deflation Thread" daemon [_thread_blocked, id=7704, stack(0x000000a00a700000,0x000000a00a800000)]
  0x00000213734ea8c0 JavaThread "C1 CompilerThread0" daemon [_thread_blocked, id=7624, stack(0x000000a00a800000,0x000000a00a900000)]
  0x00000213734ed1d0 JavaThread "Sweeper thread" daemon [_thread_blocked, id=14928, stack(0x000000a00a900000,0x000000a00aa00000)]
  0x000002137380cbd0 JavaThread "Notification Thread" daemon [_thread_blocked, id=9072, stack(0x000000a00aa00000,0x000000a00ab00000)]
  0x0000021373815220 JavaThread "Common-Cleaner" daemon [_thread_blocked, id=2352, stack(0x000000a00ac00000,0x000000a00ad00000)]
  0x0000021378d48830 JavaThread "boundedElastic-evictor-1" daemon [_thread_blocked, id=840, stack(0x000000a00b100000,0x000000a00b200000)]
  0x0000021378d48d00 JavaThread "boundedElastic-evictor-2" daemon [_thread_blocked, id=10052, stack(0x000000a00b200000,0x000000a00b300000)]
  0x0000021378d491d0 JavaThread "pool-10-thread-1" [_thread_blocked, id=13204, stack(0x000000a00b300000,0x000000a00b400000)]
  0x0000021378d876f0 JavaThread "LanguageServerApp-lifecycle" [_thread_blocked, id=13816, stack(0x000000a00b400000,0x000000a00b500000)]
  0x0000021366fa8b20 JavaThread "DestroyJavaVM" [_thread_blocked, id=10488, stack(0x000000a009b00000,0x000000a009c00000)]
  0x0000021378fb4a50 JavaThread "pool-11-thread-1" [_thread_in_native, id=9704, stack(0x000000a00b500000,0x000000a00b600000)]
  0x0000021378bd6360 JavaThread "Simple-Language-Server main thread" daemon [_thread_blocked, id=14520, stack(0x000000a00ad00000,0x000000a00ae00000)]
  0x0000021378552060 JavaThread "pool-2-thread-1" [_thread_blocked, id=10740, stack(0x000000a00b600000,0x000000a00b700000)]
  0x0000021378552530 JavaThread "pool-2-thread-2" [_thread_blocked, id=13328, stack(0x000000a00b700000,0x000000a00b800000)]
  0x0000021378a825d0 JavaThread "pool-2-thread-3" [_thread_blocked, id=10276, stack(0x000000a00b800000,0x000000a00b900000)]
  0x0000021378a83de0 JavaThread "pool-6-thread-1" [_thread_blocked, id=11544, stack(0x000000a00b900000,0x000000a00ba00000)]
  0x0000021378a83910 JavaThread "ForkJoinPool.commonPool-worker-1" daemon [_thread_blocked, id=2512, stack(0x000000a00ba00000,0x000000a00bb00000)]
  0x0000021378a842b0 JavaThread "parallel-1" daemon [_thread_blocked, id=1956, stack(0x000000a00bb00000,0x000000a00bc00000)]
  0x0000021378648350 JavaThread "C1 CompilerThread1" daemon [_thread_blocked, id=11276, stack(0x000000a00bc00000,0x000000a00bd00000)]
  0x0000021378a84780 JavaThread "ClassGraph-worker-0" daemon [_thread_blocked, id=10228, stack(0x000000a00bd00000,0x000000a00be00000)]
  0x0000021378a85120 JavaThread "ClassGraph-worker-1" daemon [_thread_blocked, id=8924, stack(0x000000a00be00000,0x000000a00bf00000)]
  0x0000021378a82f70 JavaThread "ClassGraph-worker-2" daemon [_thread_blocked, id=6792, stack(0x000000a00bf00000,0x000000a00c000000)]
  0x0000021378a84c50 JavaThread "ClassGraph-worker-3" daemon [_thread_blocked, id=9048, stack(0x000000a00c000000,0x000000a00c100000)]
  0x0000021378a855f0 JavaThread "ClassGraph-worker-4" daemon [_thread_blocked, id=3128, stack(0x000000a00c100000,0x000000a00c200000)]
  0x0000021378a83440 JavaThread "ClassGraph-worker-5" daemon [_thread_blocked, id=7208, stack(0x000000a00c200000,0x000000a00c300000)]
  0x0000021378a85ac0 JavaThread "ClassGraph-worker-6" daemon [_thread_blocked, id=13896, stack(0x000000a00c300000,0x000000a00c400000)]
  0x0000021378a82aa0 JavaThread "ClassGraph-worker-7" daemon [_thread_blocked, id=4500, stack(0x000000a00c400000,0x000000a00c500000)]
  0x0000021378a82100 JavaThread "pool-4-thread-1" [_thread_blocked, id=6356, stack(0x000000a00c500000,0x000000a00c600000)]
  0x0000021379ad06a0 JavaThread "parallel-2" daemon [_thread_blocked, id=15296, stack(0x000000a00c600000,0x000000a00c700000)]
  0x0000021379ace020 JavaThread "Project-Reconciler-1" daemon [_thread_blocked, id=3720, stack(0x000000a00c700000,0x000000a00c800000)]
  0x0000021379ad01d0 JavaThread "ForkJoinPool.commonPool-worker-2" daemon [_thread_blocked, id=17352, stack(0x000000a00c800000,0x000000a00c900000)]
  0x0000021379acab30 JavaThread "ForkJoinPool.commonPool-worker-3" daemon [_thread_blocked, id=6972, stack(0x000000a00c900000,0x000000a00ca00000)]
  0x0000021379ace9c0 JavaThread "Keep-Alive-Timer" daemon [_thread_blocked, id=9668, stack(0x000000a00cb00000,0x000000a00cc00000)]

Other Threads:
=>0x000002137345ef80 VMThread "VM Thread" [stack: 0x000000a00a100000,0x000000a00a200000] [id=8624]
  0x000002137380f0b0 WatcherThread [stack: 0x000000a00ab00000,0x000000a00ac00000] [id=15044]
  0x0000021366fe57c0 GCTaskThread "GC Thread#0" [stack: 0x000000a009c00000,0x000000a009d00000] [id=1824]
  0x000002137847ed10 GCTaskThread "GC Thread#1" [stack: 0x000000a00ae00000,0x000000a00af00000] [id=15844]
  0x000002137848d8b0 GCTaskThread "GC Thread#2" [stack: 0x000000a00af00000,0x000000a00b000000] [id=10872]
  0x0000021378795460 GCTaskThread "GC Thread#3" [stack: 0x000000a00b000000,0x000000a00b100000] [id=5044]
  0x0000021366fee610 ConcurrentGCThread "G1 Main Marker" [stack: 0x000000a009d00000,0x000000a009e00000] [id=5500]
  0x0000021366fef000 ConcurrentGCThread "G1 Conc#0" [stack: 0x000000a009e00000,0x000000a009f00000] [id=16444]
  0x000002136702bd00 ConcurrentGCThread "G1 Refine#0" [stack: 0x000000a009f00000,0x000000a00a000000] [id=9176]
  0x0000021378626580 ConcurrentGCThread "G1 Refine#1" [stack: 0x000000a00ca00000,0x000000a00cb00000] [id=11052]
  0x000002136702f7a0 ConcurrentGCThread "G1 Service" [stack: 0x000000a00a000000,0x000000a00a100000] [id=4272]

Threads with active compile tasks:

VM state: at safepoint (normal execution)

VM Mutex/Monitor currently owned by a thread:  ([mutex/lock_event])
[0x0000021366fa49b0] Threads_lock - owner thread: 0x000002137345ef80
[0x0000021366fa34e0] Heap_lock - owner thread: 0x0000021378a855f0

Heap address: 0x00000000c0000000, size: 1024 MB, Compressed Oops mode: 32-bit

CDS archive(s) not mapped
Compressed class space mapped at: 0x0000000100000000-0x0000000140000000, reserved size: 1073741824
Narrow klass base: 0x0000000000000000, Narrow klass shift: 3, Narrow klass range: 0x140000000

GC Precious Log:
 CPUs: 4 total, 4 available
 Memory: 3961M
 Large Page Support: Disabled
 NUMA Support: Disabled
 Compressed Oops: Enabled (32-bit)
 Heap Region Size: 1M
 Heap Min Capacity: 8M
 Heap Initial Capacity: 62M
 Heap Max Capacity: 1G
 Pre-touch: Disabled
 Parallel Workers: 4
 Concurrent Workers: 1
 Concurrent Refinement Workers: 4
 Periodic GC: Disabled

Heap:
 garbage-first heap   total 219136K, used 86782K [0x00000000c0000000, 0x0000000100000000)
  region size 1024K, 7 young (7168K), 7 survivors (7168K)
 Metaspace       used 45968K, committed 46336K, reserved 1114112K
  class space    used 5968K, committed 6144K, reserved 1048576K

Heap Regions: E=young(eden), S=young(survivor), O=old, HS=humongous(starts), HC=humongous(continues), CS=collection set, F=free, OA=open archive, CA=closed archive, TAMS=top-at-mark-start (previous, next)
|   0|0x00000000c0000000, 0x00000000c0100000, 0x00000000c0100000|100%| O|  |TAMS 0x00000000c0100000, 0x00000000c0000000| Untracked 
|   1|0x00000000c0100000, 0x00000000c0200000, 0x00000000c0200000|100%| O|  |TAMS 0x00000000c0200000, 0x00000000c0100000| Untracked 
|   2|0x00000000c0200000, 0x00000000c0300000, 0x00000000c0300000|100%| O|  |TAMS 0x00000000c0300000, 0x00000000c0200000| Untracked 
|   3|0x00000000c0300000, 0x00000000c0400000, 0x00000000c0400000|100%| O|  |TAMS 0x00000000c0400000, 0x00000000c0300000| Untracked 
|   4|0x00000000c0400000, 0x00000000c0500000, 0x00000000c0500000|100%| O|  |TAMS 0x00000000c0500000, 0x00000000c0400000| Untracked 
|   5|0x00000000c0500000, 0x00000000c0600000, 0x00000000c0600000|100%| O|  |TAMS 0x00000000c0600000, 0x00000000c0500000| Untracked 
|   6|0x00000000c0600000, 0x00000000c0700000, 0x00000000c0700000|100%| O|  |TAMS 0x00000000c0700000, 0x00000000c0600000| Untracked 
|   7|0x00000000c0700000, 0x00000000c0800000, 0x00000000c0800000|100%| O|  |TAMS 0x00000000c0800000, 0x00000000c0700000| Untracked 
|   8|0x00000000c0800000, 0x00000000c0900000, 0x00000000c0900000|100%| O|  |TAMS 0x00000000c0900000, 0x00000000c0800000| Untracked 
|   9|0x00000000c0900000, 0x00000000c0a00000, 0x00000000c0a00000|100%| O|  |TAMS 0x00000000c0900000, 0x00000000c0900000| Untracked 
|  10|0x00000000c0a00000, 0x00000000c0b00000, 0x00000000c0b00000|100%| O|  |TAMS 0x00000000c0b00000, 0x00000000c0a00000| Untracked 
|  11|0x00000000c0b00000, 0x00000000c0c00000, 0x00000000c0c00000|100%| O|  |TAMS 0x00000000c0c00000, 0x00000000c0b00000| Untracked 
|  12|0x00000000c0c00000, 0x00000000c0d00000, 0x00000000c0d00000|100%| O|  |TAMS 0x00000000c0d00000, 0x00000000c0c00000| Untracked 
|  13|0x00000000c0d00000, 0x00000000c0e00000, 0x00000000c0e00000|100%| O|  |TAMS 0x00000000c0e00000, 0x00000000c0d00000| Untracked 
|  14|0x00000000c0e00000, 0x00000000c0f00000, 0x00000000c0f00000|100%| O|  |TAMS 0x00000000c0f00000, 0x00000000c0e00000| Untracked 
|  15|0x00000000c0f00000, 0x00000000c1000000, 0x00000000c1000000|100%| O|  |TAMS 0x00000000c1000000, 0x00000000c0f00000| Untracked 
|  16|0x00000000c1000000, 0x00000000c1100000, 0x00000000c1100000|100%| O|  |TAMS 0x00000000c1100000, 0x00000000c1000000| Untracked 
|  17|0x00000000c1100000, 0x00000000c1200000, 0x00000000c1200000|100%| O|  |TAMS 0x00000000c1200000, 0x00000000c1100000| Untracked 
|  18|0x00000000c1200000, 0x00000000c1300000, 0x00000000c1300000|100%| O|  |TAMS 0x00000000c1300000, 0x00000000c1200000| Untracked 
|  19|0x00000000c1300000, 0x00000000c1400000, 0x00000000c1400000|100%| O|  |TAMS 0x00000000c1400000, 0x00000000c1300000| Untracked 
|  20|0x00000000c1400000, 0x00000000c1500000, 0x00000000c1500000|100%| O|  |TAMS 0x00000000c1500000, 0x00000000c1400000| Untracked 
|  21|0x00000000c1500000, 0x00000000c1600000, 0x00000000c1600000|100%| O|  |TAMS 0x00000000c1600000, 0x00000000c1500000| Untracked 
|  22|0x00000000c1600000, 0x00000000c1700000, 0x00000000c1700000|100%| O|  |TAMS 0x00000000c1700000, 0x00000000c1600000| Untracked 
|  23|0x00000000c1700000, 0x00000000c1800000, 0x00000000c1800000|100%| O|  |TAMS 0x00000000c1800000, 0x00000000c1700000| Untracked 
|  24|0x00000000c1800000, 0x00000000c1900000, 0x00000000c1900000|100%| O|  |TAMS 0x00000000c1900000, 0x00000000c1800000| Untracked 
|  25|0x00000000c1900000, 0x00000000c1a00000, 0x00000000c1a00000|100%| O|  |TAMS 0x00000000c1a00000, 0x00000000c1900000| Untracked 
|  26|0x00000000c1a00000, 0x00000000c1b00000, 0x00000000c1b00000|100%| O|  |TAMS 0x00000000c1b00000, 0x00000000c1a00000| Untracked 
|  27|0x00000000c1b00000, 0x00000000c1c00000, 0x00000000c1c00000|100%| O|  |TAMS 0x00000000c1c00000, 0x00000000c1b00000| Untracked 
|  28|0x00000000c1c00000, 0x00000000c1d00000, 0x00000000c1d00000|100%| O|  |TAMS 0x00000000c1d00000, 0x00000000c1c00000| Untracked 
|  29|0x00000000c1d00000, 0x00000000c1e00000, 0x00000000c1e00000|100%| O|  |TAMS 0x00000000c1e00000, 0x00000000c1d00000| Untracked 
|  30|0x00000000c1e00000, 0x00000000c1f00000, 0x00000000c1f00000|100%| O|  |TAMS 0x00000000c1f00000, 0x00000000c1e00000| Untracked 
|  31|0x00000000c1f00000, 0x00000000c2000000, 0x00000000c2000000|100%| O|  |TAMS 0x00000000c2000000, 0x00000000c1f00000| Untracked 
|  32|0x00000000c2000000, 0x00000000c2100000, 0x00000000c2100000|100%| O|  |TAMS 0x00000000c2100000, 0x00000000c2000000| Untracked 
|  33|0x00000000c2100000, 0x00000000c2200000, 0x00000000c2200000|100%| O|  |TAMS 0x00000000c2200000, 0x00000000c2100000| Untracked 
|  34|0x00000000c2200000, 0x00000000c2300000, 0x00000000c2300000|100%| O|  |TAMS 0x00000000c2300000, 0x00000000c2200000| Untracked 
|  35|0x00000000c2300000, 0x00000000c2400000, 0x00000000c2400000|100%| O|  |TAMS 0x00000000c2400000, 0x00000000c2300000| Untracked 
|  36|0x00000000c2400000, 0x00000000c2500000, 0x00000000c2500000|100%| O|  |TAMS 0x00000000c2500000, 0x00000000c2400000| Untracked 
|  37|0x00000000c2500000, 0x00000000c2600000, 0x00000000c2600000|100%| O|  |TAMS 0x00000000c2600000, 0x00000000c2500000| Untracked 
|  38|0x00000000c2600000, 0x00000000c2700000, 0x00000000c2700000|100%| O|  |TAMS 0x00000000c2700000, 0x00000000c2600000| Untracked 
|  39|0x00000000c2700000, 0x00000000c2800000, 0x00000000c2800000|100%| O|  |TAMS 0x00000000c2800000, 0x00000000c2700000| Untracked 
|  40|0x00000000c2800000, 0x00000000c2900000, 0x00000000c2900000|100%| O|  |TAMS 0x00000000c2900000, 0x00000000c2800000| Untracked 
|  41|0x00000000c2900000, 0x00000000c2a00000, 0x00000000c2a00000|100%| O|  |TAMS 0x00000000c2a00000, 0x00000000c2900000| Untracked 
|  42|0x00000000c2a00000, 0x00000000c2b00000, 0x00000000c2b00000|100%| O|  |TAMS 0x00000000c2b00000, 0x00000000c2a00000| Untracked 
|  43|0x00000000c2b00000, 0x00000000c2c00000, 0x00000000c2c00000|100%| O|  |TAMS 0x00000000c2c00000, 0x00000000c2b00000| Untracked 
|  44|0x00000000c2c00000, 0x00000000c2d00000, 0x00000000c2d00000|100%| O|  |TAMS 0x00000000c2d00000, 0x00000000c2c00000| Untracked 
|  45|0x00000000c2d00000, 0x00000000c2e00000, 0x00000000c2e00000|100%| O|  |TAMS 0x00000000c2e00000, 0x00000000c2d00000| Untracked 
|  46|0x00000000c2e00000, 0x00000000c2f00000, 0x00000000c2f00000|100%| O|  |TAMS 0x00000000c2f00000, 0x00000000c2e00000| Untracked 
|  47|0x00000000c2f00000, 0x00000000c3000000, 0x00000000c3000000|100%| O|  |TAMS 0x00000000c3000000, 0x00000000c2f00000| Untracked 
|  48|0x00000000c3000000, 0x00000000c3100000, 0x00000000c3100000|100%| O|  |TAMS 0x00000000c30f4a00, 0x00000000c3000000| Untracked 
|  49|0x00000000c3100000, 0x00000000c3200000, 0x00000000c3200000|100%| O|  |TAMS 0x00000000c3100000, 0x00000000c3100000| Untracked 
|  50|0x00000000c3200000, 0x00000000c3300000, 0x00000000c3300000|100%| O|  |TAMS 0x00000000c3200000, 0x00000000c3200000| Untracked 
|  51|0x00000000c3300000, 0x00000000c3400000, 0x00000000c3400000|100%| O|  |TAMS 0x00000000c3300000, 0x00000000c3300000| Untracked 
|  52|0x00000000c3400000, 0x00000000c3500000, 0x00000000c3500000|100%| O|  |TAMS 0x00000000c3400000, 0x00000000c3400000| Untracked 
|  53|0x00000000c3500000, 0x00000000c3600000, 0x00000000c3600000|100%| O|  |TAMS 0x00000000c3500000, 0x00000000c3500000| Untracked 
|  54|0x00000000c3600000, 0x00000000c3700000, 0x00000000c3700000|100%| O|  |TAMS 0x00000000c3600000, 0x00000000c3600000| Untracked 
|  55|0x00000000c3700000, 0x00000000c3800000, 0x00000000c3800000|100%|HS|  |TAMS 0x00000000c3700000, 0x00000000c3700000| Complete 
|  56|0x00000000c3800000, 0x00000000c3900000, 0x00000000c3900000|100%| O|  |TAMS 0x00000000c3800000, 0x00000000c3800000| Untracked 
|  57|0x00000000c3900000, 0x00000000c3a00000, 0x00000000c3a00000|100%| O|  |TAMS 0x00000000c3900000, 0x00000000c3900000| Untracked 
|  58|0x00000000c3a00000, 0x00000000c3b00000, 0x00000000c3b00000|100%| O|  |TAMS 0x00000000c3a00000, 0x00000000c3a00000| Untracked 
|  59|0x00000000c3b00000, 0x00000000c3c00000, 0x00000000c3c00000|100%| O|  |TAMS 0x00000000c3b00000, 0x00000000c3b00000| Untracked 
|  60|0x00000000c3c00000, 0x00000000c3d00000, 0x00000000c3d00000|100%| O|  |TAMS 0x00000000c3c00000, 0x00000000c3c00000| Untracked 
|  61|0x00000000c3d00000, 0x00000000c3e00000, 0x00000000c3e00000|100%| O|  |TAMS 0x00000000c3d00000, 0x00000000c3d00000| Untracked 
|  62|0x00000000c3e00000, 0x00000000c3f00000, 0x00000000c3f00000|100%| O|  |TAMS 0x00000000c3e00000, 0x00000000c3e00000| Untracked 
|  63|0x00000000c3f00000, 0x00000000c4000000, 0x00000000c4000000|100%| O|  |TAMS 0x00000000c3f00000, 0x00000000c3f00000| Untracked 
|  64|0x00000000c4000000, 0x00000000c4100000, 0x00000000c4100000|100%|HS|  |TAMS 0x00000000c4000000, 0x00000000c4000000| Complete 
|  65|0x00000000c4100000, 0x00000000c4200000, 0x00000000c4200000|100%| O|  |TAMS 0x00000000c4100000, 0x00000000c4100000| Untracked 
|  66|0x00000000c4200000, 0x00000000c4300000, 0x00000000c4300000|100%| O|  |TAMS 0x00000000c4200000, 0x00000000c4200000| Untracked 
|  67|0x00000000c4300000, 0x00000000c4400000, 0x00000000c4400000|100%| O|  |TAMS 0x00000000c4300000, 0x00000000c4300000| Untracked 
|  68|0x00000000c4400000, 0x00000000c4500000, 0x00000000c4500000|100%| O|  |TAMS 0x00000000c4400000, 0x00000000c4400000| Untracked 
|  69|0x00000000c4500000, 0x00000000c4600000, 0x00000000c4600000|100%| O|  |TAMS 0x00000000c4500000, 0x00000000c4500000| Untracked 
|  70|0x00000000c4600000, 0x00000000c4700000, 0x00000000c4700000|100%| O|  |TAMS 0x00000000c4600000, 0x00000000c4600000| Untracked 
|  71|0x00000000c4700000, 0x00000000c4800000, 0x00000000c4800000|100%| O|  |TAMS 0x00000000c4700000, 0x00000000c4700000| Untracked 
|  72|0x00000000c4800000, 0x00000000c4900000, 0x00000000c4900000|100%| O|  |TAMS 0x00000000c4800000, 0x00000000c4800000| Untracked 
|  73|0x00000000c4900000, 0x00000000c4a00000, 0x00000000c4a00000|100%| O|  |TAMS 0x00000000c4900000, 0x00000000c4900000| Untracked 
|  74|0x00000000c4a00000, 0x00000000c4b00000, 0x00000000c4b00000|100%| O|  |TAMS 0x00000000c4a00000, 0x00000000c4a00000| Untracked 
|  75|0x00000000c4b00000, 0x00000000c4c00000, 0x00000000c4c00000|100%| O|  |TAMS 0x00000000c4b00000, 0x00000000c4b00000| Untracked 
|  76|0x00000000c4c00000, 0x00000000c4d00000, 0x00000000c4d00000|100%| O|  |TAMS 0x00000000c4c00000, 0x00000000c4c00000| Untracked 
|  77|0x00000000c4d00000, 0x00000000c4e00000, 0x00000000c4e00000|100%| O|  |TAMS 0x00000000c4d00000, 0x00000000c4d00000| Untracked 
|  78|0x00000000c4e00000, 0x00000000c4e7d400, 0x00000000c4f00000| 48%| O|  |TAMS 0x00000000c4e00000, 0x00000000c4e00000| Untracked 
|  79|0x00000000c4f00000, 0x00000000c4f00000, 0x00000000c5000000|  0%| F|  |TAMS 0x00000000c4f00000, 0x00000000c4f00000| Untracked 
|  80|0x00000000c5000000, 0x00000000c5000000, 0x00000000c5100000|  0%| F|  |TAMS 0x00000000c5000000, 0x00000000c5000000| Untracked 
|  81|0x00000000c5100000, 0x00000000c5100000, 0x00000000c5200000|  0%| F|  |TAMS 0x00000000c5100000, 0x00000000c5100000| Untracked 
|  82|0x00000000c5200000, 0x00000000c5200000, 0x00000000c5300000|  0%| F|  |TAMS 0x00000000c5200000, 0x00000000c5200000| Untracked 
|  83|0x00000000c5300000, 0x00000000c5300000, 0x00000000c5400000|  0%| F|  |TAMS 0x00000000c5300000, 0x00000000c5300000| Untracked 
|  84|0x00000000c5400000, 0x00000000c5400000, 0x00000000c5500000|  0%| F|  |TAMS 0x00000000c5400000, 0x00000000c5400000| Untracked 
|  85|0x00000000c5500000, 0x00000000c5500000, 0x00000000c5600000|  0%| F|  |TAMS 0x00000000c5500000, 0x00000000c5500000| Untracked 
|  86|0x00000000c5600000, 0x00000000c5600000, 0x00000000c5700000|  0%| F|  |TAMS 0x00000000c5600000, 0x00000000c5600000| Untracked 
|  87|0x00000000c5700000, 0x00000000c5700000, 0x00000000c5800000|  0%| F|  |TAMS 0x00000000c5700000, 0x00000000c5700000| Untracked 
|  88|0x00000000c5800000, 0x00000000c5800000, 0x00000000c5900000|  0%| F|  |TAMS 0x00000000c5800000, 0x00000000c5800000| Untracked 
|  89|0x00000000c5900000, 0x00000000c5900000, 0x00000000c5a00000|  0%| F|  |TAMS 0x00000000c5900000, 0x00000000c5900000| Untracked 
|  90|0x00000000c5a00000, 0x00000000c5a00000, 0x00000000c5b00000|  0%| F|  |TAMS 0x00000000c5a00000, 0x00000000c5a00000| Untracked 
|  91|0x00000000c5b00000, 0x00000000c5b00000, 0x00000000c5c00000|  0%| F|  |TAMS 0x00000000c5b00000, 0x00000000c5b00000| Untracked 
|  92|0x00000000c5c00000, 0x00000000c5c00000, 0x00000000c5d00000|  0%| F|  |TAMS 0x00000000c5c00000, 0x00000000c5c00000| Untracked 
|  93|0x00000000c5d00000, 0x00000000c5d00000, 0x00000000c5e00000|  0%| F|  |TAMS 0x00000000c5d00000, 0x00000000c5d00000| Untracked 
|  94|0x00000000c5e00000, 0x00000000c5e00000, 0x00000000c5f00000|  0%| F|  |TAMS 0x00000000c5e00000, 0x00000000c5e00000| Untracked 
|  95|0x00000000c5f00000, 0x00000000c5f00000, 0x00000000c6000000|  0%| F|  |TAMS 0x00000000c5f00000, 0x00000000c5f00000| Untracked 
|  96|0x00000000c6000000, 0x00000000c6000000, 0x00000000c6100000|  0%| F|  |TAMS 0x00000000c6000000, 0x00000000c6000000| Untracked 
|  97|0x00000000c6100000, 0x00000000c6100000, 0x00000000c6200000|  0%| F|  |TAMS 0x00000000c6100000, 0x00000000c6100000| Untracked 
|  98|0x00000000c6200000, 0x00000000c6200000, 0x00000000c6300000|  0%| F|  |TAMS 0x00000000c6200000, 0x00000000c6200000| Untracked 
|  99|0x00000000c6300000, 0x00000000c6300000, 0x00000000c6400000|  0%| F|  |TAMS 0x00000000c6300000, 0x00000000c6300000| Untracked 
| 100|0x00000000c6400000, 0x00000000c6400000, 0x00000000c6500000|  0%| F|  |TAMS 0x00000000c6400000, 0x00000000c6400000| Untracked 
| 101|0x00000000c6500000, 0x00000000c6500000, 0x00000000c6600000|  0%| F|  |TAMS 0x00000000c6500000, 0x00000000c6500000| Untracked 
| 102|0x00000000c6600000, 0x00000000c6600000, 0x00000000c6700000|  0%| F|  |TAMS 0x00000000c6600000, 0x00000000c6600000| Untracked 
| 103|0x00000000c6700000, 0x00000000c6700000, 0x00000000c6800000|  0%| F|  |TAMS 0x00000000c6700000, 0x00000000c6700000| Untracked 
| 104|0x00000000c6800000, 0x00000000c6800000, 0x00000000c6900000|  0%| F|  |TAMS 0x00000000c6800000, 0x00000000c6800000| Untracked 
| 105|0x00000000c6900000, 0x00000000c6900000, 0x00000000c6a00000|  0%| F|  |TAMS 0x00000000c6900000, 0x00000000c6900000| Untracked 
| 106|0x00000000c6a00000, 0x00000000c6a00000, 0x00000000c6b00000|  0%| F|  |TAMS 0x00000000c6a00000, 0x00000000c6a00000| Untracked 
| 107|0x00000000c6b00000, 0x00000000c6b00000, 0x00000000c6c00000|  0%| F|  |TAMS 0x00000000c6b00000, 0x00000000c6b00000| Untracked 
| 108|0x00000000c6c00000, 0x00000000c6c00000, 0x00000000c6d00000|  0%| F|  |TAMS 0x00000000c6c00000, 0x00000000c6c00000| Untracked 
| 109|0x00000000c6d00000, 0x00000000c6d00000, 0x00000000c6e00000|  0%| F|  |TAMS 0x00000000c6d00000, 0x00000000c6d00000| Untracked 
| 110|0x00000000c6e00000, 0x00000000c6e00000, 0x00000000c6f00000|  0%| F|  |TAMS 0x00000000c6e00000, 0x00000000c6e00000| Untracked 
| 111|0x00000000c6f00000, 0x00000000c6f00000, 0x00000000c7000000|  0%| F|  |TAMS 0x00000000c6f00000, 0x00000000c6f00000| Untracked 
| 112|0x00000000c7000000, 0x00000000c7000000, 0x00000000c7100000|  0%| F|  |TAMS 0x00000000c7000000, 0x00000000c7000000| Untracked 
| 113|0x00000000c7100000, 0x00000000c7100000, 0x00000000c7200000|  0%| F|  |TAMS 0x00000000c7100000, 0x00000000c7100000| Untracked 
| 114|0x00000000c7200000, 0x00000000c7200000, 0x00000000c7300000|  0%| F|  |TAMS 0x00000000c7200000, 0x00000000c7200000| Untracked 
| 115|0x00000000c7300000, 0x00000000c7300000, 0x00000000c7400000|  0%| F|  |TAMS 0x00000000c7300000, 0x00000000c7300000| Untracked 
| 116|0x00000000c7400000, 0x00000000c7400000, 0x00000000c7500000|  0%| F|  |TAMS 0x00000000c7400000, 0x00000000c7400000| Untracked 
| 117|0x00000000c7500000, 0x00000000c7500000, 0x00000000c7600000|  0%| F|  |TAMS 0x00000000c7500000, 0x00000000c7500000| Untracked 
| 118|0x00000000c7600000, 0x00000000c7600000, 0x00000000c7700000|  0%| F|  |TAMS 0x00000000c7600000, 0x00000000c7600000| Untracked 
| 119|0x00000000c7700000, 0x00000000c7700000, 0x00000000c7800000|  0%| F|  |TAMS 0x00000000c7700000, 0x00000000c7700000| Untracked 
| 120|0x00000000c7800000, 0x00000000c7800000, 0x00000000c7900000|  0%| F|  |TAMS 0x00000000c7800000, 0x00000000c7800000| Untracked 
| 121|0x00000000c7900000, 0x00000000c7942528, 0x00000000c7a00000| 25%| S|CS|TAMS 0x00000000c7900000, 0x00000000c7900000| Complete 
| 122|0x00000000c7a00000, 0x00000000c7b00000, 0x00000000c7b00000|100%| S|CS|TAMS 0x00000000c7a00000, 0x00000000c7a00000| Complete 
| 123|0x00000000c7b00000, 0x00000000c7c00000, 0x00000000c7c00000|100%| S|CS|TAMS 0x00000000c7b00000, 0x00000000c7b00000| Complete 
| 124|0x00000000c7c00000, 0x00000000c7d00000, 0x00000000c7d00000|100%| S|CS|TAMS 0x00000000c7c00000, 0x00000000c7c00000| Complete 
| 125|0x00000000c7d00000, 0x00000000c7e00000, 0x00000000c7e00000|100%| S|CS|TAMS 0x00000000c7d00000, 0x00000000c7d00000| Complete 
| 126|0x00000000c7e00000, 0x00000000c7f00000, 0x00000000c7f00000|100%| S|CS|TAMS 0x00000000c7e00000, 0x00000000c7e00000| Complete 
| 127|0x00000000c7f00000, 0x00000000c8000000, 0x00000000c8000000|100%| S|CS|TAMS 0x00000000c7f00000, 0x00000000c7f00000| Complete 
| 128|0x00000000c8000000, 0x00000000c8000000, 0x00000000c8100000|  0%| F|  |TAMS 0x00000000c8000000, 0x00000000c8000000| Untracked 
| 129|0x00000000c8100000, 0x00000000c8100000, 0x00000000c8200000|  0%| F|  |TAMS 0x00000000c8100000, 0x00000000c8100000| Untracked 
| 130|0x00000000c8200000, 0x00000000c8200000, 0x00000000c8300000|  0%| F|  |TAMS 0x00000000c8200000, 0x00000000c8200000| Untracked 
| 131|0x00000000c8300000, 0x00000000c8300000, 0x00000000c8400000|  0%| F|  |TAMS 0x00000000c8300000, 0x00000000c8300000| Untracked 
| 132|0x00000000c8400000, 0x00000000c8400000, 0x00000000c8500000|  0%| F|  |TAMS 0x00000000c8400000, 0x00000000c8400000| Untracked 
| 133|0x00000000c8500000, 0x00000000c8500000, 0x00000000c8600000|  0%| F|  |TAMS 0x00000000c8500000, 0x00000000c8500000| Untracked 
| 134|0x00000000c8600000, 0x00000000c8600000, 0x00000000c8700000|  0%| F|  |TAMS 0x00000000c8600000, 0x00000000c8600000| Untracked 
| 135|0x00000000c8700000, 0x00000000c8700000, 0x00000000c8800000|  0%| F|  |TAMS 0x00000000c8700000, 0x00000000c8700000| Untracked 
| 136|0x00000000c8800000, 0x00000000c8800000, 0x00000000c8900000|  0%| F|  |TAMS 0x00000000c8800000, 0x00000000c8800000| Untracked 
| 137|0x00000000c8900000, 0x00000000c8900000, 0x00000000c8a00000|  0%| F|  |TAMS 0x00000000c8900000, 0x00000000c8900000| Untracked 
| 138|0x00000000c8a00000, 0x00000000c8a00000, 0x00000000c8b00000|  0%| F|  |TAMS 0x00000000c8a00000, 0x00000000c8a00000| Untracked 
| 139|0x00000000c8b00000, 0x00000000c8b00000, 0x00000000c8c00000|  0%| F|  |TAMS 0x00000000c8b00000, 0x00000000c8b00000| Untracked 
| 140|0x00000000c8c00000, 0x00000000c8c00000, 0x00000000c8d00000|  0%| F|  |TAMS 0x00000000c8c00000, 0x00000000c8c00000| Untracked 
| 141|0x00000000c8d00000, 0x00000000c8d00000, 0x00000000c8e00000|  0%| F|  |TAMS 0x00000000c8d00000, 0x00000000c8d00000| Untracked 
| 142|0x00000000c8e00000, 0x00000000c8e00000, 0x00000000c8f00000|  0%| F|  |TAMS 0x00000000c8e00000, 0x00000000c8e00000| Untracked 
| 143|0x00000000c8f00000, 0x00000000c8f00000, 0x00000000c9000000|  0%| F|  |TAMS 0x00000000c8f00000, 0x00000000c8f00000| Untracked 
| 144|0x00000000c9000000, 0x00000000c9000000, 0x00000000c9100000|  0%| F|  |TAMS 0x00000000c9000000, 0x00000000c9000000| Untracked 
| 145|0x00000000c9100000, 0x00000000c9100000, 0x00000000c9200000|  0%| F|  |TAMS 0x00000000c9100000, 0x00000000c9100000| Untracked 
| 146|0x00000000c9200000, 0x00000000c9200000, 0x00000000c9300000|  0%| F|  |TAMS 0x00000000c9200000, 0x00000000c9200000| Untracked 
| 147|0x00000000c9300000, 0x00000000c9300000, 0x00000000c9400000|  0%| F|  |TAMS 0x00000000c9300000, 0x00000000c9300000| Untracked 
| 148|0x00000000c9400000, 0x00000000c9400000, 0x00000000c9500000|  0%| F|  |TAMS 0x00000000c9400000, 0x00000000c9400000| Untracked 
| 149|0x00000000c9500000, 0x00000000c9500000, 0x00000000c9600000|  0%| F|  |TAMS 0x00000000c9500000, 0x00000000c9500000| Untracked 
| 150|0x00000000c9600000, 0x00000000c9600000, 0x00000000c9700000|  0%| F|  |TAMS 0x00000000c9600000, 0x00000000c9600000| Untracked 
| 151|0x00000000c9700000, 0x00000000c9700000, 0x00000000c9800000|  0%| F|  |TAMS 0x00000000c9700000, 0x00000000c9700000| Untracked 
| 152|0x00000000c9800000, 0x00000000c9800000, 0x00000000c9900000|  0%| F|  |TAMS 0x00000000c9800000, 0x00000000c9800000| Untracked 
| 153|0x00000000c9900000, 0x00000000c9900000, 0x00000000c9a00000|  0%| F|  |TAMS 0x00000000c9900000, 0x00000000c9900000| Untracked 
| 154|0x00000000c9a00000, 0x00000000c9a00000, 0x00000000c9b00000|  0%| F|  |TAMS 0x00000000c9a00000, 0x00000000c9a00000| Untracked 
| 155|0x00000000c9b00000, 0x00000000c9b00000, 0x00000000c9c00000|  0%| F|  |TAMS 0x00000000c9b00000, 0x00000000c9b00000| Untracked 
| 156|0x00000000c9c00000, 0x00000000c9c00000, 0x00000000c9d00000|  0%| F|  |TAMS 0x00000000c9c00000, 0x00000000c9c00000| Untracked 
| 157|0x00000000c9d00000, 0x00000000c9d00000, 0x00000000c9e00000|  0%| F|  |TAMS 0x00000000c9d00000, 0x00000000c9d00000| Untracked 
| 158|0x00000000c9e00000, 0x00000000c9e00000, 0x00000000c9f00000|  0%| F|  |TAMS 0x00000000c9e00000, 0x00000000c9e00000| Untracked 
| 159|0x00000000c9f00000, 0x00000000c9f00000, 0x00000000ca000000|  0%| F|  |TAMS 0x00000000c9f00000, 0x00000000c9f00000| Untracked 
| 160|0x00000000ca000000, 0x00000000ca000000, 0x00000000ca100000|  0%| F|  |TAMS 0x00000000ca000000, 0x00000000ca000000| Untracked 
| 161|0x00000000ca100000, 0x00000000ca100000, 0x00000000ca200000|  0%| F|  |TAMS 0x00000000ca100000, 0x00000000ca100000| Untracked 
| 162|0x00000000ca200000, 0x00000000ca200000, 0x00000000ca300000|  0%| F|  |TAMS 0x00000000ca200000, 0x00000000ca200000| Untracked 
| 163|0x00000000ca300000, 0x00000000ca300000, 0x00000000ca400000|  0%| F|  |TAMS 0x00000000ca300000, 0x00000000ca300000| Untracked 
| 164|0x00000000ca400000, 0x00000000ca400000, 0x00000000ca500000|  0%| F|  |TAMS 0x00000000ca400000, 0x00000000ca400000| Untracked 
| 165|0x00000000ca500000, 0x00000000ca500000, 0x00000000ca600000|  0%| F|  |TAMS 0x00000000ca500000, 0x00000000ca500000| Untracked 
| 166|0x00000000ca600000, 0x00000000ca600000, 0x00000000ca700000|  0%| F|  |TAMS 0x00000000ca600000, 0x00000000ca600000| Untracked 
| 167|0x00000000ca700000, 0x00000000ca700000, 0x00000000ca800000|  0%| F|  |TAMS 0x00000000ca700000, 0x00000000ca700000| Untracked 
| 168|0x00000000ca800000, 0x00000000ca800000, 0x00000000ca900000|  0%| F|  |TAMS 0x00000000ca800000, 0x00000000ca800000| Untracked 
| 169|0x00000000ca900000, 0x00000000ca900000, 0x00000000caa00000|  0%| F|  |TAMS 0x00000000ca900000, 0x00000000ca900000| Untracked 
| 170|0x00000000caa00000, 0x00000000caa00000, 0x00000000cab00000|  0%| F|  |TAMS 0x00000000caa00000, 0x00000000caa00000| Untracked 
| 171|0x00000000cab00000, 0x00000000cab00000, 0x00000000cac00000|  0%| F|  |TAMS 0x00000000cab00000, 0x00000000cab00000| Untracked 
| 172|0x00000000cac00000, 0x00000000cac00000, 0x00000000cad00000|  0%| F|  |TAMS 0x00000000cac00000, 0x00000000cac00000| Untracked 
| 173|0x00000000cad00000, 0x00000000cad00000, 0x00000000cae00000|  0%| F|  |TAMS 0x00000000cad00000, 0x00000000cad00000| Untracked 
| 174|0x00000000cae00000, 0x00000000cae00000, 0x00000000caf00000|  0%| F|  |TAMS 0x00000000cae00000, 0x00000000cae00000| Untracked 
| 175|0x00000000caf00000, 0x00000000caf00000, 0x00000000cb000000|  0%| F|  |TAMS 0x00000000caf00000, 0x00000000caf00000| Untracked 
| 176|0x00000000cb000000, 0x00000000cb000000, 0x00000000cb100000|  0%| F|  |TAMS 0x00000000cb000000, 0x00000000cb000000| Untracked 
| 177|0x00000000cb100000, 0x00000000cb100000, 0x00000000cb200000|  0%| F|  |TAMS 0x00000000cb100000, 0x00000000cb100000| Untracked 
| 178|0x00000000cb200000, 0x00000000cb200000, 0x00000000cb300000|  0%| F|  |TAMS 0x00000000cb200000, 0x00000000cb200000| Untracked 
| 179|0x00000000cb300000, 0x00000000cb300000, 0x00000000cb400000|  0%| F|  |TAMS 0x00000000cb300000, 0x00000000cb300000| Untracked 
| 180|0x00000000cb400000, 0x00000000cb400000, 0x00000000cb500000|  0%| F|  |TAMS 0x00000000cb400000, 0x00000000cb400000| Untracked 
| 181|0x00000000cb500000, 0x00000000cb500000, 0x00000000cb600000|  0%| F|  |TAMS 0x00000000cb500000, 0x00000000cb500000| Untracked 
| 182|0x00000000cb600000, 0x00000000cb600000, 0x00000000cb700000|  0%| F|  |TAMS 0x00000000cb600000, 0x00000000cb600000| Untracked 
| 183|0x00000000cb700000, 0x00000000cb700000, 0x00000000cb800000|  0%| F|  |TAMS 0x00000000cb700000, 0x00000000cb700000| Untracked 
| 184|0x00000000cb800000, 0x00000000cb800000, 0x00000000cb900000|  0%| F|  |TAMS 0x00000000cb800000, 0x00000000cb800000| Untracked 
| 185|0x00000000cb900000, 0x00000000cb900000, 0x00000000cba00000|  0%| F|  |TAMS 0x00000000cb900000, 0x00000000cb900000| Untracked 
| 186|0x00000000cba00000, 0x00000000cba00000, 0x00000000cbb00000|  0%| F|  |TAMS 0x00000000cba00000, 0x00000000cba00000| Untracked 
| 187|0x00000000cbb00000, 0x00000000cbb00000, 0x00000000cbc00000|  0%| F|  |TAMS 0x00000000cbb00000, 0x00000000cbb00000| Untracked 
| 188|0x00000000cbc00000, 0x00000000cbc00000, 0x00000000cbd00000|  0%| F|  |TAMS 0x00000000cbc00000, 0x00000000cbc00000| Untracked 
| 189|0x00000000cbd00000, 0x00000000cbd00000, 0x00000000cbe00000|  0%| F|  |TAMS 0x00000000cbd00000, 0x00000000cbd00000| Untracked 
| 190|0x00000000cbe00000, 0x00000000cbe00000, 0x00000000cbf00000|  0%| F|  |TAMS 0x00000000cbe00000, 0x00000000cbe00000| Untracked 
| 191|0x00000000cbf00000, 0x00000000cbf00000, 0x00000000cc000000|  0%| F|  |TAMS 0x00000000cbf00000, 0x00000000cbf00000| Untracked 
| 192|0x00000000cc000000, 0x00000000cc000000, 0x00000000cc100000|  0%| F|  |TAMS 0x00000000cc000000, 0x00000000cc000000| Untracked 
| 193|0x00000000cc100000, 0x00000000cc100000, 0x00000000cc200000|  0%| F|  |TAMS 0x00000000cc100000, 0x00000000cc100000| Untracked 
| 194|0x00000000cc200000, 0x00000000cc200000, 0x00000000cc300000|  0%| F|  |TAMS 0x00000000cc200000, 0x00000000cc200000| Untracked 
| 195|0x00000000cc300000, 0x00000000cc300000, 0x00000000cc400000|  0%| F|  |TAMS 0x00000000cc300000, 0x00000000cc300000| Untracked 
| 196|0x00000000cc400000, 0x00000000cc400000, 0x00000000cc500000|  0%| F|  |TAMS 0x00000000cc400000, 0x00000000cc400000| Untracked 
| 197|0x00000000cc500000, 0x00000000cc500000, 0x00000000cc600000|  0%| F|  |TAMS 0x00000000cc500000, 0x00000000cc500000| Untracked 
| 198|0x00000000cc600000, 0x00000000cc600000, 0x00000000cc700000|  0%| F|  |TAMS 0x00000000cc600000, 0x00000000cc600000| Untracked 
| 199|0x00000000cc700000, 0x00000000cc700000, 0x00000000cc800000|  0%| F|  |TAMS 0x00000000cc700000, 0x00000000cc700000| Untracked 
| 200|0x00000000cc800000, 0x00000000cc800000, 0x00000000cc900000|  0%| F|  |TAMS 0x00000000cc800000, 0x00000000cc800000| Untracked 
| 201|0x00000000cc900000, 0x00000000cc900000, 0x00000000cca00000|  0%| F|  |TAMS 0x00000000cc900000, 0x00000000cc900000| Untracked 
| 202|0x00000000cca00000, 0x00000000cca00000, 0x00000000ccb00000|  0%| F|  |TAMS 0x00000000cca00000, 0x00000000cca00000| Untracked 
| 203|0x00000000ccb00000, 0x00000000ccb00000, 0x00000000ccc00000|  0%| F|  |TAMS 0x00000000ccb00000, 0x00000000ccb00000| Untracked 
| 204|0x00000000ccc00000, 0x00000000ccc00000, 0x00000000ccd00000|  0%| F|  |TAMS 0x00000000ccc00000, 0x00000000ccc00000| Untracked 
| 205|0x00000000ccd00000, 0x00000000ccd00000, 0x00000000cce00000|  0%| F|  |TAMS 0x00000000ccd00000, 0x00000000ccd00000| Untracked 
| 206|0x00000000cce00000, 0x00000000cce00000, 0x00000000ccf00000|  0%| F|  |TAMS 0x00000000cce00000, 0x00000000cce00000| Untracked 
| 207|0x00000000ccf00000, 0x00000000ccf00000, 0x00000000cd000000|  0%| F|  |TAMS 0x00000000ccf00000, 0x00000000ccf00000| Untracked 
| 208|0x00000000cd000000, 0x00000000cd000000, 0x00000000cd100000|  0%| F|  |TAMS 0x00000000cd000000, 0x00000000cd000000| Untracked 
| 209|0x00000000cd100000, 0x00000000cd100000, 0x00000000cd200000|  0%| F|  |TAMS 0x00000000cd100000, 0x00000000cd100000| Untracked 
| 210|0x00000000cd200000, 0x00000000cd200000, 0x00000000cd300000|  0%| F|  |TAMS 0x00000000cd200000, 0x00000000cd200000| Untracked 
| 211|0x00000000cd300000, 0x00000000cd300000, 0x00000000cd400000|  0%| F|  |TAMS 0x00000000cd300000, 0x00000000cd300000| Untracked 
| 212|0x00000000cd400000, 0x00000000cd400000, 0x00000000cd500000|  0%| F|  |TAMS 0x00000000cd400000, 0x00000000cd400000| Untracked 
| 213|0x00000000cd500000, 0x00000000cd500000, 0x00000000cd600000|  0%| F|  |TAMS 0x00000000cd500000, 0x00000000cd500000| Untracked 

Card table byte_map: [0x000002136eab0000,0x000002136ecb0000] _byte_map_base: 0x000002136e4b0000

Marking Bits (Prev, Next): (CMBitMap*) 0x0000021366fe5d20, (CMBitMap*) 0x0000021366fe5ce0
 Prev Bits: [0x000002136feb0000, 0x0000021370eb0000)
 Next Bits: [0x000002136eeb0000, 0x000002136feb0000)

Polling page: 0x0000021366d70000

Metaspace:

Usage:
  Non-class:     39.06 MB used.
      Class:      5.83 MB used.
       Both:     44.89 MB used.

Virtual space:
  Non-class space:       64.00 MB reserved,      39.25 MB ( 61%) committed,  1 nodes.
      Class space:        1.00 GB reserved,       6.00 MB ( <1%) committed,  1 nodes.
             Both:        1.06 GB reserved,      45.25 MB (  4%) committed. 

Chunk freelists:
   Non-Class:  8.06 MB
       Class:  9.95 MB
        Both:  18.02 MB

MaxMetaspaceSize: unlimited
CompressedClassSpaceSize: 1.00 GB
Initial GC threshold: 21.00 MB
Current GC threshold: 72.94 MB
CDS: off
MetaspaceReclaimPolicy: balanced
 - commit_granule_bytes: 65536.
 - commit_granule_words: 8192.
 - virtual_space_node_default_size: 8388608.
 - enlarge_chunks_in_place: 1.
 - new_chunks_are_fully_committed: 0.
 - uncommit_free_chunks: 1.
 - use_allocation_guard: 0.
 - handle_deallocations: 1.


Internal statistics:

num_allocs_failed_limit: 6.
num_arena_births: 540.
num_arena_deaths: 54.
num_vsnodes_births: 2.
num_vsnodes_deaths: 0.
num_space_committed: 724.
num_space_uncommitted: 0.
num_chunks_returned_to_freelist: 73.
num_chunks_taken_from_freelist: 1925.
num_chunk_merges: 18.
num_chunk_splits: 1261.
num_chunks_enlarged: 927.
num_inconsistent_stats: 0.

CodeCache: size=49152Kb used=9805Kb max_used=9805Kb free=39346Kb
 bounds [0x000002136b400000, 0x000002136bda0000, 0x000002136e400000]
 total_blobs=5455 nmethods=4852 adapters=529
 compilation: enabled
              stopped_count=0, restarted_count=0
 full_count=0

Compilation events (20 events):
Event: 47.347 Thread 0x0000021378648350 nmethod 4853 0x000002136bd8f310 code [0x000002136bd8f4a0, 0x000002136bd8f598]
Event: 47.347 Thread 0x0000021378648350 4855       1       com.fasterxml.jackson.databind.ser.std.MapSerializer::serialize (17 bytes)
Event: 47.348 Thread 0x00000213734ea8c0 nmethod 4854 0x000002136bd8f690 code [0x000002136bd8f880, 0x000002136bd8fb88]
Event: 47.348 Thread 0x0000021378648350 nmethod 4855 0x000002136bd8fe10 code [0x000002136bd8ffe0, 0x000002136bd90268]
Event: 47.348 Thread 0x00000213734ea8c0 4859   !   1       com.fasterxml.jackson.databind.ser.std.MapSerializer::serializeFields (199 bytes)
Event: 47.348 Thread 0x0000021378648350 4857       1       com.fasterxml.jackson.core.json.JsonWriteContext::createChildObjectContext (52 bytes)
Event: 47.348 Thread 0x0000021378648350 nmethod 4857 0x000002136bd90490 code [0x000002136bd90660, 0x000002136bd909f8]
Event: 47.348 Thread 0x0000021378648350 4858       1       com.fasterxml.jackson.databind.ser.std.MapSerializer::serializeWithoutTypeInfo (130 bytes)
Event: 47.349 Thread 0x0000021378648350 nmethod 4858 0x000002136bd90b10 code [0x000002136bd90d20, 0x000002136bd910a8]
Event: 47.349 Thread 0x0000021378648350 4856       1       com.fasterxml.jackson.databind.util.TokenBuffer::writeStartObject (30 bytes)
Event: 47.349 Thread 0x0000021378648350 nmethod 4856 0x000002136bd91290 code [0x000002136bd91440, 0x000002136bd915e8]
Event: 47.349 Thread 0x0000021378648350 4860       1       com.fasterxml.jackson.databind.util.TokenBuffer::writeEndObject (25 bytes)
Event: 47.349 Thread 0x00000213734ea8c0 nmethod 4859 0x000002136bd91710 code [0x000002136bd919a0, 0x000002136bd92078]
Event: 47.349 Thread 0x0000021378648350 nmethod 4860 0x000002136bd92690 code [0x000002136bd92820, 0x000002136bd92988]
Event: 47.350 Thread 0x00000213734ea8c0 4861       1       com.fasterxml.jackson.databind.util.TokenBuffer::_appendEndMarker (41 bytes)
Event: 47.350 Thread 0x0000021378648350 4862       1       com.fasterxml.jackson.databind.ser.impl.PropertySerializerMap$Double::serializerFor (28 bytes)
Event: 47.350 Thread 0x0000021378648350 nmethod 4862 0x000002136bd92a90 code [0x000002136bd92c20, 0x000002136bd92d58]
Event: 47.350 Thread 0x00000213734ea8c0 nmethod 4861 0x000002136bd92e10 code [0x000002136bd92fc0, 0x000002136bd93148]
Event: 47.350 Thread 0x0000021378648350 4863       1       com.fasterxml.jackson.core.json.JsonWriteContext::reset (41 bytes)
Event: 47.350 Thread 0x0000021378648350 nmethod 4863 0x000002136bd93210 code [0x000002136bd933a0, 0x000002136bd93548]

GC Heap History (20 events):
Event: 39.438 GC heap after
{Heap after GC invocations=22 (full 0):
 garbage-first heap   total 102400K, used 32073K [0x00000000c0000000, 0x0000000100000000)
  region size 1024K, 1 young (1024K), 1 survivors (1024K)
 Metaspace       used 38745K, committed 39232K, reserved 1114112K
  class space    used 4961K, committed 5184K, reserved 1048576K
}
Event: 39.872 GC heap before
{Heap before GC invocations=22 (full 0):
 garbage-first heap   total 102400K, used 70985K [0x00000000c0000000, 0x0000000100000000)
  region size 1024K, 39 young (39936K), 1 survivors (1024K)
 Metaspace       used 39326K, committed 39680K, reserved 1114112K
  class space    used 5027K, committed 5184K, reserved 1048576K
}
Event: 39.884 GC heap after
{Heap after GC invocations=23 (full 0):
 garbage-first heap   total 102400K, used 37969K [0x00000000c0000000, 0x0000000100000000)
  region size 1024K, 5 young (5120K), 5 survivors (5120K)
 Metaspace       used 39326K, committed 39680K, reserved 1114112K
  class space    used 5027K, committed 5184K, reserved 1048576K
}
Event: 40.128 GC heap before
{Heap before GC invocations=23 (full 0):
 garbage-first heap   total 102400K, used 71761K [0x00000000c0000000, 0x0000000100000000)
  region size 1024K, 38 young (38912K), 5 survivors (5120K)
 Metaspace       used 39353K, committed 39680K, reserved 1114112K
  class space    used 5032K, committed 5184K, reserved 1048576K
}
Event: 40.147 GC heap after
{Heap after GC invocations=24 (full 0):
 garbage-first heap   total 102400K, used 44556K [0x00000000c0000000, 0x0000000100000000)
  region size 1024K, 5 young (5120K), 5 survivors (5120K)
 Metaspace       used 39353K, committed 39680K, reserved 1114112K
  class space    used 5032K, committed 5184K, reserved 1048576K
}
Event: 42.950 GC heap before
{Heap before GC invocations=24 (full 0):
 garbage-first heap   total 102400K, used 74252K [0x00000000c0000000, 0x0000000100000000)
  region size 1024K, 35 young (35840K), 5 survivors (5120K)
 Metaspace       used 41431K, committed 41856K, reserved 1114112K
  class space    used 5341K, committed 5504K, reserved 1048576K
}
Event: 42.970 GC heap after
{Heap after GC invocations=25 (full 0):
 garbage-first heap   total 102400K, used 55250K [0x00000000c0000000, 0x0000000100000000)
  region size 1024K, 5 young (5120K), 5 survivors (5120K)
 Metaspace       used 41431K, committed 41856K, reserved 1114112K
  class space    used 5341K, committed 5504K, reserved 1048576K
}
Event: 44.012 GC heap before
{Heap before GC invocations=25 (full 0):
 garbage-first heap   total 102400K, used 69586K [0x00000000c0000000, 0x0000000100000000)
  region size 1024K, 21 young (21504K), 5 survivors (5120K)
 Metaspace       used 43944K, committed 44352K, reserved 1114112K
  class space    used 5703K, committed 5888K, reserved 1048576K
}
Event: 44.028 GC heap after
{Heap after GC invocations=26 (full 0):
 garbage-first heap   total 102400K, used 60087K [0x00000000c0000000, 0x0000000100000000)
  region size 1024K, 4 young (4096K), 4 survivors (4096K)
 Metaspace       used 43944K, committed 44352K, reserved 1114112K
  class space    used 5703K, committed 5888K, reserved 1048576K
}
Event: 45.383 GC heap before
{Heap before GC invocations=27 (full 0):
 garbage-first heap   total 109568K, used 79543K [0x00000000c0000000, 0x0000000100000000)
  region size 1024K, 22 young (22528K), 4 survivors (4096K)
 Metaspace       used 44955K, committed 45376K, reserved 1114112K
  class space    used 5830K, committed 6016K, reserved 1048576K
}
Event: 45.400 GC heap after
{Heap after GC invocations=28 (full 0):
 garbage-first heap   total 109568K, used 68492K [0x00000000c0000000, 0x0000000100000000)
  region size 1024K, 3 young (3072K), 3 survivors (3072K)
 Metaspace       used 44955K, committed 45376K, reserved 1114112K
  class space    used 5830K, committed 6016K, reserved 1048576K
}
Event: 45.429 GC heap before
{Heap before GC invocations=28 (full 0):
 garbage-first heap   total 109568K, used 70540K [0x00000000c0000000, 0x0000000100000000)
  region size 1024K, 5 young (5120K), 3 survivors (3072K)
 Metaspace       used 45045K, committed 45440K, reserved 1114112K
  class space    used 5848K, committed 6016K, reserved 1048576K
}
Event: 45.444 GC heap after
{Heap after GC invocations=29 (full 0):
 garbage-first heap   total 219136K, used 70990K [0x00000000c0000000, 0x0000000100000000)
  region size 1024K, 1 young (1024K), 1 survivors (1024K)
 Metaspace       used 45045K, committed 45440K, reserved 1114112K
  class space    used 5848K, committed 6016K, reserved 1048576K
}
Event: 46.177 GC heap before
{Heap before GC invocations=29 (full 0):
 garbage-first heap   total 219136K, used 139597K [0x00000000c0000000, 0x0000000100000000)
  region size 1024K, 69 young (70656K), 1 survivors (1024K)
 Metaspace       used 45502K, committed 45952K, reserved 1114112K
  class space    used 5899K, committed 6144K, reserved 1048576K
}
Event: 46.205 GC heap after
{Heap after GC invocations=30 (full 0):
 garbage-first heap   total 219136K, used 77529K [0x00000000c0000000, 0x0000000100000000)
  region size 1024K, 8 young (8192K), 8 survivors (8192K)
 Metaspace       used 45502K, committed 45952K, reserved 1114112K
  class space    used 5899K, committed 6144K, reserved 1048576K
}
Event: 46.577 GC heap before
{Heap before GC invocations=30 (full 0):
 garbage-first heap   total 219136K, used 147161K [0x00000000c0000000, 0x0000000100000000)
  region size 1024K, 77 young (78848K), 8 survivors (8192K)
 Metaspace       used 45711K, committed 46144K, reserved 1114112K
  class space    used 5929K, committed 6144K, reserved 1048576K
}
Event: 46.618 GC heap after
{Heap after GC invocations=31 (full 0):
 garbage-first heap   total 219136K, used 80780K [0x00000000c0000000, 0x0000000100000000)
  region size 1024K, 4 young (4096K), 4 survivors (4096K)
 Metaspace       used 45711K, committed 46144K, reserved 1114112K
  class space    used 5929K, committed 6144K, reserved 1048576K
}
Event: 47.150 GC heap before
{Heap before GC invocations=31 (full 0):
 garbage-first heap   total 219136K, used 157580K [0x00000000c0000000, 0x0000000100000000)
  region size 1024K, 80 young (81920K), 4 survivors (4096K)
 Metaspace       used 45805K, committed 46208K, reserved 1114112K
  class space    used 5939K, committed 6144K, reserved 1048576K
}
Event: 47.173 GC heap after
{Heap after GC invocations=32 (full 0):
 garbage-first heap   total 219136K, used 83560K [0x00000000c0000000, 0x0000000100000000)
  region size 1024K, 6 young (6144K), 6 survivors (6144K)
 Metaspace       used 45805K, committed 46208K, reserved 1114112K
  class space    used 5939K, committed 6144K, reserved 1048576K
}
Event: 47.735 GC heap before
{Heap before GC invocations=32 (full 0):
 garbage-first heap   total 219136K, used 164456K [0x00000000c0000000, 0x0000000100000000)
  region size 1024K, 86 young (88064K), 6 survivors (6144K)
 Metaspace       used 45968K, committed 46336K, reserved 1114112K
  class space    used 5968K, committed 6144K, reserved 1048576K
}

Dll operation events (8 events):
Event: 0.056 Loaded shared library c:\Users\enry_\.vscode\extensions\redhat.java-1.18.0-win32-x64\jre\17.0.7-win32-x86_64\bin\java.dll
Event: 1.496 Loaded shared library C:\Users\enry_\.vscode\extensions\redhat.java-1.18.0-win32-x64\jre\17.0.7-win32-x86_64\bin\net.dll
Event: 1.507 Loaded shared library C:\Users\enry_\.vscode\extensions\redhat.java-1.18.0-win32-x64\jre\17.0.7-win32-x86_64\bin\nio.dll
Event: 1.535 Loaded shared library C:\Users\enry_\.vscode\extensions\redhat.java-1.18.0-win32-x64\jre\17.0.7-win32-x86_64\bin\zip.dll
Event: 2.555 Loaded shared library C:\Users\enry_\.vscode\extensions\redhat.java-1.18.0-win32-x64\jre\17.0.7-win32-x86_64\bin\jimage.dll
Event: 25.961 Loaded shared library C:\Users\enry_\.vscode\extensions\redhat.java-1.18.0-win32-x64\jre\17.0.7-win32-x86_64\bin\management.dll
Event: 25.980 Loaded shared library C:\Users\enry_\.vscode\extensions\redhat.java-1.18.0-win32-x64\jre\17.0.7-win32-x86_64\bin\management_ext.dll
Event: 42.520 Loaded shared library C:\Users\enry_\.vscode\extensions\redhat.java-1.18.0-win32-x64\jre\17.0.7-win32-x86_64\bin\sunmscapi.dll

Deoptimization events (12 events):
Event: 13.540 Thread 0x0000021366fa8b20 DEOPT PACKING pc=0x000002136b873d99 sp=0x000000a009bfd4f0
Event: 13.540 Thread 0x0000021366fa8b20 DEOPT UNPACKING pc=0x000002136b457143 sp=0x000000a009bfc9d0 mode 3
Event: 35.540 Thread 0x0000021378bd6360 DEOPT PACKING pc=0x000002136b9f4fb5 sp=0x000000a00adfd220
Event: 35.540 Thread 0x0000021378bd6360 DEOPT UNPACKING pc=0x000002136b457143 sp=0x000000a00adfc738 mode 3
Event: 35.696 Thread 0x0000021378fb4a50 DEOPT PACKING pc=0x000002136b875101 sp=0x000000a00b5fdbe0
Event: 35.696 Thread 0x0000021378fb4a50 DEOPT UNPACKING pc=0x000002136b457143 sp=0x000000a00b5fd070 mode 3
Event: 35.710 Thread 0x0000021378bd6360 DEOPT PACKING pc=0x000002136b871d97 sp=0x000000a00adfee90
Event: 35.710 Thread 0x0000021378bd6360 DEOPT UNPACKING pc=0x000002136b457143 sp=0x000000a00adfe2e8 mode 3
Event: 37.039 Thread 0x0000021378a83910 DEOPT PACKING pc=0x000002136b9d56ab sp=0x000000a00bafe8a0
Event: 37.039 Thread 0x0000021378a83910 DEOPT UNPACKING pc=0x000002136b457143 sp=0x000000a00bafdde8 mode 3
Event: 42.333 Thread 0x0000021379ad01d0 DEOPT PACKING pc=0x000002136b56a28c sp=0x000000a00c8fe5f0
Event: 42.334 Thread 0x0000021379ad01d0 DEOPT UNPACKING pc=0x000002136b457143 sp=0x000000a00c8fdab8 mode 0

Classes unloaded (20 events):
Event: 39.295 Thread 0x000002137345ef80 Unloading class 0x000000010039cc00 'java/lang/invoke/LambdaForm$MH+0x000000010039cc00'
Event: 39.295 Thread 0x000002137345ef80 Unloading class 0x000000010039c800 'java/lang/invoke/LambdaForm$MH+0x000000010039c800'
Event: 39.295 Thread 0x000002137345ef80 Unloading class 0x000000010039c400 'java/lang/invoke/LambdaForm$MH+0x000000010039c400'
Event: 39.295 Thread 0x000002137345ef80 Unloading class 0x0000000100374800 'java/lang/invoke/LambdaForm$DMH+0x0000000100374800'
Event: 39.295 Thread 0x000002137345ef80 Unloading class 0x0000000100374000 'java/lang/invoke/LambdaForm$DMH+0x0000000100374000'
Event: 39.295 Thread 0x000002137345ef80 Unloading class 0x000000010035e000 'java/lang/invoke/LambdaForm$MH+0x000000010035e000'
Event: 39.295 Thread 0x000002137345ef80 Unloading class 0x000000010035d000 'java/lang/invoke/LambdaForm$MH+0x000000010035d000'
Event: 39.295 Thread 0x000002137345ef80 Unloading class 0x000000010035cc00 'java/lang/invoke/LambdaForm$MH+0x000000010035cc00'
Event: 39.295 Thread 0x000002137345ef80 Unloading class 0x0000000100353c00 'java/lang/invoke/LambdaForm$MH+0x0000000100353c00'
Event: 39.295 Thread 0x000002137345ef80 Unloading class 0x0000000100353800 'java/lang/invoke/LambdaForm$MH+0x0000000100353800'
Event: 39.295 Thread 0x000002137345ef80 Unloading class 0x0000000100351400 'java/lang/invoke/LambdaForm$DMH+0x0000000100351400'
Event: 39.296 Thread 0x000002137345ef80 Unloading class 0x0000000100350c00 'java/lang/invoke/LambdaForm$DMH+0x0000000100350c00'
Event: 39.296 Thread 0x000002137345ef80 Unloading class 0x0000000100350400 'java/lang/invoke/LambdaForm$DMH+0x0000000100350400'
Event: 39.296 Thread 0x000002137345ef80 Unloading class 0x000000010034f400 'java/lang/invoke/LambdaForm$MH+0x000000010034f400'
Event: 39.296 Thread 0x000002137345ef80 Unloading class 0x000000010034e000 'java/lang/invoke/LambdaForm$MH+0x000000010034e000'
Event: 39.296 Thread 0x000002137345ef80 Unloading class 0x000000010034dc00 'java/lang/invoke/LambdaForm$MH+0x000000010034dc00'
Event: 39.296 Thread 0x000002137345ef80 Unloading class 0x000000010034d800 'java/lang/invoke/LambdaForm$MH+0x000000010034d800'
Event: 39.296 Thread 0x000002137345ef80 Unloading class 0x000000010034d400 'java/lang/invoke/LambdaForm$MH+0x000000010034d400'
Event: 39.296 Thread 0x000002137345ef80 Unloading class 0x000000010034c000 'java/lang/invoke/LambdaForm$DMH+0x000000010034c000'
Event: 39.296 Thread 0x000002137345ef80 Unloading class 0x000000010021a800 'java/lang/invoke/LambdaForm$MH+0x000000010021a800'

Classes redefined (0 events):
No events

Internal exceptions (20 events):
Event: 39.047 Thread 0x0000021378a83440 Exception <a 'sun/nio/fs/WindowsException'{0x00000000c2ca9d58}> (0x00000000c2ca9d58) 
thrown [s\src\hotspot\share\prims\jni.cpp, line 516]
Event: 39.049 Thread 0x0000021378a83440 Exception <a 'sun/nio/fs/WindowsException'{0x00000000c2cac578}> (0x00000000c2cac578) 
thrown [s\src\hotspot\share\prims\jni.cpp, line 516]
Event: 39.050 Thread 0x0000021378a83440 Exception <a 'sun/nio/fs/WindowsException'{0x00000000c2b00fa0}> (0x00000000c2b00fa0) 
thrown [s\src\hotspot\share\prims\jni.cpp, line 516]
Event: 39.057 Thread 0x0000021378a85120 Exception <a 'sun/nio/fs/WindowsException'{0x00000000c2b7cd20}> (0x00000000c2b7cd20) 
thrown [s\src\hotspot\share\prims\jni.cpp, line 516]
Event: 39.689 Thread 0x0000021378bd6360 Exception <a 'java/lang/NoSuchMethodError'{0x00000000c4e84700}: 'java.lang.Object java.lang.invoke.Invokers$Holder.invoke_MT(java.lang.Object, java.lang.Object, java.lang.Object)'> (0x00000000c4e84700) 
thrown [s\src\hotspot\share\interpreter\linkResolver.cpp, line 759]
Event: 40.890 Thread 0x0000021378bd6360 Exception <a 'java/lang/NoSuchMethodError'{0x00000000c52ad0a8}: 'java.lang.Object java.lang.invoke.DirectMethodHandle$Holder.newInvokeSpecial(java.lang.Object, java.lang.Object, int)'> (0x00000000c52ad0a8) 
thrown [s\src\hotspot\share\interpreter\linkResolver.cpp, line 759]
Event: 41.566 Thread 0x0000021378a82100 Exception <a 'sun/nio/fs/WindowsException'{0x00000000c4f75528}> (0x00000000c4f75528) 
thrown [s\src\hotspot\share\prims\jni.cpp, line 516]
Event: 41.568 Thread 0x0000021378a82100 Exception <a 'sun/nio/fs/WindowsException'{0x00000000c4f760e0}> (0x00000000c4f760e0) 
thrown [s\src\hotspot\share\prims\jni.cpp, line 516]
Event: 41.568 Thread 0x0000021378a82100 Exception <a 'sun/nio/fs/WindowsException'{0x00000000c4f76c48}> (0x00000000c4f76c48) 
thrown [s\src\hotspot\share\prims\jni.cpp, line 516]
Event: 41.568 Thread 0x0000021378a82100 Exception <a 'sun/nio/fs/WindowsException'{0x00000000c4f778c8}> (0x00000000c4f778c8) 
thrown [s\src\hotspot\share\prims\jni.cpp, line 516]
Event: 41.568 Thread 0x0000021378a82100 Exception <a 'sun/nio/fs/WindowsException'{0x00000000c4f785c8}> (0x00000000c4f785c8) 
thrown [s\src\hotspot\share\prims\jni.cpp, line 516]
Event: 41.577 Thread 0x0000021378a82100 Exception <a 'sun/nio/fs/WindowsException'{0x00000000c4f9ba00}> (0x00000000c4f9ba00) 
thrown [s\src\hotspot\share\prims\jni.cpp, line 516]
Event: 41.577 Thread 0x0000021378a82100 Exception <a 'sun/nio/fs/WindowsException'{0x00000000c4f9c5b8}> (0x00000000c4f9c5b8) 
thrown [s\src\hotspot\share\prims\jni.cpp, line 516]
Event: 41.586 Thread 0x0000021378a82100 Exception <a 'sun/nio/fs/WindowsException'{0x00000000c4f9d120}> (0x00000000c4f9d120) 
thrown [s\src\hotspot\share\prims\jni.cpp, line 516]
Event: 41.587 Thread 0x0000021378a82100 Exception <a 'sun/nio/fs/WindowsException'{0x00000000c4f9dda0}> (0x00000000c4f9dda0) 
thrown [s\src\hotspot\share\prims\jni.cpp, line 516]
Event: 41.588 Thread 0x0000021378a82100 Exception <a 'sun/nio/fs/WindowsException'{0x00000000c4f9eaa0}> (0x00000000c4f9eaa0) 
thrown [s\src\hotspot\share\prims\jni.cpp, line 516]
Event: 41.640 Thread 0x0000021378a82100 Exception <a 'sun/nio/fs/WindowsException'{0x00000000c4e0b8a0}> (0x00000000c4e0b8a0) 
thrown [s\src\hotspot\share\prims\jni.cpp, line 516]
Event: 41.783 Thread 0x0000021379ad01d0 Exception <a 'java/lang/NoSuchMethodError'{0x00000000c4d71740}: 'void java.lang.invoke.DirectMethodHandle$Holder.invokeVirtual(java.lang.Object, java.lang.Object, java.lang.Object, java.lang.Object)'> (0x00000000c4d71740) 
thrown [s\src\hotspot\share\interpreter\linkResolver.cpp, line 759]
Event: 42.631 Thread 0x0000021379ad01d0 Exception <a 'sun/nio/fs/WindowsException'{0x00000000c48a5d50}> (0x00000000c48a5d50) 
thrown [s\src\hotspot\share\prims\jni.cpp, line 516]
Event: 42.661 Thread 0x0000021379ad01d0 Exception <a 'java/lang/NoSuchMethodError'{0x00000000c48cd9a8}: 'int java.lang.invoke.DirectMethodHandle$Holder.invokeStaticInit(java.lang.Object, java.lang.Object, java.lang.Object, java.lang.Object)'> (0x00000000c48cd9a8) 
thrown [s\src\hotspot\share\interpreter\linkResolver.cpp, line 759]

VM Operations (20 events):
Event: 44.259 Executing VM operation: G1Concurrent done
Event: 44.333 Executing VM operation: G1Concurrent
Event: 44.496 Executing VM operation: G1Concurrent done
Event: 44.882 Executing VM operation: G1CollectForAllocation
Event: 45.403 Executing VM operation: G1CollectForAllocation done
Event: 45.429 Executing VM operation: G1CollectForAllocation
Event: 45.444 Executing VM operation: G1CollectForAllocation done
Event: 45.488 Executing VM operation: HandshakeAllThreads
Event: 45.521 Executing VM operation: HandshakeAllThreads done
Event: 45.862 Executing VM operation: HandshakeAllThreads
Event: 45.980 Executing VM operation: HandshakeAllThreads done
Event: 46.095 Executing VM operation: G1CollectForAllocation
Event: 46.207 Executing VM operation: G1CollectForAllocation done
Event: 46.533 Executing VM operation: G1CollectForAllocation
Event: 46.628 Executing VM operation: G1CollectForAllocation done
Event: 47.091 Executing VM operation: G1CollectForAllocation
Event: 47.133 Executing VM operation: G1CollectForAllocation done
Event: 47.133 Executing VM operation: G1CollectForAllocation
Event: 47.174 Executing VM operation: G1CollectForAllocation done
Event: 47.688 Executing VM operation: G1CollectForAllocation

Events (20 events):
Event: 46.387 loading class sun/security/provider/certpath/CertId
Event: 46.387 loading class sun/security/provider/certpath/CertId done
Event: 46.388 loading class sun/security/provider/certpath/OCSP$RevocationStatus$CertStatus
Event: 46.388 loading class sun/security/provider/certpath/OCSP$RevocationStatus$CertStatus done
Event: 46.391 loading class java/security/cert/CertificateParsingException
Event: 46.391 loading class java/security/cert/CertificateParsingException done
Event: 46.405 loading class sun/security/ssl/CertificateVerify$T13CertificateVerifyMessage
Event: 46.408 loading class sun/security/ssl/CertificateVerify$T13CertificateVerifyMessage done
Event: 46.412 loading class sun/security/rsa/MGF1
Event: 46.414 loading class sun/security/rsa/MGF1 done
Event: 46.414 loading class sun/security/ssl/SSLBasicKeyDerivation
Event: 46.415 loading class sun/security/ssl/SSLBasicKeyDerivation done
Event: 46.415 loading class sun/security/ssl/SSLBasicKeyDerivation$SecretSizeSpec
Event: 46.415 loading class sun/security/ssl/SSLBasicKeyDerivation$SecretSizeSpec done
Event: 46.422 Thread 0x0000021379ace4f0 Thread added: 0x0000021379ace4f0
Event: 46.693 Thread 0x0000021379ace4f0 Thread exited: 0x0000021379ace4f0
Event: 46.703 loading class sun/security/ssl/PostHandshakeContext
Event: 46.723 loading class sun/security/ssl/PostHandshakeContext done
Event: 46.728 loading class sun/security/ssl/NewSessionTicket$T13NewSessionTicketMessage
Event: 46.729 loading class sun/security/ssl/NewSessionTicket$T13NewSessionTicketMessage done


Dynamic libraries:
0x00007ff7e95e0000 - 0x00007ff7e95ee000 	c:\Users\enry_\.vscode\extensions\redhat.java-1.18.0-win32-x64\jre\17.0.7-win32-x86_64\bin\java.exe
0x00007ffd8b890000 - 0x00007ffd8ba88000 	C:\WINDOWS\SYSTEM32\ntdll.dll
0x00007ffd76bf0000 - 0x00007ffd76c09000 	C:\Program Files\AVAST Software\Avast\aswhook.dll
0x00007ffd89aa0000 - 0x00007ffd89b5f000 	C:\WINDOWS\System32\KERNEL32.DLL
0x00007ffd89610000 - 0x00007ffd898ea000 	C:\WINDOWS\System32\KERNELBASE.dll
0x00007ffd891d0000 - 0x00007ffd892d0000 	C:\WINDOWS\System32\ucrtbase.dll
0x00007ffd5e710000 - 0x00007ffd5e727000 	c:\Users\enry_\.vscode\extensions\redhat.java-1.18.0-win32-x64\jre\17.0.7-win32-x86_64\bin\jli.dll
0x00007ffd89fe0000 - 0x00007ffd8a17d000 	C:\WINDOWS\System32\USER32.dll
0x00007ffd88fa0000 - 0x00007ffd88fc2000 	C:\WINDOWS\System32\win32u.dll
0x00007ffd8a510000 - 0x00007ffd8a53b000 	C:\WINDOWS\System32\GDI32.dll
0x00007ffd890c0000 - 0x00007ffd891d0000 	C:\WINDOWS\System32\gdi32full.dll
0x00007ffd89570000 - 0x00007ffd8960d000 	C:\WINDOWS\System32\msvcp_win.dll
0x00007ffd5db30000 - 0x00007ffd5db49000 	c:\Users\enry_\.vscode\extensions\redhat.java-1.18.0-win32-x64\jre\17.0.7-win32-x86_64\bin\VCRUNTIME140.dll
0x00007ffd77b50000 - 0x00007ffd77dea000 	C:\WINDOWS\WinSxS\amd64_microsoft.windows.common-controls_6595b64144ccf1df_6.0.19041.1110_none_60b5254171f9507e\COMCTL32.dll
0x00007ffd8a470000 - 0x00007ffd8a50e000 	C:\WINDOWS\System32\msvcrt.dll
0x00007ffd8b7a0000 - 0x00007ffd8b7d0000 	C:\WINDOWS\System32\IMM32.DLL
0x00007ffd6e1f0000 - 0x00007ffd6e1fc000 	c:\Users\enry_\.vscode\extensions\redhat.java-1.18.0-win32-x64\jre\17.0.7-win32-x86_64\bin\vcruntime140_1.dll
0x00007ffd4c020000 - 0x00007ffd4c0b1000 	c:\Users\enry_\.vscode\extensions\redhat.java-1.18.0-win32-x64\jre\17.0.7-win32-x86_64\bin\msvcp140.dll
0x00007ffd37be0000 - 0x00007ffd38828000 	c:\Users\enry_\.vscode\extensions\redhat.java-1.18.0-win32-x64\jre\17.0.7-win32-x86_64\bin\server\jvm.dll
0x00007ffd8a360000 - 0x00007ffd8a40e000 	C:\WINDOWS\System32\ADVAPI32.dll
0x00007ffd899d0000 - 0x00007ffd89a6c000 	C:\WINDOWS\System32\sechost.dll
0x00007ffd8b670000 - 0x00007ffd8b796000 	C:\WINDOWS\System32\RPCRT4.dll
0x00007ffd876c0000 - 0x00007ffd876c9000 	C:\WINDOWS\SYSTEM32\WSOCK32.dll
0x00007ffd8aaa0000 - 0x00007ffd8ab0b000 	C:\WINDOWS\System32\WS2_32.dll
0x00007ffd85610000 - 0x00007ffd85637000 	C:\WINDOWS\SYSTEM32\WINMM.dll
0x00007ffd7ec60000 - 0x00007ffd7ec6a000 	C:\WINDOWS\SYSTEM32\VERSION.dll
0x00007ffd877d0000 - 0x00007ffd877e2000 	C:\WINDOWS\SYSTEM32\kernel.appcore.dll
0x00007ffd6dfc0000 - 0x00007ffd6dfca000 	c:\Users\enry_\.vscode\extensions\redhat.java-1.18.0-win32-x64\jre\17.0.7-win32-x86_64\bin\jimage.dll
0x00007ffd86d00000 - 0x00007ffd86ee4000 	C:\WINDOWS\SYSTEM32\DBGHELP.DLL
0x00007ffd7e350000 - 0x00007ffd7e384000 	C:\WINDOWS\SYSTEM32\dbgcore.DLL
0x00007ffd892d0000 - 0x00007ffd89352000 	C:\WINDOWS\System32\bcryptPrimitives.dll
0x00007ffd5d300000 - 0x00007ffd5d325000 	c:\Users\enry_\.vscode\extensions\redhat.java-1.18.0-win32-x64\jre\17.0.7-win32-x86_64\bin\java.dll
0x00007ffd5d560000 - 0x00007ffd5d578000 	c:\Users\enry_\.vscode\extensions\redhat.java-1.18.0-win32-x64\jre\17.0.7-win32-x86_64\bin\zip.dll
0x00007ffd8af20000 - 0x00007ffd8b664000 	C:\WINDOWS\System32\SHELL32.dll
0x00007ffd86ef0000 - 0x00007ffd87683000 	C:\WINDOWS\SYSTEM32\windows.storage.dll
0x00007ffd8ab10000 - 0x00007ffd8ae64000 	C:\WINDOWS\System32\combase.dll
0x00007ffd88a00000 - 0x00007ffd88a2e000 	C:\WINDOWS\SYSTEM32\Wldp.dll
0x00007ffd89b60000 - 0x00007ffd89c0d000 	C:\WINDOWS\System32\SHCORE.dll
0x00007ffd8a410000 - 0x00007ffd8a465000 	C:\WINDOWS\System32\shlwapi.dll
0x00007ffd88ee0000 - 0x00007ffd88eff000 	C:\WINDOWS\SYSTEM32\profapi.dll
0x00007ffd5ae50000 - 0x00007ffd5ae69000 	C:\Users\enry_\.vscode\extensions\redhat.java-1.18.0-win32-x64\jre\17.0.7-win32-x86_64\bin\net.dll
0x00007ffd79540000 - 0x00007ffd7964a000 	C:\WINDOWS\SYSTEM32\WINHTTP.dll
0x00007ffd88760000 - 0x00007ffd887ca000 	C:\WINDOWS\system32\mswsock.dll
0x00007ffd5ae30000 - 0x00007ffd5ae45000 	C:\Users\enry_\.vscode\extensions\redhat.java-1.18.0-win32-x64\jre\17.0.7-win32-x86_64\bin\nio.dll
0x00007ffd88960000 - 0x00007ffd88978000 	C:\WINDOWS\SYSTEM32\CRYPTSP.dll
0x00007ffd87fa0000 - 0x00007ffd87fd4000 	C:\WINDOWS\system32\rsaenh.dll
0x00007ffd89040000 - 0x00007ffd89067000 	C:\WINDOWS\System32\bcrypt.dll
0x00007ffd88e60000 - 0x00007ffd88e8e000 	C:\WINDOWS\SYSTEM32\USERENV.dll
0x00007ffd88950000 - 0x00007ffd8895c000 	C:\WINDOWS\SYSTEM32\CRYPTBASE.dll
0x00007ffd88400000 - 0x00007ffd8843c000 	C:\WINDOWS\SYSTEM32\IPHLPAPI.DLL
0x00007ffd89a70000 - 0x00007ffd89a78000 	C:\WINDOWS\System32\NSI.dll
0x00007ffd79830000 - 0x00007ffd79847000 	C:\WINDOWS\SYSTEM32\dhcpcsvc6.DLL
0x00007ffd79bb0000 - 0x00007ffd79bcd000 	C:\WINDOWS\SYSTEM32\dhcpcsvc.DLL
0x00007ffd88440000 - 0x00007ffd8850b000 	C:\WINDOWS\SYSTEM32\DNSAPI.dll
0x00007ffd86430000 - 0x00007ffd86439000 	C:\Users\enry_\.vscode\extensions\redhat.java-1.18.0-win32-x64\jre\17.0.7-win32-x86_64\bin\management.dll
0x00007ffd81230000 - 0x00007ffd8123b000 	C:\Users\enry_\.vscode\extensions\redhat.java-1.18.0-win32-x64\jre\17.0.7-win32-x86_64\bin\management_ext.dll
0x00007ffd89c20000 - 0x00007ffd89c28000 	C:\WINDOWS\System32\PSAPI.DLL
0x00007ffd81080000 - 0x00007ffd8108e000 	C:\Users\enry_\.vscode\extensions\redhat.java-1.18.0-win32-x64\jre\17.0.7-win32-x86_64\bin\sunmscapi.dll
0x00007ffd89410000 - 0x00007ffd89566000 	C:\WINDOWS\System32\CRYPT32.dll
0x00007ffd88a70000 - 0x00007ffd88a98000 	C:\WINDOWS\SYSTEM32\ncrypt.dll
0x00007ffd88a30000 - 0x00007ffd88a6b000 	C:\WINDOWS\SYSTEM32\NTASN1.dll
0x00007ffd734f0000 - 0x00007ffd734fa000 	C:\Windows\System32\rasadhlp.dll
0x00007ffd73700000 - 0x00007ffd73780000 	C:\WINDOWS\System32\fwpuclnt.dll

dbghelp: loaded successfully - version: 4.0.5 - missing functions: none
symbol engine: initialized successfully - sym options: 0x614 - pdb path: .;c:\Users\enry_\.vscode\extensions\redhat.java-1.18.0-win32-x64\jre\17.0.7-win32-x86_64\bin;C:\WINDOWS\SYSTEM32;C:\Program Files\AVAST Software\Avast;C:\WINDOWS\WinSxS\amd64_microsoft.windows.common-controls_6595b64144ccf1df_6.0.19041.1110_none_60b5254171f9507e;c:\Users\enry_\.vscode\extensions\redhat.java-1.18.0-win32-x64\jre\17.0.7-win32-x86_64\bin\server

VM Arguments:
jvm_args: -XX:+HeapDumpOnOutOfMemoryError -Xmx1024m -Dsts.lsp.client=vscode -Dsts.log.file=/dev/null -XX:TieredStopAtLevel=1 -Xlog:jni+resolve=off -Dspring.config.location=file:c:\Users\enry_\.vscode\extensions\vmware.vscode-spring-boot-1.45.0\language-server\BOOT-INF\classes\application.properties 
java_command: org.springframework.ide.vscode.boot.app.BootLanguageServerBootApp
java_class_path (initial): c:\Users\enry_\.vscode\extensions\vmware.vscode-spring-boot-1.45.0\language-server\BOOT-INF\classes;c:\Users\enry_\.vscode\extensions\vmware.vscode-spring-boot-1.45.0\language-server\BOOT-INF\lib\annotations-24.0.1.jar;c:\Users\enry_\.vscode\extensions\vmware.vscode-spring-boot-1.45.0\language-server\BOOT-INF\lib\ant-1.10.13.jar;c:\Users\enry_\.vscode\extensions\vmware.vscode-spring-boot-1.45.0\language-server\BOOT-INF\lib\ant-launcher-1.10.13.jar;c:\Users\enry_\.vscode\extensions\vmware.vscode-spring-boot-1.45.0\language-server\BOOT-INF\lib\antlr-runtime-3.5.3.jar;c:\Users\enry_\.vscode\extensions\vmware.vscode-spring-boot-1.45.0\language-server\BOOT-INF\lib\antlr4-4.11.1.jar;c:\Users\enry_\.vscode\extensions\vmware.vscode-spring-boot-1.45.0\language-server\BOOT-INF\lib\antlr4-runtime-4.11.1.jar;c:\Users\enry_\.vscode\extensions\vmware.vscode-spring-boot-1.45.0\language-server\BOOT-INF\lib\asm-9.4.jar;c:\Users\enry_\.vscode\extensions\vmware.vscode-spring-boot-1.45.0\language-server\BOOT-INF\lib\asm-analysis-9.4.jar;c:\Users\enry_\.vscode\extensions\vmware.vscode-spring-boot-1.45.0\language-server\BOOT-INF\lib\asm-tree-9.4.jar;c:\Users\enry_\.vscode\extensions\vmware.vscode-spring-boot-1.45.0\language-server\BOOT-INF\lib\asm-util-9.4.jar;c:\Users\enry_\.vscode\extensions\vmware.vscode-spring-boot-1.45.0\language-server\BOOT-INF\lib\caffeine-3.1.2.jar;c:\Users\enry_\.vscode\extensions\vmware.vscode-spring-boot-1.45.0\language-server\BOOT-INF\lib\checker-qual-3.12.0.jar;c:\Users\enry_\.vscode\extensions\vmware.vscode-spring-boot-1.45.0\language-server\BOOT-INF\lib\classgraph-4.8.149.jar;c:\Users\enry_\.vscode\extensions\vmware.vscode-spring-boot-1.45.0\language-server\BOOT-INF\lib\commons-codec-1.15.jar;c:\Users\enry_\.vscode\extensions\vmware.vscode-spring-boot-1.45.0\language-server\BOOT-INF\lib\commons-compress-1.22.jar;c:\Users\enry_\.vscode\extensions\vmware.vscode-spring-boot-1.45.0\language-server\BOOT-INF\lib\commons-io-2.4.jar;c:
Launcher Type: SUN_STANDARD

[Global flags]
     intx CICompilerCount                          = 3                                         {product} {ergonomic}
     uint ConcGCThreads                            = 1                                         {product} {ergonomic}
     uint G1ConcRefinementThreads                  = 4                                         {product} {ergonomic}
   size_t G1HeapRegionSize                         = 1048576                                   {product} {ergonomic}
    uintx GCDrainStackTargetSize                   = 64                                        {product} {ergonomic}
     bool HeapDumpOnOutOfMemoryError               = true                                   {manageable} {command line}
   size_t InitialHeapSize                          = 65011712                                  {product} {ergonomic}
   size_t MarkStackSize                            = 4194304                                   {product} {ergonomic}
   size_t MaxHeapSize                              = 1073741824                                {product} {command line}
   size_t MaxNewSize                               = 643825664                                 {product} {ergonomic}
   size_t MinHeapDeltaBytes                        = 1048576                                   {product} {ergonomic}
   size_t MinHeapSize                              = 8388608                                   {product} {ergonomic}
    uintx NonProfiledCodeHeapSize                  = 0                                      {pd product} {ergonomic}
     bool ProfileInterpreter                       = false                                  {pd product} {command line}
    uintx ProfiledCodeHeapSize                     = 0                                      {pd product} {ergonomic}
   size_t SoftMaxHeapSize                          = 1073741824                             {manageable} {ergonomic}
     intx TieredStopAtLevel                        = 1                                         {product} {command line}
     bool UseCompressedClassPointers               = true                           {product lp64_product} {ergonomic}
     bool UseCompressedOops                        = true                           {product lp64_product} {ergonomic}
     bool UseG1GC                                  = true                                      {product} {ergonomic}
     bool UseLargePagesIndividualAllocation        = false                                  {pd product} {ergonomic}

Logging:
Log output configuration:
 #0: stdout all=warning,jni+resolve=off uptime,level,tags
 #1: stderr all=off uptime,level,tags

Environment Variables:
JAVA_HOME=C:\Program Files\Java\jdk-20
PATH=C:\Program Files\Common Files\Oracle\Java\javapath;C:\Program Files (x86)\Common Files\Oracle\Java\javapath;C:\WINDOWS\system32;C:\WINDOWS;C:\WINDOWS\System32\Wbem;C:\WINDOWS\System32\WindowsPowerShell\v1.0\;C:\WINDOWS\System32\OpenSSH\;C:\Program Files\Microsoft SQL Server\150\Tools\Binn\;C:\Program Files\apache-maven-3.8.8\bin;C:\Program Files\Git\cmd;C:\Program Files\nodejs\;C:\Users\enry_\AppData\Roaming\npm
USERNAME=enry_
OS=Windows_NT
PROCESSOR_IDENTIFIER=Intel64 Family 6 Model 69 Stepping 1, GenuineIntel
TMP=C:\Users\enry_\AppData\Local\Temp
TEMP=C:\Users\enry_\AppData\Local\Temp



---------------  S Y S T E M  ---------------

OS:
 Windows 10 , 64 bit Build 19041 (10.0.19041.2788)
OS uptime: 8 days 4:14 hours

CPU: total 4 (initial active 4) (2 cores per cpu, 2 threads per core) family 6 model 69 stepping 1 microcode 0x25, cx8, cmov, fxsr, ht, mmx, sse, sse2, sse3, ssse3, sse4.1, sse4.2, popcnt, lzcnt, tsc, tscinvbit, avx, avx2, aes, erms, clmul, bmi1, bmi2, fma, vzeroupper, clflush

Memory: 4k page, system-wide physical 3961M (178M free)
TotalPageFile size 13364M (AvailPageFile size 162M)
current process WorkingSet (physical memory assigned to process): 196M, peak: 230M
current process commit charge ("private bytes"): 357M, peak: 519M

vm_info: OpenJDK 64-Bit Server VM (17.0.7+7) for windows-amd64 JRE (17.0.7+7), built on Apr 18 2023 22:10:42 by "temurin" with MS VC++ 16.7 (VS2019)

END.
